<?xml version="1.0" encoding="UTF-8"?>
<coverage generated="1704726783613" clover="3.2.0">
  <project timestamp="1704726783613" name="All files">
    <metrics statements="1651" coveredstatements="1408" conditionals="496" coveredconditionals="362" methods="191" coveredmethods="165" elements="2338" coveredelements="1935" complexity="0" loc="1651" ncloc="1651" packages="7" files="18" classes="18"/>
    <package name="back_end">
      <metrics statements="72" coveredstatements="57" conditionals="0" coveredconditionals="0" methods="13" coveredmethods="4"/>
      <file name="index.js" path="/Users/Francesco/Documents/git/t6-playf3/code/back_end/index.js">
        <metrics statements="72" coveredstatements="57" conditionals="0" coveredconditionals="0" methods="13" coveredmethods="4"/>
        <line num="1" count="3" type="stmt"/>
        <line num="2" count="3" type="stmt"/>
        <line num="3" count="3" type="stmt"/>
        <line num="4" count="3" type="stmt"/>
        <line num="5" count="3" type="stmt"/>
        <line num="6" count="3" type="stmt"/>
        <line num="7" count="3" type="stmt"/>
        <line num="8" count="3" type="stmt"/>
        <line num="9" count="3" type="stmt"/>
        <line num="12" count="3" type="stmt"/>
        <line num="13" count="3" type="stmt"/>
        <line num="14" count="3" type="stmt"/>
        <line num="16" count="3" type="stmt"/>
        <line num="22" count="3" type="stmt"/>
        <line num="24" count="3" type="stmt"/>
        <line num="25" count="3" type="stmt"/>
        <line num="26" count="3" type="stmt"/>
        <line num="27" count="3" type="stmt"/>
        <line num="29" count="3" type="stmt"/>
        <line num="36" count="3" type="stmt"/>
        <line num="44" count="3" type="stmt"/>
        <line num="46" count="3" type="stmt"/>
        <line num="48" count="3" type="stmt"/>
        <line num="50" count="3" type="stmt"/>
        <line num="51" count="3" type="stmt"/>
        <line num="52" count="3" type="stmt"/>
        <line num="54" count="3" type="stmt"/>
        <line num="56" count="3" type="stmt"/>
        <line num="75" count="3" type="stmt"/>
        <line num="77" count="3" type="stmt"/>
        <line num="92" count="3" type="stmt"/>
        <line num="96" count="3" type="stmt"/>
        <line num="102" count="3" type="stmt"/>
        <line num="105" count="3" type="stmt"/>
        <line num="107" count="3" type="stmt"/>
        <line num="108" count="3" type="stmt"/>
        <line num="110" count="3" type="stmt"/>
        <line num="111" count="3" type="stmt"/>
        <line num="113" count="3" type="stmt"/>
        <line num="114" count="6" type="stmt"/>
        <line num="115" count="11" type="stmt"/>
        <line num="120" count="3" type="stmt"/>
        <line num="123" count="0" type="stmt"/>
        <line num="124" count="0" type="stmt"/>
        <line num="125" count="0" type="stmt"/>
        <line num="126" count="0" type="stmt"/>
        <line num="129" count="3" type="stmt"/>
        <line num="130" count="0" type="stmt"/>
        <line num="133" count="3" type="stmt"/>
        <line num="134" count="0" type="stmt"/>
        <line num="137" count="3" type="stmt"/>
        <line num="138" count="0" type="stmt"/>
        <line num="141" count="3" type="stmt"/>
        <line num="142" count="0" type="stmt"/>
        <line num="145" count="3" type="stmt"/>
        <line num="146" count="0" type="stmt"/>
        <line num="150" count="3" type="stmt"/>
        <line num="151" count="0" type="stmt"/>
        <line num="152" count="0" type="stmt"/>
        <line num="155" count="3" type="stmt"/>
        <line num="156" count="0" type="stmt"/>
        <line num="157" count="0" type="stmt"/>
        <line num="160" count="3" type="stmt"/>
        <line num="161" count="0" type="stmt"/>
        <line num="162" count="0" type="stmt"/>
        <line num="165" count="3" type="stmt"/>
        <line num="166" count="3" type="stmt"/>
        <line num="169" count="3" type="stmt"/>
        <line num="170" count="3" type="stmt"/>
        <line num="175" count="3" type="stmt"/>
        <line num="176" count="3" type="stmt"/>
        <line num="179" count="3" type="stmt"/>
      </file>
    </package>
    <package name="back_end.config">
      <metrics statements="13" coveredstatements="13" conditionals="12" coveredconditionals="9" methods="1" coveredmethods="1"/>
      <file name="dbConn.js" path="/Users/Francesco/Documents/git/t6-playf3/code/back_end/config/dbConn.js">
        <metrics statements="11" coveredstatements="11" conditionals="12" coveredconditionals="9" methods="1" coveredmethods="1"/>
        <line num="2" count="9" type="stmt"/>
        <line num="3" count="9" type="stmt"/>
        <line num="7" count="731" type="cond" truecount="4" falsecount="0"/>
        <line num="8" count="722" type="cond" truecount="2" falsecount="0"/>
        <line num="9" count="721" type="stmt"/>
        <line num="11" count="1" type="stmt"/>
        <line num="13" count="10" type="stmt"/>
        <line num="20" count="10" type="stmt"/>
        <line num="21" count="10" type="stmt"/>
        <line num="22" count="10" type="stmt"/>
        <line num="25" count="9" type="stmt"/>
      </file>
      <file name="playf3.js" path="/Users/Francesco/Documents/git/t6-playf3/code/back_end/config/playf3.js">
        <metrics statements="2" coveredstatements="2" conditionals="0" coveredconditionals="0" methods="0" coveredmethods="0"/>
        <line num="2" count="10" type="stmt"/>
        <line num="89" count="10" type="stmt"/>
      </file>
    </package>
    <package name="back_end.controllers">
      <metrics statements="869" coveredstatements="670" conditionals="322" coveredconditionals="215" methods="76" coveredmethods="61"/>
      <file name="Controller.js" path="/Users/Francesco/Documents/git/t6-playf3/code/back_end/controllers/Controller.js">
        <metrics statements="29" coveredstatements="29" conditionals="5" coveredconditionals="4" methods="8" coveredmethods="8"/>
        <line num="1" count="7" type="stmt"/>
        <line num="2" count="7" type="stmt"/>
        <line num="3" count="7" type="stmt"/>
        <line num="4" count="7" type="stmt"/>
        <line num="9" count="55" type="stmt"/>
        <line num="17" count="452" type="stmt"/>
        <line num="30" count="54" type="stmt"/>
        <line num="31" count="54" type="stmt"/>
        <line num="32" count="54" type="stmt"/>
        <line num="33" count="53" type="stmt"/>
        <line num="34" count="53" type="stmt"/>
        <line num="36" count="1" type="stmt"/>
        <line num="45" count="45" type="stmt"/>
        <line num="46" count="45" type="stmt"/>
        <line num="47" count="45" type="stmt"/>
        <line num="48" count="45" type="stmt"/>
        <line num="57" count="3" type="stmt"/>
        <line num="64" count="27" type="stmt"/>
        <line num="72" count="1" type="stmt"/>
        <line num="73" count="1" type="stmt"/>
        <line num="74" count="1" type="stmt"/>
        <line num="75" count="1" type="stmt"/>
        <line num="76" count="1" type="stmt"/>
        <line num="77" count="1" type="stmt"/>
        <line num="84" count="45" type="cond" truecount="2" falsecount="0"/>
        <line num="85" count="5" type="stmt"/>
        <line num="87" count="40" type="stmt"/>
        <line num="89" count="45" type="cond" truecount="1" falsecount="1"/>
        <line num="90" count="45" type="stmt"/>
      </file>
      <file name="MatchController.js" path="/Users/Francesco/Documents/git/t6-playf3/code/back_end/controllers/MatchController.js">
        <metrics statements="501" coveredstatements="402" conditionals="184" coveredconditionals="148" methods="30" coveredmethods="29"/>
        <line num="1" count="5" type="stmt"/>
        <line num="2" count="5" type="stmt"/>
        <line num="3" count="5" type="stmt"/>
        <line num="4" count="5" type="stmt"/>
        <line num="5" count="5" type="stmt"/>
        <line num="6" count="5" type="stmt"/>
        <line num="7" count="5" type="stmt"/>
        <line num="8" count="5" type="stmt"/>
        <line num="14" count="19" type="stmt"/>
        <line num="15" count="19" type="stmt"/>
        <line num="16" count="19" type="stmt"/>
        <line num="28" count="12" type="stmt"/>
        <line num="29" count="12" type="cond" truecount="2" falsecount="0"/>
        <line num="30" count="3" type="stmt"/>
        <line num="31" count="3" type="stmt"/>
        <line num="32" count="3" type="stmt"/>
        <line num="33" count="3" type="stmt"/>
        <line num="36" count="9" type="stmt"/>
        <line num="37" count="9" type="cond" truecount="1" falsecount="1"/>
        <line num="38" count="0" type="stmt"/>
        <line num="40" count="9" type="stmt"/>
        <line num="42" count="9" type="stmt"/>
        <line num="55" count="14" type="stmt"/>
        <line num="56" count="14" type="cond" truecount="2" falsecount="0"/>
        <line num="57" count="3" type="stmt"/>
        <line num="58" count="3" type="stmt"/>
        <line num="59" count="3" type="stmt"/>
        <line num="60" count="3" type="stmt"/>
        <line num="63" count="11" type="stmt"/>
        <line num="64" count="11" type="cond" truecount="2" falsecount="0"/>
        <line num="65" count="1" type="stmt"/>
        <line num="66" count="1" type="stmt"/>
        <line num="67" count="1" type="stmt"/>
        <line num="68" count="1" type="stmt"/>
        <line num="71" count="10" type="stmt"/>
        <line num="72" count="10" type="cond" truecount="1" falsecount="1"/>
        <line num="73" count="0" type="stmt"/>
        <line num="75" count="10" type="stmt"/>
        <line num="77" count="10" type="cond" truecount="1" falsecount="1"/>
        <line num="79" count="0" type="stmt"/>
        <line num="82" count="10" type="stmt"/>
        <line num="83" count="10" type="stmt"/>
        <line num="86" count="10" type="cond" truecount="2" falsecount="0"/>
        <line num="87" count="9" type="stmt"/>
        <line num="89" count="1" type="stmt"/>
        <line num="92" count="10" type="cond" truecount="1" falsecount="1"/>
        <line num="93" count="0" type="stmt"/>
        <line num="94" count="0" type="stmt"/>
        <line num="95" count="0" type="stmt"/>
        <line num="96" count="0" type="stmt"/>
        <line num="99" count="10" type="stmt"/>
        <line num="111" count="4" type="stmt"/>
        <line num="112" count="4" type="cond" truecount="1" falsecount="1"/>
        <line num="113" count="0" type="stmt"/>
        <line num="115" count="4" type="stmt"/>
        <line num="116" count="4" type="stmt"/>
        <line num="118" count="4" type="cond" truecount="2" falsecount="0"/>
        <line num="119" count="1" type="stmt"/>
        <line num="121" count="4" type="cond" truecount="2" falsecount="0"/>
        <line num="122" count="1" type="stmt"/>
        <line num="123" count="1" type="stmt"/>
        <line num="124" count="1" type="stmt"/>
        <line num="127" count="3" type="stmt"/>
        <line num="135" count="2" type="stmt"/>
        <line num="137" count="2" type="stmt"/>
        <line num="138" count="2" type="cond" truecount="2" falsecount="0"/>
        <line num="139" count="1" type="stmt"/>
        <line num="140" count="1" type="stmt"/>
        <line num="141" count="1" type="stmt"/>
        <line num="143" count="1" type="stmt"/>
        <line num="144" count="1" type="stmt"/>
        <line num="153" count="3" type="stmt"/>
        <line num="154" count="3" type="cond" truecount="1" falsecount="1"/>
        <line num="155" count="0" type="stmt"/>
        <line num="158" count="3" type="stmt"/>
        <line num="167" count="3" type="stmt"/>
        <line num="168" count="3" type="cond" truecount="1" falsecount="1"/>
        <line num="169" count="0" type="stmt"/>
        <line num="171" count="3" type="stmt"/>
        <line num="181" count="31" type="stmt"/>
        <line num="182" count="31" type="stmt"/>
        <line num="183" count="31" type="cond" truecount="2" falsecount="0"/>
        <line num="184" count="1" type="stmt"/>
        <line num="185" count="1" type="stmt"/>
        <line num="186" count="1" type="stmt"/>
        <line num="187" count="1" type="stmt"/>
        <line num="189" count="30" type="stmt"/>
        <line num="190" count="30" type="cond" truecount="1" falsecount="1"/>
        <line num="191" count="0" type="stmt"/>
        <line num="192" count="0" type="stmt"/>
        <line num="193" count="0" type="stmt"/>
        <line num="194" count="0" type="stmt"/>
        <line num="196" count="30" type="stmt"/>
        <line num="197" count="30" type="stmt"/>
        <line num="198" count="30" type="stmt"/>
        <line num="207" count="4" type="stmt"/>
        <line num="208" count="4" type="stmt"/>
        <line num="209" count="4" type="stmt"/>
        <line num="211" count="4" type="stmt"/>
        <line num="212" count="4" type="cond" truecount="2" falsecount="0"/>
        <line num="213" count="1" type="stmt"/>
        <line num="214" count="1" type="stmt"/>
        <line num="215" count="1" type="stmt"/>
        <line num="216" count="1" type="stmt"/>
        <line num="219" count="3" type="stmt"/>
        <line num="220" count="3" type="cond" truecount="2" falsecount="0"/>
        <line num="221" count="1" type="stmt"/>
        <line num="222" count="1" type="stmt"/>
        <line num="223" count="1" type="stmt"/>
        <line num="224" count="1" type="stmt"/>
        <line num="227" count="2" type="cond" truecount="1" falsecount="1"/>
        <line num="228" count="0" type="stmt"/>
        <line num="229" count="0" type="stmt"/>
        <line num="230" count="0" type="stmt"/>
        <line num="231" count="0" type="cond" truecount="0" falsecount="2"/>
        <line num="232" count="0" type="stmt"/>
        <line num="233" count="0" type="stmt"/>
        <line num="234" count="0" type="stmt"/>
        <line num="235" count="0" type="stmt"/>
        <line num="239" count="2" type="stmt"/>
        <line num="240" count="2" type="cond" truecount="1" falsecount="1"/>
        <line num="241" count="0" type="stmt"/>
        <line num="242" count="0" type="stmt"/>
        <line num="243" count="0" type="stmt"/>
        <line num="244" count="0" type="stmt"/>
        <line num="247" count="2" type="stmt"/>
        <line num="248" count="2" type="stmt"/>
        <line num="249" count="2" type="cond" truecount="1" falsecount="1"/>
        <line num="250" count="0" type="stmt"/>
        <line num="251" count="0" type="stmt"/>
        <line num="252" count="0" type="stmt"/>
        <line num="253" count="0" type="stmt"/>
        <line num="256" count="2" type="stmt"/>
        <line num="257" count="2" type="stmt"/>
        <line num="258" count="2" type="stmt"/>
        <line num="259" count="2" type="stmt"/>
        <line num="268" count="4" type="stmt"/>
        <line num="269" count="4" type="stmt"/>
        <line num="271" count="4" type="stmt"/>
        <line num="273" count="4" type="stmt"/>
        <line num="274" count="4" type="cond" truecount="2" falsecount="0"/>
        <line num="275" count="1" type="stmt"/>
        <line num="276" count="1" type="stmt"/>
        <line num="277" count="1" type="stmt"/>
        <line num="278" count="1" type="stmt"/>
        <line num="281" count="3" type="stmt"/>
        <line num="282" count="3" type="cond" truecount="2" falsecount="0"/>
        <line num="283" count="1" type="stmt"/>
        <line num="284" count="1" type="stmt"/>
        <line num="285" count="1" type="stmt"/>
        <line num="286" count="1" type="stmt"/>
        <line num="289" count="2" type="cond" truecount="1" falsecount="1"/>
        <line num="290" count="0" type="stmt"/>
        <line num="291" count="0" type="stmt"/>
        <line num="292" count="0" type="stmt"/>
        <line num="293" count="0" type="cond" truecount="0" falsecount="2"/>
        <line num="294" count="0" type="stmt"/>
        <line num="295" count="0" type="stmt"/>
        <line num="296" count="0" type="stmt"/>
        <line num="297" count="0" type="stmt"/>
        <line num="301" count="2" type="stmt"/>
        <line num="302" count="2" type="cond" truecount="1" falsecount="1"/>
        <line num="303" count="0" type="stmt"/>
        <line num="304" count="0" type="stmt"/>
        <line num="305" count="0" type="stmt"/>
        <line num="306" count="0" type="stmt"/>
        <line num="309" count="2" type="stmt"/>
        <line num="310" count="2" type="stmt"/>
        <line num="311" count="2" type="cond" truecount="1" falsecount="1"/>
        <line num="312" count="0" type="stmt"/>
        <line num="313" count="0" type="stmt"/>
        <line num="314" count="0" type="stmt"/>
        <line num="315" count="0" type="stmt"/>
        <line num="318" count="2" type="stmt"/>
        <line num="319" count="2" type="stmt"/>
        <line num="320" count="2" type="stmt"/>
        <line num="321" count="2" type="stmt"/>
        <line num="332" count="10" type="stmt"/>
        <line num="333" count="10" type="cond" truecount="2" falsecount="0"/>
        <line num="334" count="2" type="stmt"/>
        <line num="336" count="10" type="stmt"/>
        <line num="338" count="10" type="cond" truecount="2" falsecount="0"/>
        <line num="339" count="2" type="stmt"/>
        <line num="340" count="2" type="stmt"/>
        <line num="341" count="2" type="stmt"/>
        <line num="342" count="2" type="cond" truecount="1" falsecount="1"/>
        <line num="343" count="2" type="stmt"/>
        <line num="344" count="2" type="stmt"/>
        <line num="345" count="2" type="stmt"/>
        <line num="346" count="2" type="stmt"/>
        <line num="350" count="8" type="stmt"/>
        <line num="351" count="8" type="stmt"/>
        <line num="361" count="9" type="stmt"/>
        <line num="363" count="9" type="cond" truecount="2" falsecount="0"/>
        <line num="364" count="2" type="stmt"/>
        <line num="366" count="9" type="stmt"/>
        <line num="368" count="9" type="cond" truecount="2" falsecount="0"/>
        <line num="369" count="1" type="stmt"/>
        <line num="370" count="1" type="stmt"/>
        <line num="371" count="1" type="stmt"/>
        <line num="372" count="1" type="cond" truecount="1" falsecount="1"/>
        <line num="373" count="0" type="stmt"/>
        <line num="374" count="0" type="stmt"/>
        <line num="375" count="0" type="stmt"/>
        <line num="376" count="0" type="stmt"/>
        <line num="380" count="9" type="stmt"/>
        <line num="381" count="9" type="stmt"/>
        <line num="393" count="8" type="stmt"/>
        <line num="394" count="8" type="stmt"/>
        <line num="395" count="8" type="cond" truecount="2" falsecount="0"/>
        <line num="396" count="2" type="stmt"/>
        <line num="397" count="2" type="stmt"/>
        <line num="398" count="2" type="stmt"/>
        <line num="399" count="2" type="stmt"/>
        <line num="402" count="6" type="stmt"/>
        <line num="403" count="6" type="cond" truecount="2" falsecount="0"/>
        <line num="404" count="1" type="stmt"/>
        <line num="405" count="1" type="stmt"/>
        <line num="406" count="1" type="stmt"/>
        <line num="407" count="1" type="stmt"/>
        <line num="410" count="5" type="stmt"/>
        <line num="422" count="13" type="stmt"/>
        <line num="423" count="13" type="stmt"/>
        <line num="424" count="13" type="cond" truecount="2" falsecount="0"/>
        <line num="425" count="2" type="stmt"/>
        <line num="426" count="2" type="stmt"/>
        <line num="427" count="2" type="stmt"/>
        <line num="428" count="2" type="stmt"/>
        <line num="431" count="11" type="stmt"/>
        <line num="432" count="11" type="cond" truecount="2" falsecount="0"/>
        <line num="433" count="1" type="stmt"/>
        <line num="434" count="1" type="stmt"/>
        <line num="435" count="1" type="stmt"/>
        <line num="436" count="1" type="stmt"/>
        <line num="439" count="10" type="stmt"/>
        <line num="450" count="4" type="stmt"/>
        <line num="451" count="4" type="stmt"/>
        <line num="452" count="4" type="stmt"/>
        <line num="453" count="4" type="cond" truecount="2" falsecount="0"/>
        <line num="454" count="2" type="stmt"/>
        <line num="455" count="2" type="stmt"/>
        <line num="456" count="2" type="stmt"/>
        <line num="457" count="2" type="stmt"/>
        <line num="460" count="2" type="stmt"/>
        <line num="461" count="2" type="cond" truecount="1" falsecount="1"/>
        <line num="462" count="0" type="stmt"/>
        <line num="463" count="0" type="stmt"/>
        <line num="464" count="0" type="stmt"/>
        <line num="465" count="0" type="stmt"/>
        <line num="468" count="2" type="stmt"/>
        <line num="469" count="2" type="stmt"/>
        <line num="479" count="4" type="stmt"/>
        <line num="480" count="4" type="stmt"/>
        <line num="481" count="4" type="cond" truecount="2" falsecount="0"/>
        <line num="482" count="2" type="stmt"/>
        <line num="483" count="2" type="stmt"/>
        <line num="484" count="2" type="stmt"/>
        <line num="485" count="2" type="stmt"/>
        <line num="487" count="2" type="stmt"/>
        <line num="488" count="2" type="stmt"/>
        <line num="489" count="2" type="cond" truecount="1" falsecount="1"/>
        <line num="490" count="0" type="stmt"/>
        <line num="491" count="0" type="stmt"/>
        <line num="492" count="0" type="stmt"/>
        <line num="493" count="0" type="stmt"/>
        <line num="496" count="2" type="stmt"/>
        <line num="497" count="2" type="cond" truecount="1" falsecount="1"/>
        <line num="498" count="0" type="stmt"/>
        <line num="499" count="0" type="stmt"/>
        <line num="500" count="0" type="stmt"/>
        <line num="501" count="0" type="stmt"/>
        <line num="504" count="2" type="stmt"/>
        <line num="505" count="2" type="stmt"/>
        <line num="514" count="3" type="cond" truecount="2" falsecount="0"/>
        <line num="515" count="1" type="stmt"/>
        <line num="516" count="3" type="stmt"/>
        <line num="517" count="3" type="stmt"/>
        <line num="518" count="3" type="stmt"/>
        <line num="530" count="31" type="stmt"/>
        <line num="531" count="31" type="cond" truecount="6" falsecount="0"/>
        <line num="532" count="3" type="stmt"/>
        <line num="533" count="3" type="stmt"/>
        <line num="534" count="3" type="stmt"/>
        <line num="535" count="3" type="stmt"/>
        <line num="537" count="28" type="stmt"/>
        <line num="539" count="28" type="cond" truecount="2" falsecount="0"/>
        <line num="540" count="6" type="stmt"/>
        <line num="541" count="6" type="stmt"/>
        <line num="542" count="6" type="stmt"/>
        <line num="543" count="6" type="stmt"/>
        <line num="546" count="22" type="cond" truecount="2" falsecount="0"/>
        <line num="547" count="7" type="stmt"/>
        <line num="549" count="7" type="cond" truecount="1" falsecount="1"/>
        <line num="550" count="0" type="stmt"/>
        <line num="551" count="0" type="stmt"/>
        <line num="552" count="0" type="stmt"/>
        <line num="553" count="0" type="stmt"/>
        <line num="555" count="7" type="cond" truecount="2" falsecount="0"/>
        <line num="556" count="1" type="stmt"/>
        <line num="560" count="21" type="stmt"/>
        <line num="562" count="21" type="cond" truecount="1" falsecount="1"/>
        <line num="563" count="0" type="stmt"/>
        <line num="564" count="0" type="stmt"/>
        <line num="565" count="0" type="stmt"/>
        <line num="566" count="0" type="stmt"/>
        <line num="569" count="21" type="stmt"/>
        <line num="579" count="71" type="stmt"/>
        <line num="580" count="71" type="cond" truecount="2" falsecount="0"/>
        <line num="581" count="3" type="stmt"/>
        <line num="582" count="3" type="stmt"/>
        <line num="583" count="3" type="stmt"/>
        <line num="584" count="3" type="stmt"/>
        <line num="587" count="68" type="stmt"/>
        <line num="589" count="68" type="cond" truecount="2" falsecount="0"/>
        <line num="590" count="10" type="stmt"/>
        <line num="591" count="10" type="stmt"/>
        <line num="592" count="10" type="stmt"/>
        <line num="593" count="10" type="stmt"/>
        <line num="595" count="58" type="stmt"/>
        <line num="606" count="3" type="stmt"/>
        <line num="608" count="3" type="stmt"/>
        <line num="609" count="3" type="cond" truecount="2" falsecount="0"/>
        <line num="610" count="1" type="stmt"/>
        <line num="611" count="1" type="stmt"/>
        <line num="612" count="1" type="stmt"/>
        <line num="616" count="2" type="stmt"/>
        <line num="617" count="2" type="stmt"/>
        <line num="618" count="2" type="cond" truecount="1" falsecount="1"/>
        <line num="619" count="0" type="stmt"/>
        <line num="620" count="0" type="stmt"/>
        <line num="621" count="0" type="stmt"/>
        <line num="624" count="2" type="stmt"/>
        <line num="634" count="17" type="stmt"/>
        <line num="636" count="17" type="stmt"/>
        <line num="637" count="17" type="cond" truecount="2" falsecount="0"/>
        <line num="638" count="1" type="stmt"/>
        <line num="639" count="1" type="stmt"/>
        <line num="640" count="1" type="stmt"/>
        <line num="641" count="1" type="stmt"/>
        <line num="643" count="16" type="stmt"/>
        <line num="644" count="16" type="cond" truecount="2" falsecount="0"/>
        <line num="645" count="5" type="stmt"/>
        <line num="646" count="5" type="stmt"/>
        <line num="647" count="5" type="stmt"/>
        <line num="648" count="5" type="stmt"/>
        <line num="650" count="11" type="stmt"/>
        <line num="651" count="11" type="stmt"/>
        <line num="662" count="13" type="stmt"/>
        <line num="663" count="13" type="stmt"/>
        <line num="664" count="13" type="stmt"/>
        <line num="666" count="13" type="cond" truecount="2" falsecount="0"/>
        <line num="667" count="1" type="stmt"/>
        <line num="669" count="12" type="cond" truecount="2" falsecount="0"/>
        <line num="670" count="10" type="cond" truecount="2" falsecount="0"/>
        <line num="671" count="5" type="stmt"/>
        <line num="672" count="5" type="cond" truecount="2" falsecount="0"/>
        <line num="673" count="3" type="stmt"/>
        <line num="674" count="3" type="cond" truecount="2" falsecount="0"/>
        <line num="675" count="1" type="stmt"/>
        <line num="676" count="1" type="stmt"/>
        <line num="677" count="1" type="stmt"/>
        <line num="678" count="1" type="stmt"/>
        <line num="681" count="2" type="stmt"/>
        <line num="682" count="2" type="cond" truecount="1" falsecount="1"/>
        <line num="683" count="0" type="stmt"/>
        <line num="684" count="0" type="stmt"/>
        <line num="685" count="0" type="stmt"/>
        <line num="686" count="0" type="stmt"/>
        <line num="688" count="2" type="cond" truecount="1" falsecount="1"/>
        <line num="689" count="0" type="stmt"/>
        <line num="690" count="2" type="cond" truecount="2" falsecount="0"/>
        <line num="691" count="2" type="stmt"/>
        <line num="694" count="5" type="stmt"/>
        <line num="695" count="5" type="cond" truecount="2" falsecount="0"/>
        <line num="696" count="4" type="stmt"/>
        <line num="699" count="2" type="stmt"/>
        <line num="702" count="11" type="cond" truecount="2" falsecount="0"/>
        <line num="703" count="4" type="stmt"/>
        <line num="704" count="4" type="cond" truecount="2" falsecount="0"/>
        <line num="705" count="1" type="stmt"/>
        <line num="706" count="1" type="stmt"/>
        <line num="707" count="1" type="stmt"/>
        <line num="708" count="1" type="stmt"/>
        <line num="711" count="3" type="stmt"/>
        <line num="712" count="3" type="cond" truecount="1" falsecount="1"/>
        <line num="713" count="0" type="stmt"/>
        <line num="714" count="0" type="stmt"/>
        <line num="715" count="0" type="stmt"/>
        <line num="716" count="0" type="stmt"/>
        <line num="719" count="3" type="stmt"/>
        <line num="720" count="3" type="cond" truecount="2" falsecount="0"/>
        <line num="721" count="1" type="stmt"/>
        <line num="722" count="1" type="stmt"/>
        <line num="723" count="1" type="stmt"/>
        <line num="724" count="1" type="stmt"/>
        <line num="727" count="2" type="stmt"/>
        <line num="728" count="2" type="cond" truecount="1" falsecount="1"/>
        <line num="729" count="0" type="stmt"/>
        <line num="730" count="0" type="stmt"/>
        <line num="731" count="0" type="stmt"/>
        <line num="732" count="0" type="stmt"/>
        <line num="735" count="2" type="stmt"/>
        <line num="736" count="2" type="stmt"/>
        <line num="737" count="2" type="stmt"/>
        <line num="738" count="2" type="stmt"/>
        <line num="739" count="2" type="stmt"/>
        <line num="742" count="9" type="cond" truecount="2" falsecount="0"/>
        <line num="743" count="1" type="stmt"/>
        <line num="744" count="1" type="stmt"/>
        <line num="745" count="1" type="stmt"/>
        <line num="746" count="1" type="stmt"/>
        <line num="748" count="8" type="stmt"/>
        <line num="757" count="3" type="stmt"/>
        <line num="767" count="2" type="stmt"/>
        <line num="768" count="2" type="stmt"/>
        <line num="779" count="22" type="stmt"/>
        <line num="781" count="22" type="cond" truecount="5" falsecount="0"/>
        <line num="782" count="1" type="stmt"/>
        <line num="783" count="1" type="stmt"/>
        <line num="784" count="1" type="stmt"/>
        <line num="785" count="1" type="stmt"/>
        <line num="788" count="21" type="stmt"/>
        <line num="789" count="21" type="cond" truecount="2" falsecount="0"/>
        <line num="790" count="3" type="stmt"/>
        <line num="791" count="3" type="stmt"/>
        <line num="792" count="3" type="stmt"/>
        <line num="793" count="3" type="stmt"/>
        <line num="798" count="18" type="cond" truecount="3" falsecount="0"/>
        <line num="800" count="3" type="stmt"/>
        <line num="801" count="3" type="stmt"/>
        <line num="802" count="3" type="stmt"/>
        <line num="804" count="3" type="stmt"/>
        <line num="805" count="3" type="stmt"/>
        <line num="806" count="3" type="stmt"/>
        <line num="808" count="12" type="stmt"/>
        <line num="809" count="12" type="stmt"/>
        <line num="812" count="18" type="cond" truecount="2" falsecount="0"/>
        <line num="813" count="11" type="stmt"/>
        <line num="814" count="11" type="stmt"/>
        <line num="815" count="11" type="stmt"/>
        <line num="816" count="11" type="stmt"/>
        <line num="819" count="7" type="stmt"/>
        <line num="820" count="7" type="stmt"/>
        <line num="821" count="7" type="stmt"/>
        <line num="823" count="7" type="stmt"/>
        <line num="834" count="3" type="stmt"/>
        <line num="835" count="3" type="stmt"/>
        <line num="836" count="3" type="cond" truecount="2" falsecount="0"/>
        <line num="837" count="1" type="stmt"/>
        <line num="838" count="1" type="stmt"/>
        <line num="839" count="1" type="stmt"/>
        <line num="840" count="1" type="stmt"/>
        <line num="843" count="2" type="stmt"/>
        <line num="844" count="2" type="cond" truecount="1" falsecount="1"/>
        <line num="845" count="0" type="stmt"/>
        <line num="846" count="0" type="stmt"/>
        <line num="847" count="0" type="stmt"/>
        <line num="848" count="0" type="stmt"/>
        <line num="851" count="2" type="cond" truecount="3" falsecount="1"/>
        <line num="852" count="2" type="stmt"/>
        <line num="860" count="2" type="stmt"/>
        <line num="862" count="2" type="stmt"/>
        <line num="864" count="2" type="cond" truecount="1" falsecount="1"/>
        <line num="865" count="0" type="stmt"/>
        <line num="866" count="0" type="stmt"/>
        <line num="867" count="0" type="stmt"/>
        <line num="868" count="0" type="stmt"/>
        <line num="870" count="2" type="stmt"/>
        <line num="871" count="2" type="stmt"/>
        <line num="881" count="4" type="stmt"/>
        <line num="882" count="4" type="stmt"/>
        <line num="883" count="4" type="stmt"/>
        <line num="884" count="4" type="stmt"/>
        <line num="885" count="4" type="stmt"/>
        <line num="887" count="4" type="stmt"/>
        <line num="889" count="4" type="cond" truecount="2" falsecount="0"/>
        <line num="890" count="2" type="stmt"/>
        <line num="891" count="2" type="stmt"/>
        <line num="892" count="2" type="stmt"/>
        <line num="893" count="2" type="stmt"/>
        <line num="896" count="2" type="stmt"/>
        <line num="897" count="2" type="stmt"/>
        <line num="899" count="2" type="cond" truecount="3" falsecount="1"/>
        <line num="900" count="0" type="stmt"/>
        <line num="901" count="0" type="stmt"/>
        <line num="902" count="0" type="stmt"/>
        <line num="903" count="0" type="stmt"/>
        <line num="906" count="2" type="stmt"/>
        <line num="907" count="2" type="stmt"/>
        <line num="908" count="2" type="stmt"/>
        <line num="918" count="4" type="stmt"/>
        <line num="920" count="4" type="stmt"/>
        <line num="921" count="4" type="cond" truecount="2" falsecount="0"/>
        <line num="922" count="2" type="stmt"/>
        <line num="923" count="2" type="stmt"/>
        <line num="924" count="2" type="stmt"/>
        <line num="925" count="2" type="stmt"/>
        <line num="928" count="2" type="stmt"/>
        <line num="929" count="2" type="stmt"/>
        <line num="931" count="2" type="stmt"/>
        <line num="935" count="0" type="stmt"/>
      </file>
      <file name="SocketController.js" path="/Users/Francesco/Documents/git/t6-playf3/code/back_end/controllers/SocketController.js">
        <metrics statements="143" coveredstatements="122" conditionals="53" coveredconditionals="36" methods="14" coveredmethods="12"/>
        <line num="1" count="4" type="stmt"/>
        <line num="2" count="4" type="stmt"/>
        <line num="3" count="4" type="stmt"/>
        <line num="4" count="4" type="stmt"/>
        <line num="5" count="4" type="stmt"/>
        <line num="6" count="4" type="stmt"/>
        <line num="8" count="4" type="stmt"/>
        <line num="12" count="8" type="stmt"/>
        <line num="13" count="8" type="stmt"/>
        <line num="17" count="11" type="stmt"/>
        <line num="18" count="11" type="stmt"/>
        <line num="19" count="11" type="cond" truecount="1" falsecount="1"/>
        <line num="21" count="11" type="stmt"/>
        <line num="22" count="11" type="stmt"/>
        <line num="23" count="11" type="stmt"/>
        <line num="25" count="11" type="cond" truecount="1" falsecount="1"/>
        <line num="26" count="0" type="stmt"/>
        <line num="27" count="0" type="stmt"/>
        <line num="28" count="0" type="stmt"/>
        <line num="29" count="0" type="stmt"/>
        <line num="32" count="11" type="stmt"/>
        <line num="40" count="3" type="stmt"/>
        <line num="42" count="3" type="stmt"/>
        <line num="43" count="3" type="stmt"/>
        <line num="45" count="3" type="cond" truecount="2" falsecount="0"/>
        <line num="46" count="2" type="stmt"/>
        <line num="47" count="2" type="stmt"/>
        <line num="50" count="3" type="stmt"/>
        <line num="51" count="3" type="stmt"/>
        <line num="52" count="3" type="stmt"/>
        <line num="53" count="3" type="cond" truecount="1" falsecount="1"/>
        <line num="54" count="0" type="stmt"/>
        <line num="56" count="3" type="stmt"/>
        <line num="57" count="3" type="cond" truecount="2" falsecount="0"/>
        <line num="58" count="1" type="stmt"/>
        <line num="60" count="2" type="stmt"/>
        <line num="61" count="2" type="cond" truecount="2" falsecount="0"/>
        <line num="62" count="1" type="stmt"/>
        <line num="64" count="1" type="stmt"/>
        <line num="65" count="1" type="cond" truecount="1" falsecount="1"/>
        <line num="66" count="0" type="stmt"/>
        <line num="70" count="1" type="stmt"/>
        <line num="71" count="1" type="stmt"/>
        <line num="73" count="1" type="stmt"/>
        <line num="81" count="3" type="stmt"/>
        <line num="83" count="3" type="stmt"/>
        <line num="84" count="3" type="stmt"/>
        <line num="86" count="3" type="cond" truecount="1" falsecount="1"/>
        <line num="87" count="3" type="stmt"/>
        <line num="88" count="3" type="stmt"/>
        <line num="91" count="3" type="stmt"/>
        <line num="92" count="3" type="stmt"/>
        <line num="93" count="3" type="stmt"/>
        <line num="94" count="3" type="cond" truecount="1" falsecount="1"/>
        <line num="95" count="0" type="stmt"/>
        <line num="97" count="3" type="stmt"/>
        <line num="98" count="3" type="cond" truecount="2" falsecount="0"/>
        <line num="99" count="1" type="stmt"/>
        <line num="101" count="2" type="stmt"/>
        <line num="103" count="2" type="cond" truecount="2" falsecount="0"/>
        <line num="104" count="1" type="stmt"/>
        <line num="106" count="1" type="stmt"/>
        <line num="107" count="1" type="cond" truecount="1" falsecount="1"/>
        <line num="108" count="0" type="stmt"/>
        <line num="112" count="1" type="stmt"/>
        <line num="113" count="1" type="stmt"/>
        <line num="115" count="1" type="stmt"/>
        <line num="119" count="1" type="cond" truecount="1" falsecount="1"/>
        <line num="120" count="1" type="stmt"/>
        <line num="121" count="1" type="stmt"/>
        <line num="123" count="1" type="stmt"/>
        <line num="124" count="1" type="stmt"/>
        <line num="125" count="1" type="stmt"/>
        <line num="126" count="1" type="stmt"/>
        <line num="130" count="2" type="stmt"/>
        <line num="132" count="2" type="stmt"/>
        <line num="133" count="2" type="stmt"/>
        <line num="135" count="2" type="cond" truecount="1" falsecount="1"/>
        <line num="136" count="2" type="stmt"/>
        <line num="137" count="2" type="stmt"/>
        <line num="140" count="2" type="stmt"/>
        <line num="141" count="2" type="stmt"/>
        <line num="142" count="2" type="stmt"/>
        <line num="143" count="2" type="cond" truecount="1" falsecount="1"/>
        <line num="144" count="0" type="stmt"/>
        <line num="146" count="2" type="stmt"/>
        <line num="147" count="2" type="cond" truecount="1" falsecount="1"/>
        <line num="148" count="0" type="stmt"/>
        <line num="151" count="2" type="stmt"/>
        <line num="152" count="2" type="cond" truecount="2" falsecount="0"/>
        <line num="153" count="1" type="stmt"/>
        <line num="155" count="1" type="stmt"/>
        <line num="156" count="1" type="stmt"/>
        <line num="165" count="2" type="stmt"/>
        <line num="167" count="2" type="stmt"/>
        <line num="168" count="2" type="stmt"/>
        <line num="170" count="2" type="stmt"/>
        <line num="171" count="2" type="stmt"/>
        <line num="172" count="2" type="cond" truecount="1" falsecount="1"/>
        <line num="173" count="0" type="stmt"/>
        <line num="175" count="2" type="stmt"/>
        <line num="176" count="2" type="cond" truecount="2" falsecount="0"/>
        <line num="177" count="1" type="stmt"/>
        <line num="179" count="1" type="cond" truecount="1" falsecount="1"/>
        <line num="180" count="0" type="stmt"/>
        <line num="182" count="1" type="stmt"/>
        <line num="183" count="1" type="cond" truecount="1" falsecount="1"/>
        <line num="184" count="0" type="stmt"/>
        <line num="187" count="1" type="stmt"/>
        <line num="188" count="1" type="stmt"/>
        <line num="189" count="1" type="stmt"/>
        <line num="200" count="34" type="stmt"/>
        <line num="201" count="34" type="cond" truecount="1" falsecount="1"/>
        <line num="202" count="34" type="stmt"/>
        <line num="204" count="0" type="stmt"/>
        <line num="213" count="2" type="stmt"/>
        <line num="214" count="2" type="stmt"/>
        <line num="215" count="2" type="cond" truecount="2" falsecount="0"/>
        <line num="216" count="1" type="stmt"/>
        <line num="217" count="1" type="stmt"/>
        <line num="219" count="1" type="stmt"/>
        <line num="228" count="1" type="stmt"/>
        <line num="229" count="1" type="stmt"/>
        <line num="230" count="1" type="stmt"/>
        <line num="231" count="1" type="stmt"/>
        <line num="245" count="2" type="stmt"/>
        <line num="255" count="0" type="stmt"/>
        <line num="256" count="0" type="stmt"/>
        <line num="265" count="1" type="cond" truecount="1" falsecount="1"/>
        <line num="266" count="1" type="stmt"/>
        <line num="267" count="1" type="stmt"/>
        <line num="270" count="1" type="stmt"/>
        <line num="271" count="1" type="stmt"/>
        <line num="272" count="1" type="stmt"/>
        <line num="273" count="1" type="stmt"/>
        <line num="274" count="1" type="stmt"/>
        <line num="276" count="1" type="cond" truecount="1" falsecount="1"/>
        <line num="277" count="0" type="stmt"/>
        <line num="278" count="0" type="stmt"/>
        <line num="279" count="0" type="stmt"/>
        <line num="280" count="0" type="stmt"/>
        <line num="282" count="1" type="stmt"/>
        <line num="286" count="0" type="stmt"/>
      </file>
      <file name="SocketEvents.js" path="/Users/Francesco/Documents/git/t6-playf3/code/back_end/controllers/SocketEvents.js">
        <metrics statements="98" coveredstatements="27" conditionals="55" coveredconditionals="4" methods="16" coveredmethods="4"/>
        <line num="1" count="3" type="stmt"/>
        <line num="2" count="3" type="stmt"/>
        <line num="7" count="3" type="stmt"/>
        <line num="8" count="3" type="stmt"/>
        <line num="17" count="11" type="stmt"/>
        <line num="18" count="11" type="stmt"/>
        <line num="19" count="11" type="stmt"/>
        <line num="20" count="11" type="stmt"/>
        <line num="22" count="11" type="cond" truecount="1" falsecount="1"/>
        <line num="23" count="0" type="stmt"/>
        <line num="24" count="11" type="cond" truecount="1" falsecount="1"/>
        <line num="25" count="11" type="stmt"/>
        <line num="27" count="11" type="stmt"/>
        <line num="40" count="11" type="stmt"/>
        <line num="42" count="11" type="stmt"/>
        <line num="44" count="11" type="cond" truecount="1" falsecount="1"/>
        <line num="45" count="11" type="stmt"/>
        <line num="47" count="0" type="stmt"/>
        <line num="52" count="11" type="stmt"/>
        <line num="53" count="11" type="stmt"/>
        <line num="54" count="11" type="stmt"/>
        <line num="56" count="11" type="stmt"/>
        <line num="57" count="11" type="cond" truecount="1" falsecount="1"/>
        <line num="58" count="0" type="stmt"/>
        <line num="61" count="11" type="stmt"/>
        <line num="62" count="0" type="cond" truecount="0" falsecount="2"/>
        <line num="63" count="0" type="stmt"/>
        <line num="65" count="0" type="stmt"/>
        <line num="68" count="11" type="stmt"/>
        <line num="69" count="0" type="cond" truecount="0" falsecount="2"/>
        <line num="70" count="0" type="stmt"/>
        <line num="73" count="11" type="stmt"/>
        <line num="74" count="0" type="stmt"/>
        <line num="77" count="11" type="stmt"/>
        <line num="78" count="0" type="stmt"/>
        <line num="79" count="0" type="stmt"/>
        <line num="85" count="11" type="stmt"/>
        <line num="86" count="0" type="stmt"/>
        <line num="89" count="11" type="stmt"/>
        <line num="90" count="0" type="stmt"/>
        <line num="91" count="0" type="cond" truecount="0" falsecount="2"/>
        <line num="92" count="0" type="stmt"/>
        <line num="94" count="0" type="stmt"/>
        <line num="95" count="0" type="stmt"/>
        <line num="96" count="0" type="stmt"/>
        <line num="109" count="0" type="stmt"/>
        <line num="110" count="0" type="stmt"/>
        <line num="111" count="0" type="cond" truecount="0" falsecount="2"/>
        <line num="112" count="0" type="stmt"/>
        <line num="114" count="0" type="stmt"/>
        <line num="122" count="0" type="cond" truecount="0" falsecount="4"/>
        <line num="123" count="0" type="stmt"/>
        <line num="124" count="0" type="stmt"/>
        <line num="126" count="0" type="stmt"/>
        <line num="127" count="0" type="stmt"/>
        <line num="128" count="0" type="stmt"/>
        <line num="129" count="0" type="stmt"/>
        <line num="130" count="0" type="stmt"/>
        <line num="131" count="0" type="cond" truecount="0" falsecount="4"/>
        <line num="132" count="0" type="stmt"/>
        <line num="137" count="0" type="stmt"/>
        <line num="138" count="0" type="cond" truecount="0" falsecount="2"/>
        <line num="139" count="0" type="cond" truecount="0" falsecount="2"/>
        <line num="140" count="0" type="cond" truecount="0" falsecount="2"/>
        <line num="141" count="0" type="stmt"/>
        <line num="142" count="0" type="cond" truecount="0" falsecount="2"/>
        <line num="143" count="0" type="stmt"/>
        <line num="144" count="0" type="cond" truecount="0" falsecount="2"/>
        <line num="145" count="0" type="stmt"/>
        <line num="150" count="0" type="stmt"/>
        <line num="152" count="0" type="cond" truecount="0" falsecount="1"/>
        <line num="153" count="0" type="cond" truecount="0" falsecount="5"/>
        <line num="155" count="0" type="stmt"/>
        <line num="156" count="0" type="stmt"/>
        <line num="157" count="0" type="stmt"/>
        <line num="158" count="0" type="stmt"/>
        <line num="162" count="0" type="stmt"/>
        <line num="163" count="0" type="cond" truecount="0" falsecount="4"/>
        <line num="164" count="0" type="stmt"/>
        <line num="165" count="0" type="stmt"/>
        <line num="168" count="0" type="cond" truecount="0" falsecount="5"/>
        <line num="170" count="0" type="stmt"/>
        <line num="171" count="0" type="stmt"/>
        <line num="173" count="0" type="cond" truecount="0" falsecount="2"/>
        <line num="174" count="0" type="stmt"/>
        <line num="175" count="0" type="stmt"/>
        <line num="178" count="0" type="cond" truecount="0" falsecount="2"/>
        <line num="179" count="0" type="stmt"/>
        <line num="180" count="0" type="stmt"/>
        <line num="181" count="0" type="cond" truecount="0" falsecount="2"/>
        <line num="182" count="0" type="stmt"/>
        <line num="183" count="0" type="stmt"/>
        <line num="185" count="0" type="stmt"/>
        <line num="186" count="0" type="stmt"/>
        <line num="187" count="0" type="stmt"/>
        <line num="188" count="0" type="stmt"/>
        <line num="189" count="0" type="stmt"/>
        <line num="190" count="0" type="stmt"/>
      </file>
      <file name="UserController.js" path="/Users/Francesco/Documents/git/t6-playf3/code/back_end/controllers/UserController.js">
        <metrics statements="98" coveredstatements="90" conditionals="25" coveredconditionals="23" methods="8" coveredmethods="8"/>
        <line num="1" count="6" type="stmt"/>
        <line num="2" count="6" type="stmt"/>
        <line num="3" count="6" type="stmt"/>
        <line num="6" count="6" type="stmt"/>
        <line num="11" count="27" type="stmt"/>
        <line num="12" count="27" type="stmt"/>
        <line num="22" count="10" type="stmt"/>
        <line num="23" count="10" type="stmt"/>
        <line num="25" count="10" type="cond" truecount="2" falsecount="0"/>
        <line num="26" count="2" type="stmt"/>
        <line num="27" count="2" type="stmt"/>
        <line num="28" count="2" type="stmt"/>
        <line num="29" count="2" type="stmt"/>
        <line num="33" count="8" type="stmt"/>
        <line num="35" count="8" type="stmt"/>
        <line num="37" count="8" type="cond" truecount="2" falsecount="0"/>
        <line num="38" count="1" type="stmt"/>
        <line num="39" count="1" type="stmt"/>
        <line num="40" count="1" type="stmt"/>
        <line num="41" count="1" type="stmt"/>
        <line num="45" count="7" type="stmt"/>
        <line num="46" count="7" type="stmt"/>
        <line num="47" count="7" type="stmt"/>
        <line num="57" count="16" type="stmt"/>
        <line num="59" count="16" type="stmt"/>
        <line num="61" count="16" type="cond" truecount="2" falsecount="0"/>
        <line num="62" count="2" type="stmt"/>
        <line num="63" count="2" type="stmt"/>
        <line num="64" count="2" type="stmt"/>
        <line num="65" count="2" type="stmt"/>
        <line num="68" count="14" type="stmt"/>
        <line num="70" count="14" type="cond" truecount="1" falsecount="1"/>
        <line num="71" count="0" type="stmt"/>
        <line num="72" count="0" type="stmt"/>
        <line num="73" count="0" type="stmt"/>
        <line num="74" count="0" type="stmt"/>
        <line num="77" count="14" type="stmt"/>
        <line num="78" count="14" type="stmt"/>
        <line num="88" count="13" type="stmt"/>
        <line num="90" count="13" type="stmt"/>
        <line num="92" count="13" type="cond" truecount="2" falsecount="0"/>
        <line num="93" count="2" type="stmt"/>
        <line num="94" count="2" type="stmt"/>
        <line num="95" count="2" type="stmt"/>
        <line num="96" count="2" type="stmt"/>
        <line num="99" count="11" type="stmt"/>
        <line num="100" count="11" type="cond" truecount="1" falsecount="1"/>
        <line num="101" count="0" type="stmt"/>
        <line num="102" count="0" type="stmt"/>
        <line num="103" count="0" type="stmt"/>
        <line num="104" count="0" type="stmt"/>
        <line num="107" count="11" type="stmt"/>
        <line num="108" count="11" type="stmt"/>
        <line num="118" count="65" type="stmt"/>
        <line num="120" count="65" type="cond" truecount="2" falsecount="0"/>
        <line num="121" count="3" type="stmt"/>
        <line num="122" count="3" type="stmt"/>
        <line num="123" count="3" type="stmt"/>
        <line num="124" count="3" type="stmt"/>
        <line num="127" count="62" type="stmt"/>
        <line num="129" count="62" type="cond" truecount="2" falsecount="0"/>
        <line num="130" count="12" type="stmt"/>
        <line num="131" count="12" type="stmt"/>
        <line num="132" count="12" type="stmt"/>
        <line num="133" count="12" type="stmt"/>
        <line num="135" count="50" type="stmt"/>
        <line num="147" count="12" type="stmt"/>
        <line num="148" count="12" type="stmt"/>
        <line num="149" count="12" type="cond" truecount="2" falsecount="0"/>
        <line num="150" count="3" type="stmt"/>
        <line num="151" count="3" type="stmt"/>
        <line num="152" count="3" type="stmt"/>
        <line num="153" count="3" type="stmt"/>
        <line num="155" count="9" type="stmt"/>
        <line num="166" count="8" type="stmt"/>
        <line num="167" count="8" type="stmt"/>
        <line num="169" count="8" type="cond" truecount="2" falsecount="0"/>
        <line num="170" count="1" type="stmt"/>
        <line num="171" count="1" type="stmt"/>
        <line num="172" count="1" type="stmt"/>
        <line num="173" count="1" type="stmt"/>
        <line num="176" count="7" type="stmt"/>
        <line num="178" count="7" type="cond" truecount="2" falsecount="0"/>
        <line num="179" count="2" type="stmt"/>
        <line num="180" count="2" type="stmt"/>
        <line num="181" count="2" type="stmt"/>
        <line num="182" count="2" type="stmt"/>
        <line num="185" count="5" type="stmt"/>
        <line num="186" count="5" type="stmt"/>
        <line num="198" count="6" type="stmt"/>
        <line num="199" count="6" type="stmt"/>
        <line num="201" count="6" type="cond" truecount="2" falsecount="0"/>
        <line num="202" count="1" type="stmt"/>
        <line num="203" count="1" type="stmt"/>
        <line num="204" count="1" type="stmt"/>
        <line num="205" count="1" type="stmt"/>
        <line num="208" count="5" type="stmt"/>
        <line num="210" count="5" type="stmt"/>
      </file>
    </package>
    <package name="back_end.drivers">
      <metrics statements="205" coveredstatements="187" conditionals="102" coveredconditionals="80" methods="22" coveredmethods="21"/>
      <file name="apiDriver.js" path="/Users/Francesco/Documents/git/t6-playf3/code/back_end/drivers/apiDriver.js">
        <metrics statements="7" coveredstatements="7" conditionals="0" coveredconditionals="0" methods="0" coveredmethods="0"/>
        <line num="1" count="3" type="stmt"/>
        <line num="2" count="3" type="stmt"/>
        <line num="3" count="3" type="stmt"/>
        <line num="4" count="3" type="stmt"/>
        <line num="6" count="3" type="stmt"/>
        <line num="7" count="3" type="stmt"/>
        <line num="10" count="3" type="stmt"/>
      </file>
      <file name="matchDriver.js" path="/Users/Francesco/Documents/git/t6-playf3/code/back_end/drivers/matchDriver.js">
        <metrics statements="128" coveredstatements="111" conditionals="74" coveredconditionals="54" methods="14" coveredmethods="13"/>
        <line num="1" count="3" type="stmt"/>
        <line num="2" count="3" type="stmt"/>
        <line num="3" count="3" type="stmt"/>
        <line num="4" count="3" type="stmt"/>
        <line num="5" count="3" type="stmt"/>
        <line num="7" count="3" type="stmt"/>
        <line num="10" count="9" type="cond" truecount="2" falsecount="0"/>
        <line num="11" count="9" type="cond" truecount="2" falsecount="0"/>
        <line num="12" count="9" type="cond" truecount="2" falsecount="0"/>
        <line num="13" count="7" type="stmt"/>
        <line num="15" count="2" type="stmt"/>
        <line num="17" count="9" type="stmt"/>
        <line num="18" count="9" type="cond" truecount="2" falsecount="0"/>
        <line num="19" count="7" type="stmt"/>
        <line num="21" count="2" type="stmt"/>
        <line num="24" count="3" type="stmt"/>
        <line num="26" count="3" type="cond" truecount="2" falsecount="0"/>
        <line num="27" count="1" type="stmt"/>
        <line num="28" count="1" type="stmt"/>
        <line num="31" count="2" type="cond" truecount="1" falsecount="1"/>
        <line num="32" count="0" type="stmt"/>
        <line num="33" count="0" type="stmt"/>
        <line num="37" count="2" type="cond" truecount="1" falsecount="1"/>
        <line num="38" count="2" type="stmt"/>
        <line num="39" count="2" type="cond" truecount="2" falsecount="0"/>
        <line num="40" count="1" type="stmt"/>
        <line num="41" count="1" type="stmt"/>
        <line num="43" count="1" type="stmt"/>
        <line num="44" count="1" type="cond" truecount="1" falsecount="1"/>
        <line num="45" count="1" type="stmt"/>
        <line num="47" count="0" type="stmt"/>
        <line num="50" count="3" type="stmt"/>
        <line num="52" count="1" type="stmt"/>
        <line num="53" count="1" type="cond" truecount="1" falsecount="1"/>
        <line num="54" count="1" type="stmt"/>
        <line num="56" count="0" type="stmt"/>
        <line num="59" count="3" type="stmt"/>
        <line num="60" count="1" type="stmt"/>
        <line num="61" count="1" type="cond" truecount="1" falsecount="1"/>
        <line num="62" count="1" type="stmt"/>
        <line num="64" count="0" type="stmt"/>
        <line num="67" count="3" type="stmt"/>
        <line num="69" count="11" type="cond" truecount="2" falsecount="0"/>
        <line num="70" count="11" type="cond" truecount="2" falsecount="0"/>
        <line num="73" count="11" type="cond" truecount="4" falsecount="0"/>
        <line num="74" count="2" type="stmt"/>
        <line num="76" count="9" type="stmt"/>
        <line num="79" count="11" type="stmt"/>
        <line num="80" count="11" type="cond" truecount="2" falsecount="0"/>
        <line num="81" count="1" type="stmt"/>
        <line num="82" count="1" type="stmt"/>
        <line num="85" count="10" type="stmt"/>
        <line num="86" count="10" type="cond" truecount="2" falsecount="0"/>
        <line num="87" count="8" type="stmt"/>
        <line num="89" count="2" type="stmt"/>
        <line num="92" count="3" type="stmt"/>
        <line num="93" count="2" type="cond" truecount="4" falsecount="0"/>
        <line num="94" count="1" type="stmt"/>
        <line num="95" count="1" type="stmt"/>
        <line num="98" count="1" type="stmt"/>
        <line num="99" count="1" type="cond" truecount="1" falsecount="1"/>
        <line num="101" count="1" type="cond" truecount="1" falsecount="1"/>
        <line num="102" count="1" type="stmt"/>
        <line num="104" count="1" type="stmt"/>
        <line num="105" count="1" type="cond" truecount="1" falsecount="1"/>
        <line num="106" count="1" type="stmt"/>
        <line num="108" count="0" type="stmt"/>
        <line num="112" count="3" type="stmt"/>
        <line num="113" count="0" type="cond" truecount="0" falsecount="4"/>
        <line num="114" count="0" type="stmt"/>
        <line num="115" count="0" type="stmt"/>
        <line num="118" count="0" type="stmt"/>
        <line num="119" count="0" type="cond" truecount="0" falsecount="2"/>
        <line num="120" count="0" type="stmt"/>
        <line num="122" count="0" type="stmt"/>
        <line num="126" count="3" type="stmt"/>
        <line num="127" count="2" type="stmt"/>
        <line num="128" count="2" type="stmt"/>
        <line num="129" count="2" type="cond" truecount="2" falsecount="0"/>
        <line num="130" count="1" type="stmt"/>
        <line num="132" count="1" type="stmt"/>
        <line num="136" count="3" type="stmt"/>
        <line num="137" count="2" type="stmt"/>
        <line num="138" count="2" type="stmt"/>
        <line num="139" count="2" type="cond" truecount="2" falsecount="0"/>
        <line num="140" count="1" type="stmt"/>
        <line num="142" count="1" type="stmt"/>
        <line num="145" count="3" type="stmt"/>
        <line num="146" count="2" type="stmt"/>
        <line num="147" count="2" type="stmt"/>
        <line num="148" count="2" type="cond" truecount="2" falsecount="0"/>
        <line num="149" count="1" type="stmt"/>
        <line num="151" count="1" type="stmt"/>
        <line num="154" count="3" type="stmt"/>
        <line num="155" count="1" type="stmt"/>
        <line num="156" count="1" type="stmt"/>
        <line num="157" count="1" type="cond" truecount="1" falsecount="1"/>
        <line num="158" count="1" type="stmt"/>
        <line num="160" count="0" type="stmt"/>
        <line num="164" count="3" type="stmt"/>
        <line num="166" count="3" type="cond" truecount="2" falsecount="0"/>
        <line num="167" count="1" type="stmt"/>
        <line num="168" count="1" type="stmt"/>
        <line num="172" count="2" type="cond" truecount="1" falsecount="1"/>
        <line num="174" count="2" type="stmt"/>
        <line num="175" count="2" type="cond" truecount="2" falsecount="0"/>
        <line num="176" count="1" type="stmt"/>
        <line num="177" count="1" type="stmt"/>
        <line num="180" count="1" type="stmt"/>
        <line num="181" count="1" type="cond" truecount="1" falsecount="1"/>
        <line num="182" count="1" type="stmt"/>
        <line num="184" count="0" type="stmt"/>
        <line num="187" count="3" type="stmt"/>
        <line num="188" count="2" type="cond" truecount="2" falsecount="0"/>
        <line num="189" count="1" type="stmt"/>
        <line num="190" count="1" type="stmt"/>
        <line num="192" count="1" type="cond" truecount="1" falsecount="1"/>
        <line num="193" count="1" type="stmt"/>
        <line num="194" count="1" type="stmt"/>
        <line num="195" count="1" type="cond" truecount="1" falsecount="1"/>
        <line num="196" count="1" type="stmt"/>
        <line num="198" count="0" type="stmt"/>
        <line num="202" count="3" type="stmt"/>
        <line num="203" count="1" type="stmt"/>
        <line num="204" count="1" type="cond" truecount="1" falsecount="1"/>
        <line num="205" count="1" type="stmt"/>
        <line num="207" count="0" type="stmt"/>
        <line num="210" count="3" type="stmt"/>
      </file>
      <file name="userDriver.js" path="/Users/Francesco/Documents/git/t6-playf3/code/back_end/drivers/userDriver.js">
        <metrics statements="70" coveredstatements="69" conditionals="28" coveredconditionals="26" methods="8" coveredmethods="8"/>
        <line num="1" count="3" type="stmt"/>
        <line num="2" count="3" type="stmt"/>
        <line num="3" count="3" type="stmt"/>
        <line num="4" count="3" type="stmt"/>
        <line num="5" count="3" type="stmt"/>
        <line num="6" count="3" type="stmt"/>
        <line num="7" count="3" type="stmt"/>
        <line num="9" count="3" type="stmt"/>
        <line num="10" count="4" type="cond" truecount="4" falsecount="0"/>
        <line num="11" count="2" type="stmt"/>
        <line num="13" count="2" type="stmt"/>
        <line num="14" count="2" type="stmt"/>
        <line num="15" count="2" type="stmt"/>
        <line num="16" count="2" type="stmt"/>
        <line num="18" count="2" type="stmt"/>
        <line num="20" count="2" type="cond" truecount="2" falsecount="0"/>
        <line num="21" count="1" type="stmt"/>
        <line num="23" count="1" type="stmt"/>
        <line num="28" count="3" type="stmt"/>
        <line num="29" count="2" type="cond" truecount="2" falsecount="0"/>
        <line num="30" count="1" type="stmt"/>
        <line num="32" count="1" type="stmt"/>
        <line num="36" count="3" type="stmt"/>
        <line num="37" count="2" type="cond" truecount="2" falsecount="0"/>
        <line num="38" count="1" type="stmt"/>
        <line num="39" count="1" type="stmt"/>
        <line num="42" count="1" type="cond" truecount="1" falsecount="1"/>
        <line num="43" count="1" type="stmt"/>
        <line num="44" count="1" type="cond" truecount="1" falsecount="1"/>
        <line num="45" count="1" type="stmt"/>
        <line num="47" count="0" type="stmt"/>
        <line num="51" count="3" type="stmt"/>
        <line num="52" count="2" type="stmt"/>
        <line num="53" count="2" type="stmt"/>
        <line num="54" count="2" type="cond" truecount="2" falsecount="0"/>
        <line num="55" count="1" type="stmt"/>
        <line num="57" count="1" type="stmt"/>
        <line num="61" count="3" type="stmt"/>
        <line num="62" count="7" type="cond" truecount="4" falsecount="0"/>
        <line num="63" count="2" type="stmt"/>
        <line num="65" count="5" type="stmt"/>
        <line num="66" count="5" type="stmt"/>
        <line num="67" count="5" type="stmt"/>
        <line num="68" count="5" type="stmt"/>
        <line num="70" count="5" type="stmt"/>
        <line num="72" count="5" type="cond" truecount="2" falsecount="0"/>
        <line num="73" count="4" type="stmt"/>
        <line num="74" count="4" type="stmt"/>
        <line num="75" count="4" type="stmt"/>
        <line num="76" count="4" type="stmt"/>
        <line num="77" count="4" type="stmt"/>
        <line num="79" count="1" type="stmt"/>
        <line num="83" count="3" type="stmt"/>
        <line num="84" count="2" type="cond" truecount="2" falsecount="0"/>
        <line num="85" count="1" type="stmt"/>
        <line num="86" count="1" type="stmt"/>
        <line num="88" count="1" type="stmt"/>
        <line num="93" count="3" type="stmt"/>
        <line num="94" count="2" type="stmt"/>
        <line num="95" count="2" type="stmt"/>
        <line num="96" count="2" type="cond" truecount="2" falsecount="0"/>
        <line num="97" count="1" type="stmt"/>
        <line num="99" count="1" type="stmt"/>
        <line num="102" count="3" type="stmt"/>
        <line num="103" count="2" type="stmt"/>
        <line num="104" count="2" type="stmt"/>
        <line num="105" count="2" type="cond" truecount="2" falsecount="0"/>
        <line num="106" count="1" type="stmt"/>
        <line num="108" count="1" type="stmt"/>
        <line num="113" count="3" type="stmt"/>
      </file>
    </package>
    <package name="back_end.dto">
      <metrics statements="50" coveredstatements="49" conditionals="6" coveredconditionals="6" methods="27" coveredmethods="26"/>
      <file name="MatchDto.js" path="/Users/Francesco/Documents/git/t6-playf3/code/back_end/dto/MatchDto.js">
        <metrics statements="27" coveredstatements="27" conditionals="3" coveredconditionals="3" methods="14" coveredmethods="14"/>
        <line num="1" count="7" type="stmt"/>
        <line num="10" count="36" type="stmt"/>
        <line num="11" count="36" type="stmt"/>
        <line num="12" count="36" type="stmt"/>
        <line num="13" count="36" type="stmt"/>
        <line num="14" count="36" type="stmt"/>
        <line num="15" count="36" type="stmt"/>
        <line num="16" count="36" type="cond" truecount="2" falsecount="0"/>
        <line num="17" count="11" type="stmt"/>
        <line num="18" count="11" type="stmt"/>
        <line num="19" count="11" type="stmt"/>
        <line num="20" count="11" type="stmt"/>
        <line num="21" count="11" type="stmt"/>
        <line num="22" count="11" type="stmt"/>
        <line num="27" count="12" type="stmt"/>
        <line num="42" count="19" type="stmt"/>
        <line num="49" count="13" type="stmt"/>
        <line num="56" count="19" type="stmt"/>
        <line num="63" count="13" type="stmt"/>
        <line num="70" count="19" type="stmt"/>
        <line num="77" count="13" type="stmt"/>
        <line num="84" count="39" type="stmt"/>
        <line num="91" count="1" type="stmt"/>
        <line num="98" count="22" type="stmt"/>
        <line num="105" count="1" type="stmt"/>
        <line num="112" count="18" type="stmt"/>
        <line num="120" count="1" type="stmt"/>
      </file>
      <file name="UserDto.js" path="/Users/Francesco/Documents/git/t6-playf3/code/back_end/dto/UserDto.js">
        <metrics statements="23" coveredstatements="22" conditionals="3" coveredconditionals="3" methods="13" coveredmethods="12"/>
        <line num="2" count="10" type="stmt"/>
        <line num="10" count="64" type="stmt"/>
        <line num="11" count="64" type="stmt"/>
        <line num="12" count="64" type="stmt"/>
        <line num="13" count="64" type="stmt"/>
        <line num="14" count="64" type="cond" truecount="2" falsecount="0"/>
        <line num="15" count="15" type="stmt"/>
        <line num="16" count="15" type="stmt"/>
        <line num="17" count="15" type="stmt"/>
        <line num="18" count="15" type="stmt"/>
        <line num="19" count="15" type="stmt"/>
        <line num="24" count="35" type="stmt"/>
        <line num="38" count="10" type="stmt"/>
        <line num="46" count="28" type="stmt"/>
        <line num="55" count="61" type="stmt"/>
        <line num="64" count="69" type="stmt"/>
        <line num="72" count="16" type="stmt"/>
        <line num="81" count="27" type="stmt"/>
        <line num="89" count="2" type="stmt"/>
        <line num="96" count="60" type="stmt"/>
        <line num="104" count="45" type="stmt"/>
        <line num="108" count="0" type="stmt"/>
        <line num="115" count="1" type="stmt"/>
      </file>
    </package>
    <package name="back_end.models">
      <metrics statements="359" coveredstatements="349" conditionals="27" coveredconditionals="27" methods="46" coveredmethods="46"/>
      <file name="MatchModel.js" path="/Users/Francesco/Documents/git/t6-playf3/code/back_end/models/MatchModel.js">
        <metrics statements="287" coveredstatements="280" conditionals="25" coveredconditionals="25" methods="35" coveredmethods="35"/>
        <line num="1" count="6" type="stmt"/>
        <line num="2" count="6" type="stmt"/>
        <line num="3" count="6" type="stmt"/>
        <line num="5" count="6" type="stmt"/>
        <line num="10" count="24" type="stmt"/>
        <line num="20" count="69" type="cond" truecount="7" falsecount="0"/>
        <line num="21" count="2" type="stmt"/>
        <line num="23" count="67" type="stmt"/>
        <line num="24" count="67" type="stmt"/>
        <line num="25" count="67" type="stmt"/>
        <line num="26" count="67" type="stmt"/>
        <line num="27" count="67" type="stmt"/>
        <line num="28" count="67" type="stmt"/>
        <line num="30" count="0" type="stmt"/>
        <line num="40" count="70" type="stmt"/>
        <line num="41" count="70" type="stmt"/>
        <line num="42" count="70" type="stmt"/>
        <line num="43" count="70" type="stmt"/>
        <line num="44" count="70" type="stmt"/>
        <line num="45" count="70" type="stmt"/>
        <line num="47" count="0" type="stmt"/>
        <line num="59" count="50" type="stmt"/>
        <line num="60" count="50" type="stmt"/>
        <line num="61" count="50" type="stmt"/>
        <line num="62" count="50" type="stmt"/>
        <line num="64" count="50" type="stmt"/>
        <line num="65" count="50" type="stmt"/>
        <line num="66" count="50" type="stmt"/>
        <line num="67" count="49" type="stmt"/>
        <line num="69" count="1" type="stmt"/>
        <line num="79" count="3" type="stmt"/>
        <line num="80" count="3" type="stmt"/>
        <line num="81" count="3" type="stmt"/>
        <line num="82" count="3" type="stmt"/>
        <line num="83" count="3" type="stmt"/>
        <line num="84" count="3" type="stmt"/>
        <line num="86" count="0" type="stmt"/>
        <line num="97" count="24" type="stmt"/>
        <line num="98" count="24" type="stmt"/>
        <line num="99" count="24" type="stmt"/>
        <line num="100" count="24" type="stmt"/>
        <line num="101" count="24" type="stmt"/>
        <line num="102" count="24" type="stmt"/>
        <line num="103" count="24" type="stmt"/>
        <line num="104" count="22" type="stmt"/>
        <line num="106" count="2" type="stmt"/>
        <line num="116" count="19" type="stmt"/>
        <line num="117" count="19" type="stmt"/>
        <line num="118" count="19" type="stmt"/>
        <line num="123" count="19" type="stmt"/>
        <line num="124" count="19" type="stmt"/>
        <line num="125" count="19" type="stmt"/>
        <line num="126" count="19" type="stmt"/>
        <line num="127" count="13" type="stmt"/>
        <line num="128" count="13" type="stmt"/>
        <line num="129" count="13" type="stmt"/>
        <line num="130" count="13" type="stmt"/>
        <line num="131" count="13" type="stmt"/>
        <line num="132" count="13" type="stmt"/>
        <line num="134" count="6" type="stmt"/>
        <line num="145" count="9" type="stmt"/>
        <line num="146" count="9" type="stmt"/>
        <line num="147" count="9" type="stmt"/>
        <line num="150" count="9" type="stmt"/>
        <line num="151" count="9" type="stmt"/>
        <line num="152" count="9" type="stmt"/>
        <line num="154" count="1" type="stmt"/>
        <line num="164" count="20" type="stmt"/>
        <line num="165" count="20" type="stmt"/>
        <line num="166" count="20" type="stmt"/>
        <line num="167" count="20" type="stmt"/>
        <line num="168" count="20" type="stmt"/>
        <line num="169" count="15" type="stmt"/>
        <line num="172" count="5" type="stmt"/>
        <line num="183" count="17" type="stmt"/>
        <line num="184" count="17" type="stmt"/>
        <line num="185" count="17" type="stmt"/>
        <line num="186" count="17" type="stmt"/>
        <line num="187" count="17" type="stmt"/>
        <line num="188" count="16" type="stmt"/>
        <line num="191" count="2" type="stmt"/>
        <line num="202" count="4" type="stmt"/>
        <line num="203" count="4" type="stmt"/>
        <line num="204" count="4" type="stmt"/>
        <line num="205" count="4" type="stmt"/>
        <line num="206" count="4" type="stmt"/>
        <line num="207" count="4" type="stmt"/>
        <line num="208" count="3" type="stmt"/>
        <line num="211" count="1" type="stmt"/>
        <line num="222" count="5" type="stmt"/>
        <line num="223" count="5" type="stmt"/>
        <line num="224" count="5" type="stmt"/>
        <line num="225" count="5" type="stmt"/>
        <line num="226" count="5" type="stmt"/>
        <line num="227" count="5" type="stmt"/>
        <line num="228" count="1" type="stmt"/>
        <line num="231" count="4" type="stmt"/>
        <line num="240" count="10" type="stmt"/>
        <line num="241" count="10" type="stmt"/>
        <line num="242" count="10" type="stmt"/>
        <line num="243" count="10" type="stmt"/>
        <line num="244" count="10" type="stmt"/>
        <line num="245" count="9" type="stmt"/>
        <line num="248" count="1" type="stmt"/>
        <line num="257" count="8" type="stmt"/>
        <line num="258" count="8" type="stmt"/>
        <line num="259" count="8" type="stmt"/>
        <line num="260" count="8" type="stmt"/>
        <line num="261" count="8" type="stmt"/>
        <line num="262" count="6" type="stmt"/>
        <line num="265" count="2" type="stmt"/>
        <line num="274" count="5" type="stmt"/>
        <line num="275" count="5" type="stmt"/>
        <line num="276" count="5" type="stmt"/>
        <line num="277" count="5" type="stmt"/>
        <line num="278" count="5" type="stmt"/>
        <line num="279" count="4" type="stmt"/>
        <line num="282" count="1" type="stmt"/>
        <line num="291" count="4" type="stmt"/>
        <line num="292" count="4" type="stmt"/>
        <line num="293" count="4" type="stmt"/>
        <line num="306" count="4" type="stmt"/>
        <line num="307" count="4" type="stmt"/>
        <line num="308" count="3" type="stmt"/>
        <line num="311" count="1" type="stmt"/>
        <line num="321" count="4" type="stmt"/>
        <line num="322" count="4" type="stmt"/>
        <line num="323" count="4" type="stmt"/>
        <line num="336" count="4" type="stmt"/>
        <line num="337" count="4" type="stmt"/>
        <line num="338" count="3" type="stmt"/>
        <line num="341" count="1" type="stmt"/>
        <line num="354" count="7" type="stmt"/>
        <line num="355" count="7" type="stmt"/>
        <line num="356" count="7" type="stmt"/>
        <line num="359" count="7" type="stmt"/>
        <line num="360" count="7" type="stmt"/>
        <line num="361" count="6" type="stmt"/>
        <line num="364" count="1" type="stmt"/>
        <line num="377" count="7" type="stmt"/>
        <line num="378" count="7" type="stmt"/>
        <line num="379" count="7" type="stmt"/>
        <line num="382" count="7" type="stmt"/>
        <line num="383" count="7" type="stmt"/>
        <line num="384" count="6" type="stmt"/>
        <line num="387" count="1" type="stmt"/>
        <line num="402" count="11" type="stmt"/>
        <line num="403" count="11" type="stmt"/>
        <line num="404" count="11" type="stmt"/>
        <line num="405" count="11" type="stmt"/>
        <line num="406" count="11" type="stmt"/>
        <line num="407" count="11" type="stmt"/>
        <line num="408" count="11" type="stmt"/>
        <line num="409" count="10" type="stmt"/>
        <line num="412" count="1" type="stmt"/>
        <line num="425" count="16" type="stmt"/>
        <line num="426" count="16" type="stmt"/>
        <line num="427" count="16" type="stmt"/>
        <line num="428" count="16" type="stmt"/>
        <line num="429" count="16" type="stmt"/>
        <line num="430" count="16" type="stmt"/>
        <line num="431" count="16" type="stmt"/>
        <line num="432" count="15" type="stmt"/>
        <line num="435" count="1" type="stmt"/>
        <line num="446" count="25" type="stmt"/>
        <line num="447" count="25" type="stmt"/>
        <line num="448" count="25" type="cond" truecount="2" falsecount="0"/>
        <line num="449" count="21" type="stmt"/>
        <line num="451" count="4" type="stmt"/>
        <line num="453" count="25" type="cond" truecount="2" falsecount="0"/>
        <line num="454" count="6" type="stmt"/>
        <line num="456" count="19" type="stmt"/>
        <line num="458" count="25" type="stmt"/>
        <line num="459" count="25" type="stmt"/>
        <line num="460" count="25" type="stmt"/>
        <line num="461" count="24" type="stmt"/>
        <line num="464" count="1" type="stmt"/>
        <line num="475" count="7" type="stmt"/>
        <line num="478" count="7" type="stmt"/>
        <line num="479" count="7" type="stmt"/>
        <line num="481" count="7" type="cond" truecount="2" falsecount="0"/>
        <line num="482" count="6" type="stmt"/>
        <line num="483" count="7" type="stmt"/>
        <line num="484" count="7" type="stmt"/>
        <line num="485" count="6" type="stmt"/>
        <line num="488" count="1" type="stmt"/>
        <line num="500" count="5" type="stmt"/>
        <line num="501" count="5" type="stmt"/>
        <line num="502" count="5" type="stmt"/>
        <line num="503" count="5" type="stmt"/>
        <line num="508" count="5" type="stmt"/>
        <line num="509" count="5" type="stmt"/>
        <line num="510" count="5" type="stmt"/>
        <line num="513" count="2" type="stmt"/>
        <line num="525" count="5" type="stmt"/>
        <line num="526" count="5" type="stmt"/>
        <line num="527" count="5" type="stmt"/>
        <line num="528" count="5" type="stmt"/>
        <line num="533" count="5" type="stmt"/>
        <line num="534" count="5" type="stmt"/>
        <line num="535" count="5" type="stmt"/>
        <line num="538" count="2" type="stmt"/>
        <line num="548" count="14" type="stmt"/>
        <line num="549" count="14" type="stmt"/>
        <line num="550" count="14" type="stmt"/>
        <line num="555" count="14" type="stmt"/>
        <line num="556" count="14" type="stmt"/>
        <line num="557" count="14" type="stmt"/>
        <line num="560" count="10" type="stmt"/>
        <line num="574" count="10" type="stmt"/>
        <line num="575" count="10" type="stmt"/>
        <line num="576" count="10" type="stmt"/>
        <line num="577" count="10" type="stmt"/>
        <line num="579" count="10" type="cond" truecount="2" falsecount="0"/>
        <line num="580" count="5" type="stmt"/>
        <line num="582" count="5" type="stmt"/>
        <line num="584" count="10" type="stmt"/>
        <line num="585" count="10" type="stmt"/>
        <line num="586" count="10" type="stmt"/>
        <line num="587" count="8" type="stmt"/>
        <line num="590" count="2" type="stmt"/>
        <line num="601" count="5" type="stmt"/>
        <line num="602" count="5" type="stmt"/>
        <line num="603" count="5" type="stmt"/>
        <line num="606" count="5" type="stmt"/>
        <line num="607" count="5" type="stmt"/>
        <line num="608" count="5" type="stmt"/>
        <line num="611" count="0" type="stmt"/>
        <line num="623" count="12" type="stmt"/>
        <line num="624" count="12" type="stmt"/>
        <line num="628" count="12" type="cond" truecount="2" falsecount="0"/>
        <line num="629" count="7" type="stmt"/>
        <line num="634" count="5" type="stmt"/>
        <line num="639" count="12" type="stmt"/>
        <line num="640" count="12" type="stmt"/>
        <line num="641" count="12" type="stmt"/>
        <line num="644" count="2" type="stmt"/>
        <line num="654" count="3" type="stmt"/>
        <line num="655" count="3" type="stmt"/>
        <line num="660" count="3" type="stmt"/>
        <line num="661" count="3" type="stmt"/>
        <line num="662" count="3" type="stmt"/>
        <line num="665" count="0" type="stmt"/>
        <line num="674" count="2" type="stmt"/>
        <line num="675" count="2" type="stmt"/>
        <line num="676" count="2" type="stmt"/>
        <line num="677" count="2" type="stmt"/>
        <line num="678" count="2" type="stmt"/>
        <line num="679" count="2" type="stmt"/>
        <line num="682" count="0" type="stmt"/>
        <line num="691" count="4" type="stmt"/>
        <line num="693" count="4" type="stmt"/>
        <line num="694" count="4" type="stmt"/>
        <line num="695" count="4" type="stmt"/>
        <line num="696" count="4" type="cond" truecount="2" falsecount="0"/>
        <line num="697" count="2" type="stmt"/>
        <line num="698" count="2" type="stmt"/>
        <line num="699" count="2" type="stmt"/>
        <line num="700" count="2" type="stmt"/>
        <line num="703" count="0" type="stmt"/>
        <line num="712" count="3" type="stmt"/>
        <line num="714" count="3" type="stmt"/>
        <line num="715" count="3" type="stmt"/>
        <line num="716" count="3" type="stmt"/>
        <line num="717" count="3" type="stmt"/>
        <line num="718" count="2" type="stmt"/>
        <line num="721" count="1" type="stmt"/>
        <line num="733" count="5" type="stmt"/>
        <line num="735" count="5" type="stmt"/>
        <line num="736" count="5" type="stmt"/>
        <line num="738" count="5" type="stmt"/>
        <line num="751" count="5" type="stmt"/>
        <line num="752" count="5" type="stmt"/>
        <line num="753" count="4" type="cond" truecount="2" falsecount="0"/>
        <line num="754" count="1" type="stmt"/>
        <line num="755" count="3" type="stmt"/>
        <line num="758" count="1" type="stmt"/>
        <line num="770" count="5" type="stmt"/>
        <line num="772" count="5" type="stmt"/>
        <line num="773" count="5" type="stmt"/>
        <line num="775" count="5" type="stmt"/>
        <line num="788" count="5" type="stmt"/>
        <line num="789" count="5" type="stmt"/>
        <line num="790" count="4" type="cond" truecount="2" falsecount="0"/>
        <line num="791" count="1" type="stmt"/>
        <line num="792" count="3" type="stmt"/>
        <line num="795" count="1" type="stmt"/>
      </file>
      <file name="Model.js" path="/Users/Francesco/Documents/git/t6-playf3/code/back_end/models/Model.js">
        <metrics statements="13" coveredstatements="12" conditionals="1" coveredconditionals="1" methods="4" coveredmethods="4"/>
        <line num="1" count="9" type="stmt"/>
        <line num="3" count="9" type="stmt"/>
        <line num="13" count="64" type="stmt"/>
        <line num="14" count="64" type="stmt"/>
        <line num="15" count="64" type="stmt"/>
        <line num="19" count="1" type="stmt"/>
        <line num="20" count="1" type="stmt"/>
        <line num="21" count="1" type="stmt"/>
        <line num="22" count="1" type="stmt"/>
        <line num="25" count="0" type="stmt"/>
        <line num="27" count="1" type="stmt"/>
        <line num="34" count="731" type="stmt"/>
        <line num="41" count="732" type="stmt"/>
      </file>
      <file name="UserModel.js" path="/Users/Francesco/Documents/git/t6-playf3/code/back_end/models/UserModel.js">
        <metrics statements="59" coveredstatements="57" conditionals="1" coveredconditionals="1" methods="7" coveredmethods="7"/>
        <line num="1" count="8" type="stmt"/>
        <line num="2" count="8" type="stmt"/>
        <line num="5" count="8" type="stmt"/>
        <line num="12" count="31" type="stmt"/>
        <line num="23" count="15" type="stmt"/>
        <line num="24" count="15" type="stmt"/>
        <line num="25" count="15" type="stmt"/>
        <line num="27" count="15" type="stmt"/>
        <line num="29" count="15" type="stmt"/>
        <line num="30" count="15" type="stmt"/>
        <line num="31" count="14" type="stmt"/>
        <line num="34" count="1" type="stmt"/>
        <line num="47" count="27" type="stmt"/>
        <line num="48" count="27" type="stmt"/>
        <line num="49" count="27" type="stmt"/>
        <line num="50" count="27" type="stmt"/>
        <line num="51" count="27" type="stmt"/>
        <line num="52" count="27" type="stmt"/>
        <line num="55" count="0" type="stmt"/>
        <line num="67" count="64" type="stmt"/>
        <line num="68" count="64" type="stmt"/>
        <line num="69" count="64" type="stmt"/>
        <line num="70" count="64" type="stmt"/>
        <line num="71" count="64" type="stmt"/>
        <line num="72" count="64" type="stmt"/>
        <line num="75" count="0" type="stmt"/>
        <line num="86" count="16" type="stmt"/>
        <line num="88" count="16" type="stmt"/>
        <line num="90" count="16" type="stmt"/>
        <line num="92" count="16" type="stmt"/>
        <line num="93" count="16" type="stmt"/>
        <line num="94" count="16" type="stmt"/>
        <line num="95" count="16" type="stmt"/>
        <line num="96" count="15" type="stmt"/>
        <line num="97" count="15" type="stmt"/>
        <line num="98" count="15" type="stmt"/>
        <line num="99" count="15" type="stmt"/>
        <line num="100" count="15" type="stmt"/>
        <line num="103" count="1" type="stmt"/>
        <line num="114" count="13" type="stmt"/>
        <line num="116" count="13" type="stmt"/>
        <line num="118" count="13" type="stmt"/>
        <line num="120" count="13" type="stmt"/>
        <line num="121" count="13" type="stmt"/>
        <line num="122" count="13" type="stmt"/>
        <line num="123" count="13" type="stmt"/>
        <line num="124" count="12" type="stmt"/>
        <line num="125" count="12" type="stmt"/>
        <line num="126" count="12" type="stmt"/>
        <line num="127" count="12" type="stmt"/>
        <line num="130" count="1" type="stmt"/>
        <line num="142" count="7" type="stmt"/>
        <line num="143" count="7" type="stmt"/>
        <line num="144" count="7" type="stmt"/>
        <line num="146" count="7" type="stmt"/>
        <line num="148" count="7" type="stmt"/>
        <line num="149" count="7" type="stmt"/>
        <line num="150" count="6" type="stmt"/>
        <line num="153" count="1" type="stmt"/>
      </file>
    </package>
    <package name="back_end.utils">
      <metrics statements="83" coveredstatements="83" conditionals="27" coveredconditionals="25" methods="6" coveredmethods="6"/>
      <file name="eloCalculation.js" path="/Users/Francesco/Documents/git/t6-playf3/code/back_end/utils/eloCalculation.js">
        <metrics statements="9" coveredstatements="9" conditionals="2" coveredconditionals="2" methods="1" coveredmethods="1"/>
        <line num="1" count="5" type="stmt"/>
        <line num="2" count="5" type="stmt"/>
        <line num="6" count="2" type="stmt"/>
        <line num="7" count="2" type="stmt"/>
        <line num="10" count="2" type="cond" truecount="2" falsecount="0"/>
        <line num="12" count="2" type="stmt"/>
        <line num="13" count="2" type="stmt"/>
        <line num="15" count="2" type="stmt"/>
        <line num="19" count="5" type="stmt"/>
      </file>
      <file name="randomPosition.js" path="/Users/Francesco/Documents/git/t6-playf3/code/back_end/utils/randomPosition.js">
        <metrics statements="74" coveredstatements="74" conditionals="25" coveredconditionals="23" methods="5" coveredmethods="5"/>
        <line num="1" count="6" type="stmt"/>
        <line num="2" count="6" type="stmt"/>
        <line num="3" count="6" type="stmt"/>
        <line num="4" count="6" type="stmt"/>
        <line num="5" count="6" type="stmt"/>
        <line num="9" count="34" type="stmt"/>
        <line num="11" count="34" type="stmt"/>
        <line num="12" count="34" type="stmt"/>
        <line num="13" count="34" type="stmt"/>
        <line num="15" count="34" type="cond" truecount="2" falsecount="0"/>
        <line num="16" count="34" type="stmt"/>
        <line num="20" count="34" type="stmt"/>
        <line num="21" count="34" type="stmt"/>
        <line num="22" count="34" type="stmt"/>
        <line num="23" count="34" type="stmt"/>
        <line num="24" count="34000" type="stmt"/>
        <line num="25" count="34000" type="stmt"/>
        <line num="26" count="34000" type="stmt"/>
        <line num="29" count="34" type="stmt"/>
        <line num="30" count="34" type="stmt"/>
        <line num="31" count="34" type="stmt"/>
        <line num="32" count="34" type="stmt"/>
        <line num="33" count="34000" type="cond" truecount="2" falsecount="0"/>
        <line num="34" count="197" type="stmt"/>
        <line num="35" count="197" type="stmt"/>
        <line num="36" count="197" type="stmt"/>
        <line num="44" count="34" type="stmt"/>
        <line num="47" count="34000" type="stmt"/>
        <line num="48" count="34000" type="stmt"/>
        <line num="50" count="34000" type="stmt"/>
        <line num="51" count="578000" type="cond" truecount="6" falsecount="0"/>
        <line num="53" count="47712" type="stmt"/>
        <line num="54" count="47712" type="stmt"/>
        <line num="56" count="64769" type="stmt"/>
        <line num="57" count="64769" type="stmt"/>
        <line num="59" count="131988" type="stmt"/>
        <line num="60" count="131988" type="stmt"/>
        <line num="62" count="132250" type="stmt"/>
        <line num="63" count="132250" type="stmt"/>
        <line num="65" count="133281" type="stmt"/>
        <line num="66" count="133281" type="stmt"/>
        <line num="68" count="68000" type="stmt"/>
        <line num="70" count="578000" type="cond" truecount="6" falsecount="0"/>
        <line num="72" count="47503" type="stmt"/>
        <line num="73" count="47503" type="stmt"/>
        <line num="75" count="64377" type="stmt"/>
        <line num="76" count="64377" type="stmt"/>
        <line num="78" count="132757" type="stmt"/>
        <line num="79" count="132757" type="stmt"/>
        <line num="81" count="133255" type="stmt"/>
        <line num="82" count="133255" type="stmt"/>
        <line num="84" count="132108" type="stmt"/>
        <line num="85" count="132108" type="stmt"/>
        <line num="87" count="68000" type="stmt"/>
        <line num="91" count="34000" type="stmt"/>
        <line num="94" count="68000" type="stmt"/>
        <line num="95" count="68000" type="cond" truecount="2" falsecount="0"/>
        <line num="96" count="34000" type="stmt"/>
        <line num="97" count="34000" type="stmt"/>
        <line num="98" count="272000" type="stmt"/>
        <line num="100" count="34000" type="stmt"/>
        <line num="101" count="272000" type="cond" truecount="2" falsecount="0"/>
        <line num="102" count="238000" type="stmt"/>
        <line num="104" count="34000" type="stmt"/>
        <line num="107" count="34000" type="stmt"/>
        <line num="108" count="34000" type="stmt"/>
        <line num="109" count="272000" type="cond" truecount="2" falsecount="0"/>
        <line num="110" count="238000" type="stmt"/>
        <line num="112" count="34000" type="stmt"/>
        <line num="113" count="272000" type="stmt"/>
        <line num="116" count="68000" type="stmt"/>
        <line num="119" count="1020000" type="cond" truecount="1" falsecount="1"/>
        <line num="120" count="1020000" type="stmt"/>
        <line num="123" count="6" type="stmt"/>
      </file>
    </package>
  </project>
</coverage>
