{"/Users/Francesco/Documents/git/t6-playf3/code/back_end/index.js": {"path":"/Users/Francesco/Documents/git/t6-playf3/code/back_end/index.js","statementMap":{"0":{"start":{"line":1,"column":11},"end":{"line":1,"column":24}},"1":{"start":{"line":2,"column":16},"end":{"line":2,"column":34}},"2":{"start":{"line":3,"column":22},"end":{"line":3,"column":31}},"3":{"start":{"line":4,"column":15},"end":{"line":4,"column":41}},"4":{"start":{"line":5,"column":13},"end":{"line":5,"column":28}},"5":{"start":{"line":6,"column":18},"end":{"line":6,"column":48}},"6":{"start":{"line":7,"column":21},"end":{"line":7,"column":45}},"7":{"start":{"line":8,"column":13},"end":{"line":8,"column":56}},"8":{"start":{"line":9,"column":21},"end":{"line":9,"column":58}},"9":{"start":{"line":12,"column":19},"end":{"line":12,"column":67}},"10":{"start":{"line":13,"column":20},"end":{"line":13,"column":65}},"11":{"start":{"line":14,"column":11},"end":{"line":14,"column":57}},"12":{"start":{"line":16,"column":23},"end":{"line":20,"column":1}},"13":{"start":{"line":22,"column":14},"end":{"line":22,"column":74}},"14":{"start":{"line":24,"column":17},"end":{"line":24,"column":37}},"15":{"start":{"line":25,"column":25},"end":{"line":25,"column":66}},"16":{"start":{"line":26,"column":15},"end":{"line":26,"column":37}},"17":{"start":{"line":27,"column":14},"end":{"line":27,"column":39}},"18":{"start":{"line":29,"column":15},"end":{"line":35,"column":2}},"19":{"start":{"line":36,"column":16},"end":{"line":42,"column":2}},"20":{"start":{"line":44,"column":25},"end":{"line":44,"column":47}},"21":{"start":{"line":46,"column":12},"end":{"line":46,"column":29}},"22":{"start":{"line":48,"column":13},"end":{"line":48,"column":33}},"23":{"start":{"line":50,"column":16},"end":{"line":50,"column":42}},"24":{"start":{"line":51,"column":16},"end":{"line":51,"column":52}},"25":{"start":{"line":52,"column":19},"end":{"line":52,"column":60}},"26":{"start":{"line":54,"column":15},"end":{"line":54,"column":34}},"27":{"start":{"line":56,"column":16},"end":{"line":73,"column":1}},"28":{"start":{"line":75,"column":19},"end":{"line":75,"column":42}},"29":{"start":{"line":77,"column":26},"end":{"line":90,"column":2}},"30":{"start":{"line":92,"column":0},"end":{"line":92,"column":37}},"31":{"start":{"line":96,"column":0},"end":{"line":99,"column":4}},"32":{"start":{"line":102,"column":0},"end":{"line":102,"column":34}},"33":{"start":{"line":105,"column":0},"end":{"line":105,"column":26}},"34":{"start":{"line":107,"column":22},"end":{"line":107,"column":24}},"35":{"start":{"line":108,"column":22},"end":{"line":108,"column":55}},"36":{"start":{"line":110,"column":0},"end":{"line":110,"column":37}},"37":{"start":{"line":111,"column":0},"end":{"line":111,"column":38}},"38":{"start":{"line":113,"column":0},"end":{"line":118,"column":1}},"39":{"start":{"line":114,"column":4},"end":{"line":116,"column":7}},"40":{"start":{"line":115,"column":8},"end":{"line":115,"column":53}},"41":{"start":{"line":120,"column":0},"end":{"line":120,"column":37}},"42":{"start":{"line":123,"column":17},"end":{"line":123,"column":32}},"43":{"start":{"line":124,"column":21},"end":{"line":124,"column":63}},"44":{"start":{"line":125,"column":4},"end":{"line":125,"column":48}},"45":{"start":{"line":126,"column":4},"end":{"line":126,"column":53}},"46":{"start":{"line":129,"column":0},"end":{"line":131,"column":3}},"47":{"start":{"line":130,"column":4},"end":{"line":130,"column":32}},"48":{"start":{"line":133,"column":0},"end":{"line":135,"column":3}},"49":{"start":{"line":134,"column":4},"end":{"line":134,"column":32}},"50":{"start":{"line":137,"column":0},"end":{"line":139,"column":3}},"51":{"start":{"line":138,"column":4},"end":{"line":138,"column":32}},"52":{"start":{"line":141,"column":0},"end":{"line":143,"column":3}},"53":{"start":{"line":142,"column":4},"end":{"line":142,"column":32}},"54":{"start":{"line":145,"column":0},"end":{"line":147,"column":3}},"55":{"start":{"line":146,"column":4},"end":{"line":146,"column":32}},"56":{"start":{"line":150,"column":0},"end":{"line":153,"column":3}},"57":{"start":{"line":151,"column":16},"end":{"line":151,"column":27}},"58":{"start":{"line":152,"column":4},"end":{"line":152,"column":37}},"59":{"start":{"line":155,"column":0},"end":{"line":158,"column":3}},"60":{"start":{"line":156,"column":4},"end":{"line":156,"column":25}},"61":{"start":{"line":157,"column":4},"end":{"line":157,"column":42}},"62":{"start":{"line":160,"column":0},"end":{"line":163,"column":3}},"63":{"start":{"line":161,"column":4},"end":{"line":161,"column":26}},"64":{"start":{"line":162,"column":4},"end":{"line":162,"column":42}},"65":{"start":{"line":165,"column":19},"end":{"line":167,"column":2}},"66":{"start":{"line":166,"column":4},"end":{"line":166,"column":53}},"67":{"start":{"line":169,"column":20},"end":{"line":171,"column":2}},"68":{"start":{"line":170,"column":4},"end":{"line":170,"column":53}},"69":{"start":{"line":175,"column":4},"end":{"line":175,"column":23}},"70":{"start":{"line":176,"column":4},"end":{"line":176,"column":24}},"71":{"start":{"line":179,"column":0},"end":{"line":179,"column":58}}},"fnMap":{"0":{"name":"(anonymous_0)","decl":{"start":{"line":114,"column":24},"end":{"line":114,"column":25}},"loc":{"start":{"line":114,"column":36},"end":{"line":116,"column":5}},"line":114},"1":{"name":"handleViewRequest","decl":{"start":{"line":122,"column":9},"end":{"line":122,"column":26}},"loc":{"start":{"line":122,"column":37},"end":{"line":127,"column":1}},"line":122},"2":{"name":"(anonymous_2)","decl":{"start":{"line":129,"column":23},"end":{"line":129,"column":24}},"loc":{"start":{"line":129,"column":37},"end":{"line":131,"column":1}},"line":129},"3":{"name":"(anonymous_3)","decl":{"start":{"line":133,"column":28},"end":{"line":133,"column":29}},"loc":{"start":{"line":133,"column":42},"end":{"line":135,"column":1}},"line":133},"4":{"name":"(anonymous_4)","decl":{"start":{"line":137,"column":29},"end":{"line":137,"column":30}},"loc":{"start":{"line":137,"column":43},"end":{"line":139,"column":1}},"line":137},"5":{"name":"(anonymous_5)","decl":{"start":{"line":141,"column":31},"end":{"line":141,"column":32}},"loc":{"start":{"line":141,"column":45},"end":{"line":143,"column":1}},"line":141},"6":{"name":"(anonymous_6)","decl":{"start":{"line":145,"column":32},"end":{"line":145,"column":33}},"loc":{"start":{"line":145,"column":46},"end":{"line":147,"column":1}},"line":145},"7":{"name":"(anonymous_7)","decl":{"start":{"line":150,"column":27},"end":{"line":150,"column":28}},"loc":{"start":{"line":150,"column":39},"end":{"line":153,"column":1}},"line":150},"8":{"name":"(anonymous_8)","decl":{"start":{"line":155,"column":27},"end":{"line":155,"column":28}},"loc":{"start":{"line":155,"column":39},"end":{"line":158,"column":1}},"line":155},"9":{"name":"(anonymous_9)","decl":{"start":{"line":160,"column":29},"end":{"line":160,"column":30}},"loc":{"start":{"line":160,"column":41},"end":{"line":163,"column":1}},"line":160},"10":{"name":"(anonymous_10)","decl":{"start":{"line":165,"column":37},"end":{"line":165,"column":38}},"loc":{"start":{"line":165,"column":43},"end":{"line":167,"column":1}},"line":165},"11":{"name":"(anonymous_11)","decl":{"start":{"line":169,"column":39},"end":{"line":169,"column":40}},"loc":{"start":{"line":169,"column":45},"end":{"line":171,"column":1}},"line":169},"12":{"name":"close","decl":{"start":{"line":174,"column":9},"end":{"line":174,"column":14}},"loc":{"start":{"line":174,"column":17},"end":{"line":177,"column":1}},"line":174}},"branchMap":{},"s":{"0":3,"1":3,"2":3,"3":3,"4":3,"5":3,"6":3,"7":3,"8":3,"9":3,"10":3,"11":3,"12":3,"13":3,"14":3,"15":3,"16":3,"17":3,"18":3,"19":3,"20":3,"21":3,"22":3,"23":3,"24":3,"25":3,"26":3,"27":3,"28":3,"29":3,"30":3,"31":3,"32":3,"33":3,"34":3,"35":3,"36":3,"37":3,"38":3,"39":6,"40":11,"41":3,"42":0,"43":0,"44":0,"45":0,"46":3,"47":0,"48":3,"49":0,"50":3,"51":0,"52":3,"53":0,"54":3,"55":0,"56":3,"57":0,"58":0,"59":3,"60":0,"61":0,"62":3,"63":0,"64":0,"65":3,"66":3,"67":3,"68":3,"69":3,"70":3,"71":3},"f":{"0":11,"1":0,"2":0,"3":0,"4":0,"5":0,"6":0,"7":0,"8":0,"9":0,"10":3,"11":3,"12":3},"b":{},"_coverageSchema":"1a1c01bbd47fc00a2c39e90264f33305004495a9","hash":"cddd5a8cb27ac4aa0d712da76b5c46760c96f5ca"}
,"/Users/Francesco/Documents/git/t6-playf3/code/back_end/config/dbConn.js": {"path":"/Users/Francesco/Documents/git/t6-playf3/code/back_end/config/dbConn.js","statementMap":{"0":{"start":{"line":2,"column":27},"end":{"line":2,"column":44}},"1":{"start":{"line":3,"column":15},"end":{"line":3,"column":34}},"2":{"start":{"line":7,"column":4},"end":{"line":12,"column":5}},"3":{"start":{"line":8,"column":8},"end":{"line":10,"column":9}},"4":{"start":{"line":9,"column":12},"end":{"line":9,"column":31}},"5":{"start":{"line":11,"column":8},"end":{"line":11,"column":28}},"6":{"start":{"line":13,"column":4},"end":{"line":19,"column":7}},"7":{"start":{"line":20,"column":4},"end":{"line":20,"column":26}},"8":{"start":{"line":21,"column":4},"end":{"line":21,"column":35}},"9":{"start":{"line":22,"column":4},"end":{"line":22,"column":23}},"10":{"start":{"line":25,"column":0},"end":{"line":25,"column":36}}},"fnMap":{"0":{"name":"getMysqlConnection","decl":{"start":{"line":6,"column":15},"end":{"line":6,"column":33}},"loc":{"start":{"line":6,"column":50},"end":{"line":23,"column":1}},"line":6}},"branchMap":{"0":{"loc":{"start":{"line":7,"column":4},"end":{"line":12,"column":5}},"type":"if","locations":[{"start":{"line":7,"column":4},"end":{"line":12,"column":5}},{"start":{},"end":{}}],"line":7},"1":{"loc":{"start":{"line":7,"column":7},"end":{"line":7,"column":56}},"type":"binary-expr","locations":[{"start":{"line":7,"column":7},"end":{"line":7,"column":27}},{"start":{"line":7,"column":31},"end":{"line":7,"column":56}}],"line":7},"2":{"loc":{"start":{"line":8,"column":8},"end":{"line":10,"column":9}},"type":"if","locations":[{"start":{"line":8,"column":8},"end":{"line":10,"column":9}},{"start":{},"end":{}}],"line":8},"3":{"loc":{"start":{"line":15,"column":14},"end":{"line":15,"column":71}},"type":"cond-expr","locations":[{"start":{"line":15,"column":21},"end":{"line":15,"column":47}},{"start":{"line":15,"column":50},"end":{"line":15,"column":71}}],"line":15},"4":{"loc":{"start":{"line":17,"column":18},"end":{"line":17,"column":75}},"type":"cond-expr","locations":[{"start":{"line":17,"column":25},"end":{"line":17,"column":51}},{"start":{"line":17,"column":54},"end":{"line":17,"column":75}}],"line":17},"5":{"loc":{"start":{"line":18,"column":18},"end":{"line":18,"column":75}},"type":"cond-expr","locations":[{"start":{"line":18,"column":25},"end":{"line":18,"column":51}},{"start":{"line":18,"column":54},"end":{"line":18,"column":75}}],"line":18}},"s":{"0":9,"1":9,"2":731,"3":722,"4":721,"5":1,"6":10,"7":10,"8":10,"9":10,"10":9},"f":{"0":731},"b":{"0":[722,9],"1":[731,731],"2":[721,1],"3":[0,10],"4":[0,10],"5":[0,10]},"_coverageSchema":"1a1c01bbd47fc00a2c39e90264f33305004495a9","hash":"ed3575ff39a40618756c727c9e8f3f3223083225"}
,"/Users/Francesco/Documents/git/t6-playf3/code/back_end/config/playf3.js": {"path":"/Users/Francesco/Documents/git/t6-playf3/code/back_end/config/playf3.js","statementMap":{"0":{"start":{"line":2,"column":13},"end":{"line":87,"column":1}},"1":{"start":{"line":89,"column":0},"end":{"line":89,"column":24}}},"fnMap":{},"branchMap":{},"s":{"0":10,"1":10},"f":{},"b":{},"_coverageSchema":"1a1c01bbd47fc00a2c39e90264f33305004495a9","hash":"1e38966d3f15b0429d1d82d5293aa892759d1c73"}
,"/Users/Francesco/Documents/git/t6-playf3/code/back_end/controllers/Controller.js": {"path":"/Users/Francesco/Documents/git/t6-playf3/code/back_end/controllers/Controller.js","statementMap":{"0":{"start":{"line":1,"column":15},"end":{"line":1,"column":32}},"1":{"start":{"line":2,"column":15},"end":{"line":2,"column":42}},"2":{"start":{"line":3,"column":16},"end":{"line":3,"column":41}},"3":{"start":{"line":4,"column":0},"end":{"line":94,"column":1}},"4":{"start":{"line":9,"column":8},"end":{"line":9,"column":30}},"5":{"start":{"line":17,"column":8},"end":{"line":22,"column":10}},"6":{"start":{"line":30,"column":8},"end":{"line":37,"column":9}},"7":{"start":{"line":31,"column":25},"end":{"line":31,"column":102}},"8":{"start":{"line":32,"column":32},"end":{"line":32,"column":69}},"9":{"start":{"line":33,"column":12},"end":{"line":33,"column":49}},"10":{"start":{"line":34,"column":12},"end":{"line":34,"column":33}},"11":{"start":{"line":36,"column":12},"end":{"line":36,"column":22}},"12":{"start":{"line":45,"column":23},"end":{"line":45,"column":102}},"13":{"start":{"line":46,"column":28},"end":{"line":46,"column":71}},"14":{"start":{"line":47,"column":8},"end":{"line":47,"column":48}},"15":{"start":{"line":48,"column":8},"end":{"line":48,"column":29}},"16":{"start":{"line":57,"column":8},"end":{"line":57,"column":65}},"17":{"start":{"line":64,"column":8},"end":{"line":64,"column":48}},"18":{"start":{"line":72,"column":22},"end":{"line":72,"column":35}},"19":{"start":{"line":73,"column":8},"end":{"line":73,"column":33}},"20":{"start":{"line":74,"column":8},"end":{"line":74,"column":29}},"21":{"start":{"line":75,"column":8},"end":{"line":75,"column":41}},"22":{"start":{"line":76,"column":8},"end":{"line":76,"column":69}},"23":{"start":{"line":77,"column":8},"end":{"line":77,"column":23}},"24":{"start":{"line":84,"column":8},"end":{"line":87,"column":30}},"25":{"start":{"line":85,"column":12},"end":{"line":85,"column":33}},"26":{"start":{"line":87,"column":12},"end":{"line":87,"column":30}},"27":{"start":{"line":89,"column":25},"end":{"line":89,"column":88}},"28":{"start":{"line":90,"column":8},"end":{"line":90,"column":70}}},"fnMap":{"0":{"name":"(anonymous_0)","decl":{"start":{"line":8,"column":4},"end":{"line":8,"column":5}},"loc":{"start":{"line":8,"column":18},"end":{"line":10,"column":5}},"line":8},"1":{"name":"(anonymous_1)","decl":{"start":{"line":16,"column":4},"end":{"line":16,"column":5}},"loc":{"start":{"line":16,"column":22},"end":{"line":23,"column":5}},"line":16},"2":{"name":"(anonymous_2)","decl":{"start":{"line":29,"column":4},"end":{"line":29,"column":5}},"loc":{"start":{"line":29,"column":19},"end":{"line":38,"column":5}},"line":29},"3":{"name":"(anonymous_3)","decl":{"start":{"line":44,"column":4},"end":{"line":44,"column":5}},"loc":{"start":{"line":44,"column":23},"end":{"line":49,"column":5}},"line":44},"4":{"name":"(anonymous_4)","decl":{"start":{"line":56,"column":4},"end":{"line":56,"column":5}},"loc":{"start":{"line":56,"column":28},"end":{"line":58,"column":5}},"line":56},"5":{"name":"(anonymous_5)","decl":{"start":{"line":63,"column":4},"end":{"line":63,"column":5}},"loc":{"start":{"line":63,"column":19},"end":{"line":65,"column":5}},"line":63},"6":{"name":"(anonymous_6)","decl":{"start":{"line":71,"column":4},"end":{"line":71,"column":5}},"loc":{"start":{"line":71,"column":28},"end":{"line":78,"column":5}},"line":71},"7":{"name":"(anonymous_7)","decl":{"start":{"line":81,"column":4},"end":{"line":81,"column":5}},"loc":{"start":{"line":81,"column":31},"end":{"line":91,"column":5}},"line":81}},"branchMap":{"0":{"loc":{"start":{"line":81,"column":19},"end":{"line":81,"column":29}},"type":"default-arg","locations":[{"start":{"line":81,"column":25},"end":{"line":81,"column":29}}],"line":81},"1":{"loc":{"start":{"line":84,"column":8},"end":{"line":87,"column":30}},"type":"if","locations":[{"start":{"line":84,"column":8},"end":{"line":87,"column":30}},{"start":{"line":87,"column":12},"end":{"line":87,"column":30}}],"line":84},"2":{"loc":{"start":{"line":89,"column":59},"end":{"line":89,"column":87}},"type":"cond-expr","locations":[{"start":{"line":89,"column":81},"end":{"line":89,"column":83}},{"start":{"line":89,"column":86},"end":{"line":89,"column":87}}],"line":89}},"s":{"0":7,"1":7,"2":7,"3":7,"4":55,"5":452,"6":54,"7":54,"8":54,"9":53,"10":53,"11":1,"12":45,"13":45,"14":45,"15":45,"16":3,"17":27,"18":1,"19":1,"20":1,"21":1,"22":1,"23":1,"24":45,"25":5,"26":40,"27":45,"28":45},"f":{"0":55,"1":452,"2":54,"3":45,"4":3,"5":27,"6":1,"7":45},"b":{"0":[21],"1":[5,40],"2":[0,45]},"_coverageSchema":"1a1c01bbd47fc00a2c39e90264f33305004495a9","hash":"d167adbe2570c18b58cbd34cc1d915398506b36e"}
,"/Users/Francesco/Documents/git/t6-playf3/code/back_end/controllers/MatchController.js": {"path":"/Users/Francesco/Documents/git/t6-playf3/code/back_end/controllers/MatchController.js","statementMap":{"0":{"start":{"line":1,"column":19},"end":{"line":1,"column":42}},"1":{"start":{"line":2,"column":19},"end":{"line":2,"column":50}},"2":{"start":{"line":3,"column":15},"end":{"line":3,"column":42}},"3":{"start":{"line":4,"column":23},"end":{"line":4,"column":57}},"4":{"start":{"line":5,"column":23},"end":{"line":5,"column":50}},"5":{"start":{"line":6,"column":31},"end":{"line":6,"column":65}},"6":{"start":{"line":7,"column":21},"end":{"line":7,"column":55}},"7":{"start":{"line":8,"column":0},"end":{"line":938,"column":1}},"8":{"start":{"line":14,"column":8},"end":{"line":14,"column":16}},"9":{"start":{"line":15,"column":8},"end":{"line":15,"column":50}},"10":{"start":{"line":16,"column":8},"end":{"line":16,"column":58}},"11":{"start":{"line":28,"column":21},"end":{"line":28,"column":44}},"12":{"start":{"line":29,"column":8},"end":{"line":34,"column":9}},"13":{"start":{"line":30,"column":12},"end":{"line":30,"column":33}},"14":{"start":{"line":31,"column":12},"end":{"line":31,"column":35}},"15":{"start":{"line":32,"column":12},"end":{"line":32,"column":54}},"16":{"start":{"line":33,"column":12},"end":{"line":33,"column":26}},"17":{"start":{"line":36,"column":8},"end":{"line":36,"column":76}},"18":{"start":{"line":37,"column":8},"end":{"line":38,"column":26}},"19":{"start":{"line":38,"column":12},"end":{"line":38,"column":26}},"20":{"start":{"line":40,"column":8},"end":{"line":40,"column":78}},"21":{"start":{"line":42,"column":8},"end":{"line":42,"column":22}},"22":{"start":{"line":55,"column":21},"end":{"line":55,"column":44}},"23":{"start":{"line":56,"column":8},"end":{"line":61,"column":9}},"24":{"start":{"line":57,"column":12},"end":{"line":57,"column":30}},"25":{"start":{"line":58,"column":12},"end":{"line":58,"column":41}},"26":{"start":{"line":59,"column":12},"end":{"line":59,"column":32}},"27":{"start":{"line":60,"column":12},"end":{"line":60,"column":26}},"28":{"start":{"line":63,"column":8},"end":{"line":63,"column":41}},"29":{"start":{"line":64,"column":8},"end":{"line":69,"column":9}},"30":{"start":{"line":65,"column":12},"end":{"line":65,"column":33}},"31":{"start":{"line":66,"column":12},"end":{"line":66,"column":35}},"32":{"start":{"line":67,"column":12},"end":{"line":67,"column":54}},"33":{"start":{"line":68,"column":12},"end":{"line":68,"column":26}},"34":{"start":{"line":71,"column":8},"end":{"line":71,"column":74}},"35":{"start":{"line":72,"column":8},"end":{"line":73,"column":26}},"36":{"start":{"line":73,"column":12},"end":{"line":73,"column":26}},"37":{"start":{"line":75,"column":8},"end":{"line":75,"column":78}},"38":{"start":{"line":77,"column":8},"end":{"line":79,"column":26}},"39":{"start":{"line":79,"column":12},"end":{"line":79,"column":26}},"40":{"start":{"line":82,"column":22},"end":{"line":82,"column":63}},"41":{"start":{"line":83,"column":8},"end":{"line":83,"column":36}},"42":{"start":{"line":86,"column":8},"end":{"line":90,"column":9}},"43":{"start":{"line":87,"column":12},"end":{"line":87,"column":87}},"44":{"start":{"line":89,"column":12},"end":{"line":89,"column":87}},"45":{"start":{"line":92,"column":8},"end":{"line":97,"column":9}},"46":{"start":{"line":93,"column":12},"end":{"line":93,"column":30}},"47":{"start":{"line":94,"column":12},"end":{"line":94,"column":49}},"48":{"start":{"line":95,"column":12},"end":{"line":95,"column":32}},"49":{"start":{"line":96,"column":12},"end":{"line":96,"column":26}},"50":{"start":{"line":99,"column":8},"end":{"line":99,"column":22}},"51":{"start":{"line":111,"column":21},"end":{"line":111,"column":76}},"52":{"start":{"line":112,"column":8},"end":{"line":113,"column":26}},"53":{"start":{"line":113,"column":12},"end":{"line":113,"column":26}},"54":{"start":{"line":115,"column":22},"end":{"line":115,"column":73}},"55":{"start":{"line":116,"column":27},"end":{"line":116,"column":86}},"56":{"start":{"line":118,"column":8},"end":{"line":119,"column":88}},"57":{"start":{"line":119,"column":12},"end":{"line":119,"column":88}},"58":{"start":{"line":121,"column":8},"end":{"line":125,"column":9}},"59":{"start":{"line":122,"column":12},"end":{"line":122,"column":33}},"60":{"start":{"line":123,"column":12},"end":{"line":123,"column":53}},"61":{"start":{"line":124,"column":12},"end":{"line":124,"column":26}},"62":{"start":{"line":127,"column":8},"end":{"line":127,"column":22}},"63":{"start":{"line":135,"column":21},"end":{"line":135,"column":44}},"64":{"start":{"line":137,"column":27},"end":{"line":137,"column":72}},"65":{"start":{"line":138,"column":8},"end":{"line":142,"column":9}},"66":{"start":{"line":139,"column":12},"end":{"line":139,"column":33}},"67":{"start":{"line":140,"column":12},"end":{"line":140,"column":40}},"68":{"start":{"line":141,"column":12},"end":{"line":141,"column":26}},"69":{"start":{"line":143,"column":8},"end":{"line":143,"column":51}},"70":{"start":{"line":144,"column":8},"end":{"line":144,"column":22}},"71":{"start":{"line":153,"column":21},"end":{"line":153,"column":76}},"72":{"start":{"line":154,"column":8},"end":{"line":156,"column":9}},"73":{"start":{"line":155,"column":12},"end":{"line":155,"column":26}},"74":{"start":{"line":158,"column":8},"end":{"line":158,"column":22}},"75":{"start":{"line":167,"column":21},"end":{"line":167,"column":77}},"76":{"start":{"line":168,"column":8},"end":{"line":170,"column":9}},"77":{"start":{"line":169,"column":12},"end":{"line":169,"column":26}},"78":{"start":{"line":171,"column":8},"end":{"line":171,"column":22}},"79":{"start":{"line":181,"column":21},"end":{"line":181,"column":44}},"80":{"start":{"line":182,"column":27},"end":{"line":182,"column":67}},"81":{"start":{"line":183,"column":8},"end":{"line":188,"column":9}},"82":{"start":{"line":184,"column":12},"end":{"line":184,"column":33}},"83":{"start":{"line":185,"column":12},"end":{"line":185,"column":35}},"84":{"start":{"line":186,"column":12},"end":{"line":186,"column":82}},"85":{"start":{"line":187,"column":12},"end":{"line":187,"column":26}},"86":{"start":{"line":189,"column":21},"end":{"line":189,"column":58}},"87":{"start":{"line":190,"column":8},"end":{"line":195,"column":9}},"88":{"start":{"line":191,"column":12},"end":{"line":191,"column":33}},"89":{"start":{"line":192,"column":12},"end":{"line":192,"column":35}},"90":{"start":{"line":193,"column":12},"end":{"line":193,"column":82}},"91":{"start":{"line":194,"column":12},"end":{"line":194,"column":26}},"92":{"start":{"line":196,"column":8},"end":{"line":196,"column":45}},"93":{"start":{"line":197,"column":8},"end":{"line":197,"column":47}},"94":{"start":{"line":198,"column":8},"end":{"line":198,"column":22}},"95":{"start":{"line":207,"column":21},"end":{"line":207,"column":44}},"96":{"start":{"line":208,"column":18},"end":{"line":208,"column":38}},"97":{"start":{"line":209,"column":29},"end":{"line":209,"column":72}},"98":{"start":{"line":211,"column":24},"end":{"line":211,"column":70}},"99":{"start":{"line":212,"column":8},"end":{"line":217,"column":9}},"100":{"start":{"line":213,"column":12},"end":{"line":213,"column":33}},"101":{"start":{"line":214,"column":12},"end":{"line":214,"column":35}},"102":{"start":{"line":215,"column":12},"end":{"line":215,"column":45}},"103":{"start":{"line":216,"column":12},"end":{"line":216,"column":26}},"104":{"start":{"line":219,"column":23},"end":{"line":219,"column":75}},"105":{"start":{"line":220,"column":8},"end":{"line":225,"column":9}},"106":{"start":{"line":221,"column":12},"end":{"line":221,"column":33}},"107":{"start":{"line":222,"column":12},"end":{"line":222,"column":35}},"108":{"start":{"line":223,"column":12},"end":{"line":223,"column":60}},"109":{"start":{"line":224,"column":12},"end":{"line":224,"column":26}},"110":{"start":{"line":227,"column":8},"end":{"line":237,"column":9}},"111":{"start":{"line":228,"column":29},"end":{"line":228,"column":53}},"112":{"start":{"line":229,"column":12},"end":{"line":229,"column":62}},"113":{"start":{"line":230,"column":29},"end":{"line":230,"column":91}},"114":{"start":{"line":231,"column":12},"end":{"line":236,"column":13}},"115":{"start":{"line":232,"column":16},"end":{"line":232,"column":37}},"116":{"start":{"line":233,"column":16},"end":{"line":233,"column":39}},"117":{"start":{"line":234,"column":16},"end":{"line":234,"column":56}},"118":{"start":{"line":235,"column":16},"end":{"line":235,"column":30}},"119":{"start":{"line":239,"column":27},"end":{"line":239,"column":56}},"120":{"start":{"line":240,"column":8},"end":{"line":245,"column":9}},"121":{"start":{"line":241,"column":12},"end":{"line":241,"column":33}},"122":{"start":{"line":242,"column":12},"end":{"line":242,"column":35}},"123":{"start":{"line":243,"column":12},"end":{"line":243,"column":62}},"124":{"start":{"line":244,"column":12},"end":{"line":244,"column":26}},"125":{"start":{"line":247,"column":22},"end":{"line":247,"column":69}},"126":{"start":{"line":248,"column":26},"end":{"line":248,"column":86}},"127":{"start":{"line":249,"column":8},"end":{"line":254,"column":9}},"128":{"start":{"line":250,"column":12},"end":{"line":250,"column":33}},"129":{"start":{"line":251,"column":12},"end":{"line":251,"column":35}},"130":{"start":{"line":252,"column":12},"end":{"line":252,"column":63}},"131":{"start":{"line":253,"column":12},"end":{"line":253,"column":26}},"132":{"start":{"line":256,"column":8},"end":{"line":256,"column":72}},"133":{"start":{"line":257,"column":8},"end":{"line":257,"column":56}},"134":{"start":{"line":258,"column":8},"end":{"line":258,"column":42}},"135":{"start":{"line":259,"column":8},"end":{"line":259,"column":22}},"136":{"start":{"line":268,"column":21},"end":{"line":268,"column":44}},"137":{"start":{"line":269,"column":18},"end":{"line":269,"column":39}},"138":{"start":{"line":271,"column":30},"end":{"line":271,"column":74}},"139":{"start":{"line":273,"column":24},"end":{"line":273,"column":70}},"140":{"start":{"line":274,"column":8},"end":{"line":279,"column":9}},"141":{"start":{"line":275,"column":12},"end":{"line":275,"column":33}},"142":{"start":{"line":276,"column":12},"end":{"line":276,"column":35}},"143":{"start":{"line":277,"column":12},"end":{"line":277,"column":45}},"144":{"start":{"line":278,"column":12},"end":{"line":278,"column":26}},"145":{"start":{"line":281,"column":23},"end":{"line":281,"column":76}},"146":{"start":{"line":282,"column":8},"end":{"line":287,"column":9}},"147":{"start":{"line":283,"column":12},"end":{"line":283,"column":33}},"148":{"start":{"line":284,"column":12},"end":{"line":284,"column":35}},"149":{"start":{"line":285,"column":12},"end":{"line":285,"column":60}},"150":{"start":{"line":286,"column":12},"end":{"line":286,"column":26}},"151":{"start":{"line":289,"column":8},"end":{"line":299,"column":9}},"152":{"start":{"line":290,"column":29},"end":{"line":290,"column":53}},"153":{"start":{"line":291,"column":12},"end":{"line":291,"column":63}},"154":{"start":{"line":292,"column":29},"end":{"line":292,"column":93}},"155":{"start":{"line":293,"column":12},"end":{"line":298,"column":13}},"156":{"start":{"line":294,"column":16},"end":{"line":294,"column":37}},"157":{"start":{"line":295,"column":16},"end":{"line":295,"column":39}},"158":{"start":{"line":296,"column":16},"end":{"line":296,"column":56}},"159":{"start":{"line":297,"column":16},"end":{"line":297,"column":30}},"160":{"start":{"line":301,"column":27},"end":{"line":301,"column":57}},"161":{"start":{"line":302,"column":8},"end":{"line":307,"column":9}},"162":{"start":{"line":303,"column":12},"end":{"line":303,"column":33}},"163":{"start":{"line":304,"column":12},"end":{"line":304,"column":35}},"164":{"start":{"line":305,"column":12},"end":{"line":305,"column":62}},"165":{"start":{"line":306,"column":12},"end":{"line":306,"column":26}},"166":{"start":{"line":309,"column":22},"end":{"line":309,"column":69}},"167":{"start":{"line":310,"column":27},"end":{"line":310,"column":88}},"168":{"start":{"line":311,"column":8},"end":{"line":316,"column":9}},"169":{"start":{"line":312,"column":12},"end":{"line":312,"column":33}},"170":{"start":{"line":313,"column":12},"end":{"line":313,"column":35}},"171":{"start":{"line":314,"column":12},"end":{"line":314,"column":63}},"172":{"start":{"line":315,"column":12},"end":{"line":315,"column":26}},"173":{"start":{"line":318,"column":8},"end":{"line":318,"column":72}},"174":{"start":{"line":319,"column":8},"end":{"line":319,"column":57}},"175":{"start":{"line":320,"column":8},"end":{"line":320,"column":42}},"176":{"start":{"line":321,"column":8},"end":{"line":321,"column":22}},"177":{"start":{"line":332,"column":21},"end":{"line":332,"column":44}},"178":{"start":{"line":333,"column":8},"end":{"line":334,"column":39}},"179":{"start":{"line":334,"column":12},"end":{"line":334,"column":39}},"180":{"start":{"line":336,"column":29},"end":{"line":336,"column":72}},"181":{"start":{"line":338,"column":8},"end":{"line":348,"column":9}},"182":{"start":{"line":339,"column":29},"end":{"line":339,"column":55}},"183":{"start":{"line":340,"column":12},"end":{"line":340,"column":62}},"184":{"start":{"line":341,"column":29},"end":{"line":341,"column":91}},"185":{"start":{"line":342,"column":12},"end":{"line":347,"column":13}},"186":{"start":{"line":343,"column":16},"end":{"line":343,"column":37}},"187":{"start":{"line":344,"column":16},"end":{"line":344,"column":39}},"188":{"start":{"line":345,"column":16},"end":{"line":345,"column":56}},"189":{"start":{"line":346,"column":16},"end":{"line":346,"column":30}},"190":{"start":{"line":350,"column":8},"end":{"line":350,"column":56}},"191":{"start":{"line":351,"column":8},"end":{"line":351,"column":22}},"192":{"start":{"line":361,"column":21},"end":{"line":361,"column":44}},"193":{"start":{"line":363,"column":8},"end":{"line":364,"column":40}},"194":{"start":{"line":364,"column":12},"end":{"line":364,"column":40}},"195":{"start":{"line":366,"column":30},"end":{"line":366,"column":74}},"196":{"start":{"line":368,"column":8},"end":{"line":378,"column":9}},"197":{"start":{"line":369,"column":29},"end":{"line":369,"column":55}},"198":{"start":{"line":370,"column":12},"end":{"line":370,"column":63}},"199":{"start":{"line":371,"column":29},"end":{"line":371,"column":93}},"200":{"start":{"line":372,"column":12},"end":{"line":377,"column":13}},"201":{"start":{"line":373,"column":16},"end":{"line":373,"column":37}},"202":{"start":{"line":374,"column":16},"end":{"line":374,"column":39}},"203":{"start":{"line":375,"column":16},"end":{"line":375,"column":56}},"204":{"start":{"line":376,"column":16},"end":{"line":376,"column":30}},"205":{"start":{"line":380,"column":8},"end":{"line":380,"column":57}},"206":{"start":{"line":381,"column":8},"end":{"line":381,"column":22}},"207":{"start":{"line":393,"column":21},"end":{"line":393,"column":44}},"208":{"start":{"line":394,"column":20},"end":{"line":394,"column":52}},"209":{"start":{"line":395,"column":8},"end":{"line":400,"column":9}},"210":{"start":{"line":396,"column":12},"end":{"line":396,"column":33}},"211":{"start":{"line":397,"column":12},"end":{"line":397,"column":35}},"212":{"start":{"line":398,"column":12},"end":{"line":398,"column":60}},"213":{"start":{"line":399,"column":12},"end":{"line":399,"column":26}},"214":{"start":{"line":402,"column":33},"end":{"line":402,"column":95}},"215":{"start":{"line":403,"column":8},"end":{"line":408,"column":9}},"216":{"start":{"line":404,"column":12},"end":{"line":404,"column":33}},"217":{"start":{"line":405,"column":12},"end":{"line":405,"column":35}},"218":{"start":{"line":406,"column":12},"end":{"line":406,"column":52}},"219":{"start":{"line":407,"column":12},"end":{"line":407,"column":26}},"220":{"start":{"line":410,"column":8},"end":{"line":410,"column":22}},"221":{"start":{"line":422,"column":21},"end":{"line":422,"column":44}},"222":{"start":{"line":423,"column":20},"end":{"line":423,"column":52}},"223":{"start":{"line":424,"column":8},"end":{"line":429,"column":9}},"224":{"start":{"line":425,"column":12},"end":{"line":425,"column":33}},"225":{"start":{"line":426,"column":12},"end":{"line":426,"column":35}},"226":{"start":{"line":427,"column":12},"end":{"line":427,"column":60}},"227":{"start":{"line":428,"column":12},"end":{"line":428,"column":26}},"228":{"start":{"line":431,"column":33},"end":{"line":431,"column":96}},"229":{"start":{"line":432,"column":8},"end":{"line":437,"column":9}},"230":{"start":{"line":433,"column":12},"end":{"line":433,"column":33}},"231":{"start":{"line":434,"column":12},"end":{"line":434,"column":35}},"232":{"start":{"line":435,"column":12},"end":{"line":435,"column":52}},"233":{"start":{"line":436,"column":12},"end":{"line":436,"column":26}},"234":{"start":{"line":439,"column":8},"end":{"line":439,"column":22}},"235":{"start":{"line":450,"column":21},"end":{"line":450,"column":44}},"236":{"start":{"line":451,"column":8},"end":{"line":451,"column":38}},"237":{"start":{"line":452,"column":26},"end":{"line":452,"column":76}},"238":{"start":{"line":453,"column":8},"end":{"line":458,"column":9}},"239":{"start":{"line":454,"column":12},"end":{"line":454,"column":33}},"240":{"start":{"line":455,"column":12},"end":{"line":455,"column":35}},"241":{"start":{"line":456,"column":12},"end":{"line":456,"column":62}},"242":{"start":{"line":457,"column":12},"end":{"line":457,"column":26}},"243":{"start":{"line":460,"column":24},"end":{"line":460,"column":78}},"244":{"start":{"line":461,"column":8},"end":{"line":466,"column":9}},"245":{"start":{"line":462,"column":12},"end":{"line":462,"column":33}},"246":{"start":{"line":463,"column":12},"end":{"line":463,"column":35}},"247":{"start":{"line":464,"column":12},"end":{"line":464,"column":52}},"248":{"start":{"line":465,"column":12},"end":{"line":465,"column":26}},"249":{"start":{"line":468,"column":8},"end":{"line":468,"column":47}},"250":{"start":{"line":469,"column":8},"end":{"line":469,"column":22}},"251":{"start":{"line":479,"column":21},"end":{"line":479,"column":44}},"252":{"start":{"line":480,"column":8},"end":{"line":480,"column":46}},"253":{"start":{"line":481,"column":8},"end":{"line":486,"column":9}},"254":{"start":{"line":482,"column":12},"end":{"line":482,"column":33}},"255":{"start":{"line":483,"column":12},"end":{"line":483,"column":35}},"256":{"start":{"line":484,"column":12},"end":{"line":484,"column":44}},"257":{"start":{"line":485,"column":12},"end":{"line":485,"column":26}},"258":{"start":{"line":487,"column":8},"end":{"line":487,"column":46}},"259":{"start":{"line":488,"column":26},"end":{"line":488,"column":77}},"260":{"start":{"line":489,"column":8},"end":{"line":494,"column":9}},"261":{"start":{"line":490,"column":12},"end":{"line":490,"column":33}},"262":{"start":{"line":491,"column":12},"end":{"line":491,"column":35}},"263":{"start":{"line":492,"column":12},"end":{"line":492,"column":62}},"264":{"start":{"line":493,"column":12},"end":{"line":493,"column":26}},"265":{"start":{"line":496,"column":24},"end":{"line":496,"column":79}},"266":{"start":{"line":497,"column":8},"end":{"line":502,"column":9}},"267":{"start":{"line":498,"column":12},"end":{"line":498,"column":33}},"268":{"start":{"line":499,"column":12},"end":{"line":499,"column":35}},"269":{"start":{"line":500,"column":12},"end":{"line":500,"column":52}},"270":{"start":{"line":501,"column":12},"end":{"line":501,"column":26}},"271":{"start":{"line":504,"column":8},"end":{"line":504,"column":47}},"272":{"start":{"line":505,"column":8},"end":{"line":505,"column":22}},"273":{"start":{"line":514,"column":8},"end":{"line":515,"column":21}},"274":{"start":{"line":515,"column":12},"end":{"line":515,"column":21}},"275":{"start":{"line":516,"column":21},"end":{"line":516,"column":44}},"276":{"start":{"line":517,"column":8},"end":{"line":517,"column":62}},"277":{"start":{"line":518,"column":8},"end":{"line":518,"column":22}},"278":{"start":{"line":530,"column":21},"end":{"line":530,"column":44}},"279":{"start":{"line":531,"column":8},"end":{"line":536,"column":9}},"280":{"start":{"line":532,"column":12},"end":{"line":532,"column":33}},"281":{"start":{"line":533,"column":12},"end":{"line":533,"column":35}},"282":{"start":{"line":534,"column":12},"end":{"line":534,"column":51}},"283":{"start":{"line":535,"column":12},"end":{"line":535,"column":26}},"284":{"start":{"line":537,"column":26},"end":{"line":537,"column":58}},"285":{"start":{"line":539,"column":8},"end":{"line":544,"column":9}},"286":{"start":{"line":540,"column":12},"end":{"line":540,"column":33}},"287":{"start":{"line":541,"column":12},"end":{"line":541,"column":35}},"288":{"start":{"line":542,"column":12},"end":{"line":542,"column":52}},"289":{"start":{"line":543,"column":12},"end":{"line":543,"column":26}},"290":{"start":{"line":546,"column":8},"end":{"line":557,"column":9}},"291":{"start":{"line":547,"column":30},"end":{"line":547,"column":76}},"292":{"start":{"line":549,"column":12},"end":{"line":554,"column":13}},"293":{"start":{"line":550,"column":16},"end":{"line":550,"column":37}},"294":{"start":{"line":551,"column":16},"end":{"line":551,"column":39}},"295":{"start":{"line":552,"column":16},"end":{"line":552,"column":67}},"296":{"start":{"line":553,"column":16},"end":{"line":553,"column":30}},"297":{"start":{"line":555,"column":12},"end":{"line":556,"column":30}},"298":{"start":{"line":556,"column":16},"end":{"line":556,"column":30}},"299":{"start":{"line":560,"column":8},"end":{"line":560,"column":83}},"300":{"start":{"line":562,"column":8},"end":{"line":567,"column":9}},"301":{"start":{"line":563,"column":12},"end":{"line":563,"column":33}},"302":{"start":{"line":564,"column":12},"end":{"line":564,"column":35}},"303":{"start":{"line":565,"column":12},"end":{"line":565,"column":77}},"304":{"start":{"line":566,"column":12},"end":{"line":566,"column":26}},"305":{"start":{"line":569,"column":8},"end":{"line":569,"column":22}},"306":{"start":{"line":579,"column":21},"end":{"line":579,"column":44}},"307":{"start":{"line":580,"column":8},"end":{"line":585,"column":9}},"308":{"start":{"line":581,"column":12},"end":{"line":581,"column":33}},"309":{"start":{"line":582,"column":12},"end":{"line":582,"column":35}},"310":{"start":{"line":583,"column":12},"end":{"line":583,"column":47}},"311":{"start":{"line":584,"column":12},"end":{"line":584,"column":26}},"312":{"start":{"line":587,"column":26},"end":{"line":587,"column":70}},"313":{"start":{"line":589,"column":8},"end":{"line":594,"column":9}},"314":{"start":{"line":590,"column":12},"end":{"line":590,"column":33}},"315":{"start":{"line":591,"column":12},"end":{"line":591,"column":35}},"316":{"start":{"line":592,"column":12},"end":{"line":592,"column":52}},"317":{"start":{"line":593,"column":12},"end":{"line":593,"column":26}},"318":{"start":{"line":595,"column":8},"end":{"line":595,"column":22}},"319":{"start":{"line":606,"column":21},"end":{"line":606,"column":44}},"320":{"start":{"line":608,"column":23},"end":{"line":608,"column":55}},"321":{"start":{"line":609,"column":8},"end":{"line":613,"column":9}},"322":{"start":{"line":610,"column":12},"end":{"line":610,"column":33}},"323":{"start":{"line":611,"column":12},"end":{"line":611,"column":44}},"324":{"start":{"line":612,"column":12},"end":{"line":612,"column":26}},"325":{"start":{"line":616,"column":22},"end":{"line":616,"column":63}},"326":{"start":{"line":617,"column":21},"end":{"line":617,"column":85}},"327":{"start":{"line":618,"column":8},"end":{"line":622,"column":9}},"328":{"start":{"line":619,"column":12},"end":{"line":619,"column":33}},"329":{"start":{"line":620,"column":12},"end":{"line":620,"column":52}},"330":{"start":{"line":621,"column":12},"end":{"line":621,"column":26}},"331":{"start":{"line":624,"column":8},"end":{"line":624,"column":22}},"332":{"start":{"line":634,"column":21},"end":{"line":634,"column":44}},"333":{"start":{"line":636,"column":26},"end":{"line":636,"column":58}},"334":{"start":{"line":637,"column":8},"end":{"line":642,"column":9}},"335":{"start":{"line":638,"column":12},"end":{"line":638,"column":33}},"336":{"start":{"line":639,"column":12},"end":{"line":639,"column":35}},"337":{"start":{"line":640,"column":12},"end":{"line":640,"column":52}},"338":{"start":{"line":641,"column":12},"end":{"line":641,"column":26}},"339":{"start":{"line":643,"column":21},"end":{"line":643,"column":66}},"340":{"start":{"line":644,"column":8},"end":{"line":649,"column":9}},"341":{"start":{"line":645,"column":12},"end":{"line":645,"column":33}},"342":{"start":{"line":646,"column":12},"end":{"line":646,"column":35}},"343":{"start":{"line":647,"column":12},"end":{"line":647,"column":52}},"344":{"start":{"line":648,"column":12},"end":{"line":648,"column":26}},"345":{"start":{"line":650,"column":8},"end":{"line":650,"column":46}},"346":{"start":{"line":651,"column":8},"end":{"line":651,"column":22}},"347":{"start":{"line":662,"column":21},"end":{"line":662,"column":44}},"348":{"start":{"line":663,"column":21},"end":{"line":663,"column":25}},"349":{"start":{"line":664,"column":23},"end":{"line":664,"column":34}},"350":{"start":{"line":666,"column":8},"end":{"line":667,"column":26}},"351":{"start":{"line":667,"column":12},"end":{"line":667,"column":26}},"352":{"start":{"line":669,"column":8},"end":{"line":699,"column":63}},"353":{"start":{"line":670,"column":12},"end":{"line":697,"column":13}},"354":{"start":{"line":671,"column":16},"end":{"line":671,"column":73}},"355":{"start":{"line":672,"column":16},"end":{"line":692,"column":17}},"356":{"start":{"line":673,"column":34},"end":{"line":673,"column":88}},"357":{"start":{"line":674,"column":20},"end":{"line":679,"column":21}},"358":{"start":{"line":675,"column":24},"end":{"line":675,"column":45}},"359":{"start":{"line":676,"column":24},"end":{"line":676,"column":47}},"360":{"start":{"line":677,"column":24},"end":{"line":677,"column":64}},"361":{"start":{"line":678,"column":24},"end":{"line":678,"column":38}},"362":{"start":{"line":681,"column":39},"end":{"line":681,"column":84}},"363":{"start":{"line":682,"column":20},"end":{"line":687,"column":21}},"364":{"start":{"line":683,"column":24},"end":{"line":683,"column":45}},"365":{"start":{"line":684,"column":24},"end":{"line":684,"column":47}},"366":{"start":{"line":685,"column":24},"end":{"line":685,"column":64}},"367":{"start":{"line":686,"column":24},"end":{"line":686,"column":38}},"368":{"start":{"line":688,"column":20},"end":{"line":689,"column":41}},"369":{"start":{"line":689,"column":24},"end":{"line":689,"column":41}},"370":{"start":{"line":690,"column":37},"end":{"line":690,"column":123}},"371":{"start":{"line":691,"column":20},"end":{"line":691,"column":91}},"372":{"start":{"line":694,"column":16},"end":{"line":694,"column":73}},"373":{"start":{"line":695,"column":16},"end":{"line":696,"column":105}},"374":{"start":{"line":696,"column":20},"end":{"line":696,"column":105}},"375":{"start":{"line":699,"column":12},"end":{"line":699,"column":63}},"376":{"start":{"line":702,"column":8},"end":{"line":740,"column":9}},"377":{"start":{"line":703,"column":26},"end":{"line":703,"column":80}},"378":{"start":{"line":704,"column":12},"end":{"line":709,"column":13}},"379":{"start":{"line":705,"column":16},"end":{"line":705,"column":37}},"380":{"start":{"line":706,"column":16},"end":{"line":706,"column":39}},"381":{"start":{"line":707,"column":16},"end":{"line":707,"column":56}},"382":{"start":{"line":708,"column":16},"end":{"line":708,"column":30}},"383":{"start":{"line":711,"column":30},"end":{"line":711,"column":77}},"384":{"start":{"line":712,"column":12},"end":{"line":717,"column":13}},"385":{"start":{"line":713,"column":16},"end":{"line":713,"column":37}},"386":{"start":{"line":714,"column":16},"end":{"line":714,"column":39}},"387":{"start":{"line":715,"column":16},"end":{"line":715,"column":56}},"388":{"start":{"line":716,"column":16},"end":{"line":716,"column":30}},"389":{"start":{"line":719,"column":26},"end":{"line":719,"column":81}},"390":{"start":{"line":720,"column":12},"end":{"line":725,"column":13}},"391":{"start":{"line":721,"column":16},"end":{"line":721,"column":37}},"392":{"start":{"line":722,"column":16},"end":{"line":722,"column":39}},"393":{"start":{"line":723,"column":16},"end":{"line":723,"column":56}},"394":{"start":{"line":724,"column":16},"end":{"line":724,"column":30}},"395":{"start":{"line":727,"column":30},"end":{"line":727,"column":77}},"396":{"start":{"line":728,"column":12},"end":{"line":733,"column":13}},"397":{"start":{"line":729,"column":16},"end":{"line":729,"column":37}},"398":{"start":{"line":730,"column":16},"end":{"line":730,"column":39}},"399":{"start":{"line":731,"column":16},"end":{"line":731,"column":56}},"400":{"start":{"line":732,"column":16},"end":{"line":732,"column":30}},"401":{"start":{"line":735,"column":12},"end":{"line":735,"column":53}},"402":{"start":{"line":736,"column":12},"end":{"line":736,"column":53}},"403":{"start":{"line":737,"column":29},"end":{"line":737,"column":77}},"404":{"start":{"line":738,"column":12},"end":{"line":738,"column":85}},"405":{"start":{"line":739,"column":12},"end":{"line":739,"column":85}},"406":{"start":{"line":742,"column":8},"end":{"line":747,"column":9}},"407":{"start":{"line":743,"column":12},"end":{"line":743,"column":33}},"408":{"start":{"line":744,"column":12},"end":{"line":744,"column":35}},"409":{"start":{"line":745,"column":12},"end":{"line":745,"column":52}},"410":{"start":{"line":746,"column":12},"end":{"line":746,"column":26}},"411":{"start":{"line":748,"column":8},"end":{"line":748,"column":22}},"412":{"start":{"line":757,"column":8},"end":{"line":757,"column":48}},"413":{"start":{"line":767,"column":22},"end":{"line":767,"column":58}},"414":{"start":{"line":768,"column":8},"end":{"line":768,"column":72}},"415":{"start":{"line":779,"column":21},"end":{"line":779,"column":44}},"416":{"start":{"line":781,"column":8},"end":{"line":786,"column":9}},"417":{"start":{"line":782,"column":12},"end":{"line":782,"column":33}},"418":{"start":{"line":783,"column":12},"end":{"line":783,"column":35}},"419":{"start":{"line":784,"column":12},"end":{"line":784,"column":47}},"420":{"start":{"line":785,"column":12},"end":{"line":785,"column":26}},"421":{"start":{"line":788,"column":24},"end":{"line":788,"column":70}},"422":{"start":{"line":789,"column":8},"end":{"line":794,"column":9}},"423":{"start":{"line":790,"column":12},"end":{"line":790,"column":33}},"424":{"start":{"line":791,"column":12},"end":{"line":791,"column":35}},"425":{"start":{"line":792,"column":12},"end":{"line":792,"column":47}},"426":{"start":{"line":793,"column":12},"end":{"line":793,"column":26}},"427":{"start":{"line":798,"column":8},"end":{"line":810,"column":9}},"428":{"start":{"line":800,"column":16},"end":{"line":800,"column":43}},"429":{"start":{"line":801,"column":16},"end":{"line":801,"column":83}},"430":{"start":{"line":802,"column":16},"end":{"line":802,"column":22}},"431":{"start":{"line":804,"column":16},"end":{"line":804,"column":44}},"432":{"start":{"line":805,"column":16},"end":{"line":805,"column":84}},"433":{"start":{"line":806,"column":16},"end":{"line":806,"column":22}},"434":{"start":{"line":808,"column":16},"end":{"line":808,"column":79}},"435":{"start":{"line":809,"column":16},"end":{"line":809,"column":22}},"436":{"start":{"line":812,"column":8},"end":{"line":817,"column":9}},"437":{"start":{"line":813,"column":12},"end":{"line":813,"column":33}},"438":{"start":{"line":814,"column":12},"end":{"line":814,"column":35}},"439":{"start":{"line":815,"column":12},"end":{"line":815,"column":53}},"440":{"start":{"line":816,"column":12},"end":{"line":816,"column":26}},"441":{"start":{"line":819,"column":8},"end":{"line":819,"column":81}},"442":{"start":{"line":820,"column":8},"end":{"line":820,"column":61}},"443":{"start":{"line":821,"column":8},"end":{"line":821,"column":43}},"444":{"start":{"line":823,"column":8},"end":{"line":823,"column":22}},"445":{"start":{"line":834,"column":21},"end":{"line":834,"column":44}},"446":{"start":{"line":835,"column":26},"end":{"line":835,"column":72}},"447":{"start":{"line":836,"column":8},"end":{"line":841,"column":9}},"448":{"start":{"line":837,"column":12},"end":{"line":837,"column":33}},"449":{"start":{"line":838,"column":12},"end":{"line":838,"column":35}},"450":{"start":{"line":839,"column":12},"end":{"line":839,"column":46}},"451":{"start":{"line":840,"column":12},"end":{"line":840,"column":26}},"452":{"start":{"line":843,"column":27},"end":{"line":843,"column":71}},"453":{"start":{"line":844,"column":8},"end":{"line":849,"column":9}},"454":{"start":{"line":845,"column":12},"end":{"line":845,"column":33}},"455":{"start":{"line":846,"column":12},"end":{"line":846,"column":35}},"456":{"start":{"line":847,"column":12},"end":{"line":847,"column":52}},"457":{"start":{"line":848,"column":12},"end":{"line":848,"column":26}},"458":{"start":{"line":851,"column":8},"end":{"line":851,"column":90}},"459":{"start":{"line":852,"column":8},"end":{"line":852,"column":22}},"460":{"start":{"line":860,"column":21},"end":{"line":860,"column":44}},"461":{"start":{"line":862,"column":24},"end":{"line":862,"column":69}},"462":{"start":{"line":864,"column":8},"end":{"line":869,"column":9}},"463":{"start":{"line":865,"column":12},"end":{"line":865,"column":33}},"464":{"start":{"line":866,"column":12},"end":{"line":866,"column":35}},"465":{"start":{"line":867,"column":12},"end":{"line":867,"column":52}},"466":{"start":{"line":868,"column":12},"end":{"line":868,"column":26}},"467":{"start":{"line":870,"column":8},"end":{"line":870,"column":47}},"468":{"start":{"line":871,"column":8},"end":{"line":871,"column":22}},"469":{"start":{"line":881,"column":21},"end":{"line":881,"column":44}},"470":{"start":{"line":882,"column":23},"end":{"line":882,"column":43}},"471":{"start":{"line":883,"column":8},"end":{"line":883,"column":50}},"472":{"start":{"line":884,"column":24},"end":{"line":884,"column":45}},"473":{"start":{"line":885,"column":8},"end":{"line":885,"column":52}},"474":{"start":{"line":887,"column":26},"end":{"line":887,"column":72}},"475":{"start":{"line":889,"column":8},"end":{"line":894,"column":9}},"476":{"start":{"line":890,"column":12},"end":{"line":890,"column":33}},"477":{"start":{"line":891,"column":12},"end":{"line":891,"column":35}},"478":{"start":{"line":892,"column":12},"end":{"line":892,"column":51}},"479":{"start":{"line":893,"column":12},"end":{"line":893,"column":26}},"480":{"start":{"line":896,"column":28},"end":{"line":896,"column":85}},"481":{"start":{"line":897,"column":29},"end":{"line":897,"column":88}},"482":{"start":{"line":899,"column":8},"end":{"line":904,"column":9}},"483":{"start":{"line":900,"column":12},"end":{"line":900,"column":33}},"484":{"start":{"line":901,"column":12},"end":{"line":901,"column":35}},"485":{"start":{"line":902,"column":12},"end":{"line":902,"column":52}},"486":{"start":{"line":903,"column":12},"end":{"line":903,"column":26}},"487":{"start":{"line":906,"column":8},"end":{"line":906,"column":82}},"488":{"start":{"line":907,"column":8},"end":{"line":907,"column":85}},"489":{"start":{"line":908,"column":8},"end":{"line":908,"column":22}},"490":{"start":{"line":918,"column":21},"end":{"line":918,"column":44}},"491":{"start":{"line":920,"column":26},"end":{"line":920,"column":72}},"492":{"start":{"line":921,"column":8},"end":{"line":926,"column":9}},"493":{"start":{"line":922,"column":12},"end":{"line":922,"column":33}},"494":{"start":{"line":923,"column":12},"end":{"line":923,"column":35}},"495":{"start":{"line":924,"column":12},"end":{"line":924,"column":51}},"496":{"start":{"line":925,"column":12},"end":{"line":925,"column":26}},"497":{"start":{"line":928,"column":8},"end":{"line":928,"column":116}},"498":{"start":{"line":929,"column":8},"end":{"line":929,"column":118}},"499":{"start":{"line":931,"column":8},"end":{"line":931,"column":22}},"500":{"start":{"line":935,"column":8},"end":{"line":935,"column":76}}},"fnMap":{"0":{"name":"(anonymous_0)","decl":{"start":{"line":13,"column":4},"end":{"line":13,"column":5}},"loc":{"start":{"line":13,"column":32},"end":{"line":17,"column":5}},"line":13},"1":{"name":"(anonymous_1)","decl":{"start":{"line":27,"column":4},"end":{"line":27,"column":5}},"loc":{"start":{"line":27,"column":52},"end":{"line":43,"column":5}},"line":27},"2":{"name":"(anonymous_2)","decl":{"start":{"line":54,"column":4},"end":{"line":54,"column":5}},"loc":{"start":{"line":54,"column":64},"end":{"line":100,"column":5}},"line":54},"3":{"name":"(anonymous_3)","decl":{"start":{"line":110,"column":4},"end":{"line":110,"column":5}},"loc":{"start":{"line":110,"column":60},"end":{"line":128,"column":5}},"line":110},"4":{"name":"(anonymous_4)","decl":{"start":{"line":133,"column":4},"end":{"line":133,"column":5}},"loc":{"start":{"line":133,"column":37},"end":{"line":145,"column":5}},"line":133},"5":{"name":"(anonymous_5)","decl":{"start":{"line":152,"column":4},"end":{"line":152,"column":5}},"loc":{"start":{"line":152,"column":29},"end":{"line":159,"column":5}},"line":152},"6":{"name":"(anonymous_6)","decl":{"start":{"line":166,"column":4},"end":{"line":166,"column":5}},"loc":{"start":{"line":166,"column":30},"end":{"line":172,"column":5}},"line":166},"7":{"name":"(anonymous_7)","decl":{"start":{"line":180,"column":4},"end":{"line":180,"column":5}},"loc":{"start":{"line":180,"column":35},"end":{"line":199,"column":5}},"line":180},"8":{"name":"(anonymous_8)","decl":{"start":{"line":206,"column":4},"end":{"line":206,"column":5}},"loc":{"start":{"line":206,"column":42},"end":{"line":260,"column":5}},"line":206},"9":{"name":"(anonymous_9)","decl":{"start":{"line":267,"column":4},"end":{"line":267,"column":5}},"loc":{"start":{"line":267,"column":43},"end":{"line":322,"column":5}},"line":267},"10":{"name":"(anonymous_10)","decl":{"start":{"line":331,"column":4},"end":{"line":331,"column":5}},"loc":{"start":{"line":331,"column":36},"end":{"line":352,"column":5}},"line":331},"11":{"name":"(anonymous_11)","decl":{"start":{"line":360,"column":4},"end":{"line":360,"column":5}},"loc":{"start":{"line":360,"column":37},"end":{"line":382,"column":5}},"line":360},"12":{"name":"(anonymous_12)","decl":{"start":{"line":392,"column":4},"end":{"line":392,"column":5}},"loc":{"start":{"line":392,"column":50},"end":{"line":411,"column":5}},"line":392},"13":{"name":"(anonymous_13)","decl":{"start":{"line":421,"column":4},"end":{"line":421,"column":5}},"loc":{"start":{"line":421,"column":51},"end":{"line":440,"column":5}},"line":421},"14":{"name":"(anonymous_14)","decl":{"start":{"line":449,"column":4},"end":{"line":449,"column":5}},"loc":{"start":{"line":449,"column":35},"end":{"line":470,"column":5}},"line":449},"15":{"name":"(anonymous_15)","decl":{"start":{"line":478,"column":4},"end":{"line":478,"column":5}},"loc":{"start":{"line":478,"column":36},"end":{"line":506,"column":5}},"line":478},"16":{"name":"(anonymous_16)","decl":{"start":{"line":513,"column":4},"end":{"line":513,"column":5}},"loc":{"start":{"line":513,"column":30},"end":{"line":519,"column":5}},"line":513},"17":{"name":"(anonymous_17)","decl":{"start":{"line":529,"column":4},"end":{"line":529,"column":5}},"loc":{"start":{"line":529,"column":60},"end":{"line":571,"column":5}},"line":529},"18":{"name":"(anonymous_18)","decl":{"start":{"line":578,"column":4},"end":{"line":578,"column":5}},"loc":{"start":{"line":578,"column":32},"end":{"line":596,"column":5}},"line":578},"19":{"name":"(anonymous_19)","decl":{"start":{"line":605,"column":4},"end":{"line":605,"column":5}},"loc":{"start":{"line":605,"column":38},"end":{"line":625,"column":5}},"line":605},"20":{"name":"(anonymous_20)","decl":{"start":{"line":633,"column":4},"end":{"line":633,"column":5}},"loc":{"start":{"line":633,"column":34},"end":{"line":652,"column":5}},"line":633},"21":{"name":"(anonymous_21)","decl":{"start":{"line":661,"column":4},"end":{"line":661,"column":5}},"loc":{"start":{"line":661,"column":60},"end":{"line":749,"column":5}},"line":661},"22":{"name":"(anonymous_22)","decl":{"start":{"line":756,"column":4},"end":{"line":756,"column":5}},"loc":{"start":{"line":756,"column":38},"end":{"line":758,"column":5}},"line":756},"23":{"name":"(anonymous_23)","decl":{"start":{"line":765,"column":4},"end":{"line":765,"column":5}},"loc":{"start":{"line":765,"column":55},"end":{"line":769,"column":5}},"line":765},"24":{"name":"(anonymous_24)","decl":{"start":{"line":778,"column":4},"end":{"line":778,"column":5}},"loc":{"start":{"line":778,"column":48},"end":{"line":824,"column":5}},"line":778},"25":{"name":"(anonymous_25)","decl":{"start":{"line":833,"column":4},"end":{"line":833,"column":5}},"loc":{"start":{"line":833,"column":32},"end":{"line":853,"column":5}},"line":833},"26":{"name":"(anonymous_26)","decl":{"start":{"line":859,"column":4},"end":{"line":859,"column":5}},"loc":{"start":{"line":859,"column":33},"end":{"line":872,"column":5}},"line":859},"27":{"name":"(anonymous_27)","decl":{"start":{"line":880,"column":4},"end":{"line":880,"column":5}},"loc":{"start":{"line":880,"column":34},"end":{"line":910,"column":5}},"line":880},"28":{"name":"(anonymous_28)","decl":{"start":{"line":917,"column":4},"end":{"line":917,"column":5}},"loc":{"start":{"line":917,"column":33},"end":{"line":932,"column":5}},"line":917},"29":{"name":"(anonymous_29)","decl":{"start":{"line":934,"column":4},"end":{"line":934,"column":5}},"loc":{"start":{"line":934,"column":41},"end":{"line":936,"column":5}},"line":934}},"branchMap":{"0":{"loc":{"start":{"line":13,"column":16},"end":{"line":13,"column":30}},"type":"default-arg","locations":[{"start":{"line":13,"column":25},"end":{"line":13,"column":30}}],"line":13},"1":{"loc":{"start":{"line":29,"column":8},"end":{"line":34,"column":9}},"type":"if","locations":[{"start":{"line":29,"column":8},"end":{"line":34,"column":9}},{"start":{},"end":{}}],"line":29},"2":{"loc":{"start":{"line":37,"column":8},"end":{"line":38,"column":26}},"type":"if","locations":[{"start":{"line":37,"column":8},"end":{"line":38,"column":26}},{"start":{},"end":{}}],"line":37},"3":{"loc":{"start":{"line":56,"column":8},"end":{"line":61,"column":9}},"type":"if","locations":[{"start":{"line":56,"column":8},"end":{"line":61,"column":9}},{"start":{},"end":{}}],"line":56},"4":{"loc":{"start":{"line":64,"column":8},"end":{"line":69,"column":9}},"type":"if","locations":[{"start":{"line":64,"column":8},"end":{"line":69,"column":9}},{"start":{},"end":{}}],"line":64},"5":{"loc":{"start":{"line":72,"column":8},"end":{"line":73,"column":26}},"type":"if","locations":[{"start":{"line":72,"column":8},"end":{"line":73,"column":26}},{"start":{},"end":{}}],"line":72},"6":{"loc":{"start":{"line":77,"column":8},"end":{"line":79,"column":26}},"type":"if","locations":[{"start":{"line":77,"column":8},"end":{"line":79,"column":26}},{"start":{},"end":{}}],"line":77},"7":{"loc":{"start":{"line":86,"column":8},"end":{"line":90,"column":9}},"type":"if","locations":[{"start":{"line":86,"column":8},"end":{"line":90,"column":9}},{"start":{"line":88,"column":15},"end":{"line":90,"column":9}}],"line":86},"8":{"loc":{"start":{"line":92,"column":8},"end":{"line":97,"column":9}},"type":"if","locations":[{"start":{"line":92,"column":8},"end":{"line":97,"column":9}},{"start":{},"end":{}}],"line":92},"9":{"loc":{"start":{"line":110,"column":41},"end":{"line":110,"column":58}},"type":"default-arg","locations":[{"start":{"line":110,"column":53},"end":{"line":110,"column":58}}],"line":110},"10":{"loc":{"start":{"line":112,"column":8},"end":{"line":113,"column":26}},"type":"if","locations":[{"start":{"line":112,"column":8},"end":{"line":113,"column":26}},{"start":{},"end":{}}],"line":112},"11":{"loc":{"start":{"line":118,"column":8},"end":{"line":119,"column":88}},"type":"if","locations":[{"start":{"line":118,"column":8},"end":{"line":119,"column":88}},{"start":{},"end":{}}],"line":118},"12":{"loc":{"start":{"line":121,"column":8},"end":{"line":125,"column":9}},"type":"if","locations":[{"start":{"line":121,"column":8},"end":{"line":125,"column":9}},{"start":{},"end":{}}],"line":121},"13":{"loc":{"start":{"line":138,"column":8},"end":{"line":142,"column":9}},"type":"if","locations":[{"start":{"line":138,"column":8},"end":{"line":142,"column":9}},{"start":{},"end":{}}],"line":138},"14":{"loc":{"start":{"line":154,"column":8},"end":{"line":156,"column":9}},"type":"if","locations":[{"start":{"line":154,"column":8},"end":{"line":156,"column":9}},{"start":{},"end":{}}],"line":154},"15":{"loc":{"start":{"line":168,"column":8},"end":{"line":170,"column":9}},"type":"if","locations":[{"start":{"line":168,"column":8},"end":{"line":170,"column":9}},{"start":{},"end":{}}],"line":168},"16":{"loc":{"start":{"line":183,"column":8},"end":{"line":188,"column":9}},"type":"if","locations":[{"start":{"line":183,"column":8},"end":{"line":188,"column":9}},{"start":{},"end":{}}],"line":183},"17":{"loc":{"start":{"line":190,"column":8},"end":{"line":195,"column":9}},"type":"if","locations":[{"start":{"line":190,"column":8},"end":{"line":195,"column":9}},{"start":{},"end":{}}],"line":190},"18":{"loc":{"start":{"line":212,"column":8},"end":{"line":217,"column":9}},"type":"if","locations":[{"start":{"line":212,"column":8},"end":{"line":217,"column":9}},{"start":{},"end":{}}],"line":212},"19":{"loc":{"start":{"line":220,"column":8},"end":{"line":225,"column":9}},"type":"if","locations":[{"start":{"line":220,"column":8},"end":{"line":225,"column":9}},{"start":{},"end":{}}],"line":220},"20":{"loc":{"start":{"line":227,"column":8},"end":{"line":237,"column":9}},"type":"if","locations":[{"start":{"line":227,"column":8},"end":{"line":237,"column":9}},{"start":{},"end":{}}],"line":227},"21":{"loc":{"start":{"line":231,"column":12},"end":{"line":236,"column":13}},"type":"if","locations":[{"start":{"line":231,"column":12},"end":{"line":236,"column":13}},{"start":{},"end":{}}],"line":231},"22":{"loc":{"start":{"line":240,"column":8},"end":{"line":245,"column":9}},"type":"if","locations":[{"start":{"line":240,"column":8},"end":{"line":245,"column":9}},{"start":{},"end":{}}],"line":240},"23":{"loc":{"start":{"line":249,"column":8},"end":{"line":254,"column":9}},"type":"if","locations":[{"start":{"line":249,"column":8},"end":{"line":254,"column":9}},{"start":{},"end":{}}],"line":249},"24":{"loc":{"start":{"line":274,"column":8},"end":{"line":279,"column":9}},"type":"if","locations":[{"start":{"line":274,"column":8},"end":{"line":279,"column":9}},{"start":{},"end":{}}],"line":274},"25":{"loc":{"start":{"line":282,"column":8},"end":{"line":287,"column":9}},"type":"if","locations":[{"start":{"line":282,"column":8},"end":{"line":287,"column":9}},{"start":{},"end":{}}],"line":282},"26":{"loc":{"start":{"line":289,"column":8},"end":{"line":299,"column":9}},"type":"if","locations":[{"start":{"line":289,"column":8},"end":{"line":299,"column":9}},{"start":{},"end":{}}],"line":289},"27":{"loc":{"start":{"line":293,"column":12},"end":{"line":298,"column":13}},"type":"if","locations":[{"start":{"line":293,"column":12},"end":{"line":298,"column":13}},{"start":{},"end":{}}],"line":293},"28":{"loc":{"start":{"line":302,"column":8},"end":{"line":307,"column":9}},"type":"if","locations":[{"start":{"line":302,"column":8},"end":{"line":307,"column":9}},{"start":{},"end":{}}],"line":302},"29":{"loc":{"start":{"line":311,"column":8},"end":{"line":316,"column":9}},"type":"if","locations":[{"start":{"line":311,"column":8},"end":{"line":316,"column":9}},{"start":{},"end":{}}],"line":311},"30":{"loc":{"start":{"line":331,"column":24},"end":{"line":331,"column":34}},"type":"default-arg","locations":[{"start":{"line":331,"column":30},"end":{"line":331,"column":34}}],"line":331},"31":{"loc":{"start":{"line":333,"column":8},"end":{"line":334,"column":39}},"type":"if","locations":[{"start":{"line":333,"column":8},"end":{"line":334,"column":39}},{"start":{},"end":{}}],"line":333},"32":{"loc":{"start":{"line":338,"column":8},"end":{"line":348,"column":9}},"type":"if","locations":[{"start":{"line":338,"column":8},"end":{"line":348,"column":9}},{"start":{},"end":{}}],"line":338},"33":{"loc":{"start":{"line":342,"column":12},"end":{"line":347,"column":13}},"type":"if","locations":[{"start":{"line":342,"column":12},"end":{"line":347,"column":13}},{"start":{},"end":{}}],"line":342},"34":{"loc":{"start":{"line":360,"column":25},"end":{"line":360,"column":35}},"type":"default-arg","locations":[{"start":{"line":360,"column":31},"end":{"line":360,"column":35}}],"line":360},"35":{"loc":{"start":{"line":363,"column":8},"end":{"line":364,"column":40}},"type":"if","locations":[{"start":{"line":363,"column":8},"end":{"line":364,"column":40}},{"start":{},"end":{}}],"line":363},"36":{"loc":{"start":{"line":368,"column":8},"end":{"line":378,"column":9}},"type":"if","locations":[{"start":{"line":368,"column":8},"end":{"line":378,"column":9}},{"start":{},"end":{}}],"line":368},"37":{"loc":{"start":{"line":372,"column":12},"end":{"line":377,"column":13}},"type":"if","locations":[{"start":{"line":372,"column":12},"end":{"line":377,"column":13}},{"start":{},"end":{}}],"line":372},"38":{"loc":{"start":{"line":395,"column":8},"end":{"line":400,"column":9}},"type":"if","locations":[{"start":{"line":395,"column":8},"end":{"line":400,"column":9}},{"start":{},"end":{}}],"line":395},"39":{"loc":{"start":{"line":403,"column":8},"end":{"line":408,"column":9}},"type":"if","locations":[{"start":{"line":403,"column":8},"end":{"line":408,"column":9}},{"start":{},"end":{}}],"line":403},"40":{"loc":{"start":{"line":424,"column":8},"end":{"line":429,"column":9}},"type":"if","locations":[{"start":{"line":424,"column":8},"end":{"line":429,"column":9}},{"start":{},"end":{}}],"line":424},"41":{"loc":{"start":{"line":432,"column":8},"end":{"line":437,"column":9}},"type":"if","locations":[{"start":{"line":432,"column":8},"end":{"line":437,"column":9}},{"start":{},"end":{}}],"line":432},"42":{"loc":{"start":{"line":453,"column":8},"end":{"line":458,"column":9}},"type":"if","locations":[{"start":{"line":453,"column":8},"end":{"line":458,"column":9}},{"start":{},"end":{}}],"line":453},"43":{"loc":{"start":{"line":461,"column":8},"end":{"line":466,"column":9}},"type":"if","locations":[{"start":{"line":461,"column":8},"end":{"line":466,"column":9}},{"start":{},"end":{}}],"line":461},"44":{"loc":{"start":{"line":481,"column":8},"end":{"line":486,"column":9}},"type":"if","locations":[{"start":{"line":481,"column":8},"end":{"line":486,"column":9}},{"start":{},"end":{}}],"line":481},"45":{"loc":{"start":{"line":489,"column":8},"end":{"line":494,"column":9}},"type":"if","locations":[{"start":{"line":489,"column":8},"end":{"line":494,"column":9}},{"start":{},"end":{}}],"line":489},"46":{"loc":{"start":{"line":497,"column":8},"end":{"line":502,"column":9}},"type":"if","locations":[{"start":{"line":497,"column":8},"end":{"line":502,"column":9}},{"start":{},"end":{}}],"line":497},"47":{"loc":{"start":{"line":513,"column":20},"end":{"line":513,"column":28}},"type":"default-arg","locations":[{"start":{"line":513,"column":27},"end":{"line":513,"column":28}}],"line":513},"48":{"loc":{"start":{"line":514,"column":8},"end":{"line":515,"column":21}},"type":"if","locations":[{"start":{"line":514,"column":8},"end":{"line":515,"column":21}},{"start":{},"end":{}}],"line":514},"49":{"loc":{"start":{"line":529,"column":48},"end":{"line":529,"column":58}},"type":"default-arg","locations":[{"start":{"line":529,"column":54},"end":{"line":529,"column":58}}],"line":529},"50":{"loc":{"start":{"line":531,"column":8},"end":{"line":536,"column":9}},"type":"if","locations":[{"start":{"line":531,"column":8},"end":{"line":536,"column":9}},{"start":{},"end":{}}],"line":531},"51":{"loc":{"start":{"line":531,"column":12},"end":{"line":531,"column":193}},"type":"binary-expr","locations":[{"start":{"line":531,"column":12},"end":{"line":531,"column":58}},{"start":{"line":531,"column":62},"end":{"line":531,"column":104}},{"start":{"line":531,"column":108},"end":{"line":531,"column":148}},{"start":{"line":531,"column":152},"end":{"line":531,"column":193}}],"line":531},"52":{"loc":{"start":{"line":539,"column":8},"end":{"line":544,"column":9}},"type":"if","locations":[{"start":{"line":539,"column":8},"end":{"line":544,"column":9}},{"start":{},"end":{}}],"line":539},"53":{"loc":{"start":{"line":546,"column":8},"end":{"line":557,"column":9}},"type":"if","locations":[{"start":{"line":546,"column":8},"end":{"line":557,"column":9}},{"start":{},"end":{}}],"line":546},"54":{"loc":{"start":{"line":549,"column":12},"end":{"line":554,"column":13}},"type":"if","locations":[{"start":{"line":549,"column":12},"end":{"line":554,"column":13}},{"start":{},"end":{}}],"line":549},"55":{"loc":{"start":{"line":555,"column":12},"end":{"line":556,"column":30}},"type":"if","locations":[{"start":{"line":555,"column":12},"end":{"line":556,"column":30}},{"start":{},"end":{}}],"line":555},"56":{"loc":{"start":{"line":562,"column":8},"end":{"line":567,"column":9}},"type":"if","locations":[{"start":{"line":562,"column":8},"end":{"line":567,"column":9}},{"start":{},"end":{}}],"line":562},"57":{"loc":{"start":{"line":580,"column":8},"end":{"line":585,"column":9}},"type":"if","locations":[{"start":{"line":580,"column":8},"end":{"line":585,"column":9}},{"start":{},"end":{}}],"line":580},"58":{"loc":{"start":{"line":589,"column":8},"end":{"line":594,"column":9}},"type":"if","locations":[{"start":{"line":589,"column":8},"end":{"line":594,"column":9}},{"start":{},"end":{}}],"line":589},"59":{"loc":{"start":{"line":609,"column":8},"end":{"line":613,"column":9}},"type":"if","locations":[{"start":{"line":609,"column":8},"end":{"line":613,"column":9}},{"start":{},"end":{}}],"line":609},"60":{"loc":{"start":{"line":618,"column":8},"end":{"line":622,"column":9}},"type":"if","locations":[{"start":{"line":618,"column":8},"end":{"line":622,"column":9}},{"start":{},"end":{}}],"line":618},"61":{"loc":{"start":{"line":637,"column":8},"end":{"line":642,"column":9}},"type":"if","locations":[{"start":{"line":637,"column":8},"end":{"line":642,"column":9}},{"start":{},"end":{}}],"line":637},"62":{"loc":{"start":{"line":644,"column":8},"end":{"line":649,"column":9}},"type":"if","locations":[{"start":{"line":644,"column":8},"end":{"line":649,"column":9}},{"start":{},"end":{}}],"line":644},"63":{"loc":{"start":{"line":661,"column":46},"end":{"line":661,"column":58}},"type":"default-arg","locations":[{"start":{"line":661,"column":53},"end":{"line":661,"column":58}}],"line":661},"64":{"loc":{"start":{"line":666,"column":8},"end":{"line":667,"column":26}},"type":"if","locations":[{"start":{"line":666,"column":8},"end":{"line":667,"column":26}},{"start":{},"end":{}}],"line":666},"65":{"loc":{"start":{"line":669,"column":8},"end":{"line":699,"column":63}},"type":"if","locations":[{"start":{"line":669,"column":8},"end":{"line":699,"column":63}},{"start":{"line":699,"column":12},"end":{"line":699,"column":63}}],"line":669},"66":{"loc":{"start":{"line":670,"column":12},"end":{"line":697,"column":13}},"type":"if","locations":[{"start":{"line":670,"column":12},"end":{"line":697,"column":13}},{"start":{"line":693,"column":19},"end":{"line":697,"column":13}}],"line":670},"67":{"loc":{"start":{"line":672,"column":16},"end":{"line":692,"column":17}},"type":"if","locations":[{"start":{"line":672,"column":16},"end":{"line":692,"column":17}},{"start":{},"end":{}}],"line":672},"68":{"loc":{"start":{"line":674,"column":20},"end":{"line":679,"column":21}},"type":"if","locations":[{"start":{"line":674,"column":20},"end":{"line":679,"column":21}},{"start":{},"end":{}}],"line":674},"69":{"loc":{"start":{"line":682,"column":20},"end":{"line":687,"column":21}},"type":"if","locations":[{"start":{"line":682,"column":20},"end":{"line":687,"column":21}},{"start":{},"end":{}}],"line":682},"70":{"loc":{"start":{"line":688,"column":20},"end":{"line":689,"column":41}},"type":"if","locations":[{"start":{"line":688,"column":20},"end":{"line":689,"column":41}},{"start":{},"end":{}}],"line":688},"71":{"loc":{"start":{"line":690,"column":37},"end":{"line":690,"column":123}},"type":"cond-expr","locations":[{"start":{"line":690,"column":56},"end":{"line":690,"column":97}},{"start":{"line":690,"column":100},"end":{"line":690,"column":123}}],"line":690},"72":{"loc":{"start":{"line":695,"column":16},"end":{"line":696,"column":105}},"type":"if","locations":[{"start":{"line":695,"column":16},"end":{"line":696,"column":105}},{"start":{},"end":{}}],"line":695},"73":{"loc":{"start":{"line":702,"column":8},"end":{"line":740,"column":9}},"type":"if","locations":[{"start":{"line":702,"column":8},"end":{"line":740,"column":9}},{"start":{},"end":{}}],"line":702},"74":{"loc":{"start":{"line":704,"column":12},"end":{"line":709,"column":13}},"type":"if","locations":[{"start":{"line":704,"column":12},"end":{"line":709,"column":13}},{"start":{},"end":{}}],"line":704},"75":{"loc":{"start":{"line":712,"column":12},"end":{"line":717,"column":13}},"type":"if","locations":[{"start":{"line":712,"column":12},"end":{"line":717,"column":13}},{"start":{},"end":{}}],"line":712},"76":{"loc":{"start":{"line":720,"column":12},"end":{"line":725,"column":13}},"type":"if","locations":[{"start":{"line":720,"column":12},"end":{"line":725,"column":13}},{"start":{},"end":{}}],"line":720},"77":{"loc":{"start":{"line":728,"column":12},"end":{"line":733,"column":13}},"type":"if","locations":[{"start":{"line":728,"column":12},"end":{"line":733,"column":13}},{"start":{},"end":{}}],"line":728},"78":{"loc":{"start":{"line":742,"column":8},"end":{"line":747,"column":9}},"type":"if","locations":[{"start":{"line":742,"column":8},"end":{"line":747,"column":9}},{"start":{},"end":{}}],"line":742},"79":{"loc":{"start":{"line":756,"column":22},"end":{"line":756,"column":36}},"type":"default-arg","locations":[{"start":{"line":756,"column":35},"end":{"line":756,"column":36}}],"line":756},"80":{"loc":{"start":{"line":781,"column":8},"end":{"line":786,"column":9}},"type":"if","locations":[{"start":{"line":781,"column":8},"end":{"line":786,"column":9}},{"start":{},"end":{}}],"line":781},"81":{"loc":{"start":{"line":781,"column":12},"end":{"line":781,"column":136}},"type":"binary-expr","locations":[{"start":{"line":781,"column":12},"end":{"line":781,"column":51}},{"start":{"line":781,"column":55},"end":{"line":781,"column":93}},{"start":{"line":781,"column":97},"end":{"line":781,"column":136}}],"line":781},"82":{"loc":{"start":{"line":789,"column":8},"end":{"line":794,"column":9}},"type":"if","locations":[{"start":{"line":789,"column":8},"end":{"line":794,"column":9}},{"start":{},"end":{}}],"line":789},"83":{"loc":{"start":{"line":798,"column":8},"end":{"line":810,"column":9}},"type":"switch","locations":[{"start":{"line":799,"column":12},"end":{"line":802,"column":22}},{"start":{"line":803,"column":12},"end":{"line":806,"column":22}},{"start":{"line":807,"column":12},"end":{"line":809,"column":22}}],"line":798},"84":{"loc":{"start":{"line":812,"column":8},"end":{"line":817,"column":9}},"type":"if","locations":[{"start":{"line":812,"column":8},"end":{"line":817,"column":9}},{"start":{},"end":{}}],"line":812},"85":{"loc":{"start":{"line":836,"column":8},"end":{"line":841,"column":9}},"type":"if","locations":[{"start":{"line":836,"column":8},"end":{"line":841,"column":9}},{"start":{},"end":{}}],"line":836},"86":{"loc":{"start":{"line":844,"column":8},"end":{"line":849,"column":9}},"type":"if","locations":[{"start":{"line":844,"column":8},"end":{"line":849,"column":9}},{"start":{},"end":{}}],"line":844},"87":{"loc":{"start":{"line":851,"column":29},"end":{"line":851,"column":89}},"type":"cond-expr","locations":[{"start":{"line":851,"column":73},"end":{"line":851,"column":74}},{"start":{"line":851,"column":77},"end":{"line":851,"column":89}}],"line":851},"88":{"loc":{"start":{"line":851,"column":29},"end":{"line":851,"column":70}},"type":"binary-expr","locations":[{"start":{"line":851,"column":29},"end":{"line":851,"column":45}},{"start":{"line":851,"column":49},"end":{"line":851,"column":70}}],"line":851},"89":{"loc":{"start":{"line":864,"column":8},"end":{"line":869,"column":9}},"type":"if","locations":[{"start":{"line":864,"column":8},"end":{"line":869,"column":9}},{"start":{},"end":{}}],"line":864},"90":{"loc":{"start":{"line":889,"column":8},"end":{"line":894,"column":9}},"type":"if","locations":[{"start":{"line":889,"column":8},"end":{"line":894,"column":9}},{"start":{},"end":{}}],"line":889},"91":{"loc":{"start":{"line":899,"column":8},"end":{"line":904,"column":9}},"type":"if","locations":[{"start":{"line":899,"column":8},"end":{"line":904,"column":9}},{"start":{},"end":{}}],"line":899},"92":{"loc":{"start":{"line":899,"column":11},"end":{"line":899,"column":56}},"type":"binary-expr","locations":[{"start":{"line":899,"column":11},"end":{"line":899,"column":31}},{"start":{"line":899,"column":35},"end":{"line":899,"column":56}}],"line":899},"93":{"loc":{"start":{"line":921,"column":8},"end":{"line":926,"column":9}},"type":"if","locations":[{"start":{"line":921,"column":8},"end":{"line":926,"column":9}},{"start":{},"end":{}}],"line":921}},"s":{"0":5,"1":5,"2":5,"3":5,"4":5,"5":5,"6":5,"7":5,"8":19,"9":19,"10":19,"11":12,"12":12,"13":3,"14":3,"15":3,"16":3,"17":9,"18":9,"19":0,"20":9,"21":9,"22":14,"23":14,"24":3,"25":3,"26":3,"27":3,"28":11,"29":11,"30":1,"31":1,"32":1,"33":1,"34":10,"35":10,"36":0,"37":10,"38":10,"39":0,"40":10,"41":10,"42":10,"43":9,"44":1,"45":10,"46":0,"47":0,"48":0,"49":0,"50":10,"51":4,"52":4,"53":0,"54":4,"55":4,"56":4,"57":1,"58":4,"59":1,"60":1,"61":1,"62":3,"63":2,"64":2,"65":2,"66":1,"67":1,"68":1,"69":1,"70":1,"71":3,"72":3,"73":0,"74":3,"75":3,"76":3,"77":0,"78":3,"79":31,"80":31,"81":31,"82":1,"83":1,"84":1,"85":1,"86":30,"87":30,"88":0,"89":0,"90":0,"91":0,"92":30,"93":30,"94":30,"95":4,"96":4,"97":4,"98":4,"99":4,"100":1,"101":1,"102":1,"103":1,"104":3,"105":3,"106":1,"107":1,"108":1,"109":1,"110":2,"111":0,"112":0,"113":0,"114":0,"115":0,"116":0,"117":0,"118":0,"119":2,"120":2,"121":0,"122":0,"123":0,"124":0,"125":2,"126":2,"127":2,"128":0,"129":0,"130":0,"131":0,"132":2,"133":2,"134":2,"135":2,"136":4,"137":4,"138":4,"139":4,"140":4,"141":1,"142":1,"143":1,"144":1,"145":3,"146":3,"147":1,"148":1,"149":1,"150":1,"151":2,"152":0,"153":0,"154":0,"155":0,"156":0,"157":0,"158":0,"159":0,"160":2,"161":2,"162":0,"163":0,"164":0,"165":0,"166":2,"167":2,"168":2,"169":0,"170":0,"171":0,"172":0,"173":2,"174":2,"175":2,"176":2,"177":10,"178":10,"179":2,"180":10,"181":10,"182":2,"183":2,"184":2,"185":2,"186":2,"187":2,"188":2,"189":2,"190":8,"191":8,"192":9,"193":9,"194":2,"195":9,"196":9,"197":1,"198":1,"199":1,"200":1,"201":0,"202":0,"203":0,"204":0,"205":9,"206":9,"207":8,"208":8,"209":8,"210":2,"211":2,"212":2,"213":2,"214":6,"215":6,"216":1,"217":1,"218":1,"219":1,"220":5,"221":13,"222":13,"223":13,"224":2,"225":2,"226":2,"227":2,"228":11,"229":11,"230":1,"231":1,"232":1,"233":1,"234":10,"235":4,"236":4,"237":4,"238":4,"239":2,"240":2,"241":2,"242":2,"243":2,"244":2,"245":0,"246":0,"247":0,"248":0,"249":2,"250":2,"251":4,"252":4,"253":4,"254":2,"255":2,"256":2,"257":2,"258":2,"259":2,"260":2,"261":0,"262":0,"263":0,"264":0,"265":2,"266":2,"267":0,"268":0,"269":0,"270":0,"271":2,"272":2,"273":3,"274":1,"275":3,"276":3,"277":3,"278":31,"279":31,"280":3,"281":3,"282":3,"283":3,"284":28,"285":28,"286":6,"287":6,"288":6,"289":6,"290":22,"291":7,"292":7,"293":0,"294":0,"295":0,"296":0,"297":7,"298":1,"299":21,"300":21,"301":0,"302":0,"303":0,"304":0,"305":21,"306":71,"307":71,"308":3,"309":3,"310":3,"311":3,"312":68,"313":68,"314":10,"315":10,"316":10,"317":10,"318":58,"319":3,"320":3,"321":3,"322":1,"323":1,"324":1,"325":2,"326":2,"327":2,"328":0,"329":0,"330":0,"331":2,"332":17,"333":17,"334":17,"335":1,"336":1,"337":1,"338":1,"339":16,"340":16,"341":5,"342":5,"343":5,"344":5,"345":11,"346":11,"347":13,"348":13,"349":13,"350":13,"351":1,"352":12,"353":10,"354":5,"355":5,"356":3,"357":3,"358":1,"359":1,"360":1,"361":1,"362":2,"363":2,"364":0,"365":0,"366
[...]
,"/Users/Francesco/Documents/git/t6-playf3/code/back_end/models/UserModel.js": {"path":"/Users/Francesco/Documents/git/t6-playf3/code/back_end/models/UserModel.js","statementMap":{"0":{"start":{"line":1,"column":14},"end":{"line":1,"column":32}},"1":{"start":{"line":2,"column":16},"end":{"line":2,"column":41}},"2":{"start":{"line":5,"column":0},"end":{"line":158,"column":1}},"3":{"start":{"line":12,"column":8},"end":{"line":12,"column":22}},"4":{"start":{"line":23,"column":19},"end":{"line":23,"column":50}},"5":{"start":{"line":24,"column":8},"end":{"line":24,"column":57}},"6":{"start":{"line":25,"column":8},"end":{"line":25,"column":65}},"7":{"start":{"line":27,"column":20},"end":{"line":27,"column":112}},"8":{"start":{"line":29,"column":8},"end":{"line":35,"column":9}},"9":{"start":{"line":30,"column":25},"end":{"line":30,"column":58}},"10":{"start":{"line":31,"column":12},"end":{"line":31,"column":37}},"11":{"start":{"line":34,"column":12},"end":{"line":34,"column":21}},"12":{"start":{"line":47,"column":19},"end":{"line":47,"column":50}},"13":{"start":{"line":48,"column":8},"end":{"line":48,"column":33}},"14":{"start":{"line":49,"column":20},"end":{"line":49,"column":101}},"15":{"start":{"line":50,"column":8},"end":{"line":56,"column":9}},"16":{"start":{"line":51,"column":25},"end":{"line":51,"column":58}},"17":{"start":{"line":52,"column":12},"end":{"line":52,"column":42}},"18":{"start":{"line":55,"column":12},"end":{"line":55,"column":25}},"19":{"start":{"line":67,"column":19},"end":{"line":67,"column":50}},"20":{"start":{"line":68,"column":8},"end":{"line":68,"column":37}},"21":{"start":{"line":69,"column":20},"end":{"line":69,"column":101}},"22":{"start":{"line":70,"column":8},"end":{"line":76,"column":9}},"23":{"start":{"line":71,"column":25},"end":{"line":71,"column":58}},"24":{"start":{"line":72,"column":12},"end":{"line":72,"column":42}},"25":{"start":{"line":75,"column":12},"end":{"line":75,"column":25}},"26":{"start":{"line":86,"column":19},"end":{"line":86,"column":50}},"27":{"start":{"line":88,"column":8},"end":{"line":88,"column":37}},"28":{"start":{"line":90,"column":20},"end":{"line":90,"column":76}},"29":{"start":{"line":92,"column":8},"end":{"line":104,"column":9}},"30":{"start":{"line":93,"column":25},"end":{"line":93,"column":58}},"31":{"start":{"line":94,"column":25},"end":{"line":94,"column":38}},"32":{"start":{"line":95,"column":12},"end":{"line":95,"column":40}},"33":{"start":{"line":96,"column":12},"end":{"line":96,"column":44}},"34":{"start":{"line":97,"column":12},"end":{"line":97,"column":52}},"35":{"start":{"line":98,"column":12},"end":{"line":98,"column":80}},"36":{"start":{"line":99,"column":12},"end":{"line":99,"column":48}},"37":{"start":{"line":100,"column":12},"end":{"line":100,"column":26}},"38":{"start":{"line":103,"column":12},"end":{"line":103,"column":24}},"39":{"start":{"line":114,"column":19},"end":{"line":114,"column":50}},"40":{"start":{"line":116,"column":8},"end":{"line":116,"column":41}},"41":{"start":{"line":118,"column":20},"end":{"line":118,"column":80}},"42":{"start":{"line":120,"column":8},"end":{"line":131,"column":9}},"43":{"start":{"line":121,"column":25},"end":{"line":121,"column":58}},"44":{"start":{"line":122,"column":25},"end":{"line":122,"column":38}},"45":{"start":{"line":123,"column":12},"end":{"line":123,"column":40}},"46":{"start":{"line":124,"column":12},"end":{"line":124,"column":44}},"47":{"start":{"line":125,"column":12},"end":{"line":125,"column":52}},"48":{"start":{"line":126,"column":12},"end":{"line":126,"column":48}},"49":{"start":{"line":127,"column":12},"end":{"line":127,"column":26}},"50":{"start":{"line":130,"column":12},"end":{"line":130,"column":24}},"51":{"start":{"line":142,"column":19},"end":{"line":142,"column":50}},"52":{"start":{"line":143,"column":8},"end":{"line":143,"column":37}},"53":{"start":{"line":144,"column":8},"end":{"line":144,"column":43}},"54":{"start":{"line":146,"column":20},"end":{"line":146,"column":85}},"55":{"start":{"line":148,"column":8},"end":{"line":154,"column":9}},"56":{"start":{"line":149,"column":12},"end":{"line":149,"column":46}},"57":{"start":{"line":150,"column":12},"end":{"line":150,"column":23}},"58":{"start":{"line":153,"column":12},"end":{"line":153,"column":25}}},"fnMap":{"0":{"name":"(anonymous_0)","decl":{"start":{"line":11,"column":4},"end":{"line":11,"column":5}},"loc":{"start":{"line":11,"column":32},"end":{"line":13,"column":5}},"line":11},"1":{"name":"(anonymous_1)","decl":{"start":{"line":22,"column":4},"end":{"line":22,"column":5}},"loc":{"start":{"line":22,"column":34},"end":{"line":36,"column":5}},"line":22},"2":{"name":"(anonymous_2)","decl":{"start":{"line":46,"column":4},"end":{"line":46,"column":5}},"loc":{"start":{"line":46,"column":30},"end":{"line":58,"column":5}},"line":46},"3":{"name":"(anonymous_3)","decl":{"start":{"line":66,"column":4},"end":{"line":66,"column":5}},"loc":{"start":{"line":66,"column":30},"end":{"line":77,"column":5}},"line":66},"4":{"name":"(anonymous_4)","decl":{"start":{"line":85,"column":4},"end":{"line":85,"column":5}},"loc":{"start":{"line":85,"column":30},"end":{"line":105,"column":5}},"line":85},"5":{"name":"(anonymous_5)","decl":{"start":{"line":113,"column":4},"end":{"line":113,"column":5}},"loc":{"start":{"line":113,"column":34},"end":{"line":132,"column":5}},"line":113},"6":{"name":"(anonymous_6)","decl":{"start":{"line":141,"column":4},"end":{"line":141,"column":5}},"loc":{"start":{"line":141,"column":41},"end":{"line":155,"column":5}},"line":141}},"branchMap":{"0":{"loc":{"start":{"line":11,"column":16},"end":{"line":11,"column":30}},"type":"default-arg","locations":[{"start":{"line":11,"column":25},"end":{"line":11,"column":30}}],"line":11}},"s":{"0":8,"1":8,"2":8,"3":31,"4":15,"5":15,"6":15,"7":15,"8":15,"9":15,"10":14,"11":1,"12":27,"13":27,"14":27,"15":27,"16":27,"17":27,"18":0,"19":64,"20":64,"21":64,"22":64,"23":64,"24":64,"25":0,"26":16,"27":16,"28":16,"29":16,"30":16,"31":16,"32":16,"33":15,"34":15,"35":15,"36":15,"37":15,"38":1,"39":13,"40":13,"41":13,"42":13,"43":13,"44":13,"45":13,"46":12,"47":12,"48":12,"49":12,"50":1,"51":7,"52":7,"53":7,"54":7,"55":7,"56":7,"57":6,"58":1},"f":{"0":31,"1":15,"2":27,"3":64,"4":16,"5":13,"6":7},"b":{"0":[4]},"_coverageSchema":"1a1c01bbd47fc00a2c39e90264f33305004495a9","hash":"8696540a1802d17b4b15baf0d59e3d77ca5f9130"}
,"/Users/Francesco/Documents/git/t6-playf3/code/back_end/utils/eloCalculation.js": {"path":"/Users/Francesco/Documents/git/t6-playf3/code/back_end/utils/eloCalculation.js","statementMap":{"0":{"start":{"line":1,"column":14},"end":{"line":1,"column":33}},"1":{"start":{"line":2,"column":10},"end":{"line":2,"column":25}},"2":{"start":{"line":6,"column":25},"end":{"line":6,"column":66}},"3":{"start":{"line":7,"column":25},"end":{"line":7,"column":66}},"4":{"start":{"line":10,"column":19},"end":{"line":10,"column":35}},"5":{"start":{"line":12,"column":4},"end":{"line":12,"column":73}},"6":{"start":{"line":13,"column":4},"end":{"line":13,"column":77}},"7":{"start":{"line":15,"column":4},"end":{"line":15,"column":63}},"8":{"start":{"line":19,"column":0},"end":{"line":19,"column":30}}},"fnMap":{"0":{"name":"calculateElo","decl":{"start":{"line":4,"column":9},"end":{"line":4,"column":21}},"loc":{"start":{"line":4,"column":56},"end":{"line":16,"column":1}},"line":4}},"branchMap":{"0":{"loc":{"start":{"line":10,"column":19},"end":{"line":10,"column":35}},"type":"cond-expr","locations":[{"start":{"line":10,"column":30},"end":{"line":10,"column":31}},{"start":{"line":10,"column":34},"end":{"line":10,"column":35}}],"line":10}},"s":{"0":5,"1":5,"2":2,"3":2,"4":2,"5":2,"6":2,"7":2,"8":5},"f":{"0":2},"b":{"0":[1,1]},"_coverageSchema":"1a1c01bbd47fc00a2c39e90264f33305004495a9","hash":"d638fc6fd6f173246bf9bf9c6605c9e1a459e651"}
,"/Users/Francesco/Documents/git/t6-playf3/code/back_end/utils/randomPosition.js": {"path":"/Users/Francesco/Documents/git/t6-playf3/code/back_end/utils/randomPosition.js","statementMap":{"0":{"start":{"line":1,"column":15},"end":{"line":1,"column":22}},"1":{"start":{"line":2,"column":15},"end":{"line":2,"column":22}},"2":{"start":{"line":3,"column":19},"end":{"line":3,"column":26}},"3":{"start":{"line":4,"column":20},"end":{"line":4,"column":38}},"4":{"start":{"line":5,"column":27},"end":{"line":5,"column":31}},"5":{"start":{"line":9,"column":22},"end":{"line":9,"column":38}},"6":{"start":{"line":11,"column":14},"end":{"line":11,"column":63}},"7":{"start":{"line":12,"column":18},"end":{"line":12,"column":22}},"8":{"start":{"line":13,"column":18},"end":{"line":13,"column":22}},"9":{"start":{"line":15,"column":16},"end":{"line":15,"column":86}},"10":{"start":{"line":16,"column":4},"end":{"line":16,"column":15}},"11":{"start":{"line":20,"column":16},"end":{"line":20,"column":18}},"12":{"start":{"line":21,"column":16},"end":{"line":21,"column":18}},"13":{"start":{"line":22,"column":20},"end":{"line":22,"column":22}},"14":{"start":{"line":23,"column":4},"end":{"line":27,"column":5}},"15":{"start":{"line":23,"column":17},"end":{"line":23,"column":18}},"16":{"start":{"line":24,"column":8},"end":{"line":24,"column":43}},"17":{"start":{"line":25,"column":8},"end":{"line":25,"column":44}},"18":{"start":{"line":26,"column":8},"end":{"line":26,"column":60}},"19":{"start":{"line":29,"column":12},"end":{"line":29,"column":13}},"20":{"start":{"line":30,"column":24},"end":{"line":30,"column":25}},"21":{"start":{"line":31,"column":26},"end":{"line":31,"column":29}},"22":{"start":{"line":32,"column":4},"end":{"line":38,"column":5}},"23":{"start":{"line":32,"column":17},"end":{"line":32,"column":18}},"24":{"start":{"line":33,"column":8},"end":{"line":37,"column":9}},"25":{"start":{"line":34,"column":12},"end":{"line":34,"column":18}},"26":{"start":{"line":35,"column":12},"end":{"line":35,"column":62}},"27":{"start":{"line":36,"column":12},"end":{"line":36,"column":41}},"28":{"start":{"line":44,"column":4},"end":{"line":44,"column":32}},"29":{"start":{"line":47,"column":24},"end":{"line":47,"column":25}},"30":{"start":{"line":48,"column":24},"end":{"line":48,"column":25}},"31":{"start":{"line":50,"column":4},"end":{"line":89,"column":5}},"32":{"start":{"line":50,"column":17},"end":{"line":50,"column":18}},"33":{"start":{"line":51,"column":8},"end":{"line":69,"column":9}},"34":{"start":{"line":53,"column":16},"end":{"line":53,"column":35}},"35":{"start":{"line":54,"column":16},"end":{"line":54,"column":22}},"36":{"start":{"line":56,"column":16},"end":{"line":56,"column":35}},"37":{"start":{"line":57,"column":16},"end":{"line":57,"column":22}},"38":{"start":{"line":59,"column":16},"end":{"line":59,"column":35}},"39":{"start":{"line":60,"column":16},"end":{"line":60,"column":22}},"40":{"start":{"line":62,"column":16},"end":{"line":62,"column":35}},"41":{"start":{"line":63,"column":16},"end":{"line":63,"column":22}},"42":{"start":{"line":65,"column":16},"end":{"line":65,"column":35}},"43":{"start":{"line":66,"column":16},"end":{"line":66,"column":22}},"44":{"start":{"line":68,"column":16},"end":{"line":68,"column":22}},"45":{"start":{"line":70,"column":8},"end":{"line":88,"column":9}},"46":{"start":{"line":72,"column":16},"end":{"line":72,"column":35}},"47":{"start":{"line":73,"column":16},"end":{"line":73,"column":22}},"48":{"start":{"line":75,"column":16},"end":{"line":75,"column":35}},"49":{"start":{"line":76,"column":16},"end":{"line":76,"column":22}},"50":{"start":{"line":78,"column":16},"end":{"line":78,"column":35}},"51":{"start":{"line":79,"column":16},"end":{"line":79,"column":22}},"52":{"start":{"line":81,"column":16},"end":{"line":81,"column":35}},"53":{"start":{"line":82,"column":16},"end":{"line":82,"column":22}},"54":{"start":{"line":84,"column":16},"end":{"line":84,"column":35}},"55":{"start":{"line":85,"column":16},"end":{"line":85,"column":22}},"56":{"start":{"line":87,"column":16},"end":{"line":87,"column":22}},"57":{"start":{"line":91,"column":4},"end":{"line":91,"column":41}},"58":{"start":{"line":94,"column":14},"end":{"line":94,"column":16}},"59":{"start":{"line":95,"column":4},"end":{"line":115,"column":5}},"60":{"start":{"line":96,"column":8},"end":{"line":96,"column":34}},"61":{"start":{"line":97,"column":8},"end":{"line":99,"column":9}},"62":{"start":{"line":97,"column":21},"end":{"line":97,"column":22}},"63":{"start":{"line":98,"column":12},"end":{"line":98,"column":103}},"64":{"start":{"line":100,"column":8},"end":{"line":103,"column":9}},"65":{"start":{"line":100,"column":21},"end":{"line":100,"column":22}},"66":{"start":{"line":101,"column":12},"end":{"line":101,"column":34}},"67":{"start":{"line":101,"column":26},"end":{"line":101,"column":34}},"68":{"start":{"line":102,"column":12},"end":{"line":102,"column":101}},"69":{"start":{"line":104,"column":8},"end":{"line":104,"column":32}},"70":{"start":{"line":107,"column":8},"end":{"line":107,"column":34}},"71":{"start":{"line":108,"column":8},"end":{"line":111,"column":9}},"72":{"start":{"line":108,"column":21},"end":{"line":108,"column":22}},"73":{"start":{"line":109,"column":12},"end":{"line":109,"column":33}},"74":{"start":{"line":109,"column":25},"end":{"line":109,"column":33}},"75":{"start":{"line":110,"column":12},"end":{"line":110,"column":101}},"76":{"start":{"line":112,"column":8},"end":{"line":114,"column":9}},"77":{"start":{"line":112,"column":21},"end":{"line":112,"column":22}},"78":{"start":{"line":113,"column":12},"end":{"line":113,"column":103}},"79":{"start":{"line":116,"column":4},"end":{"line":116,"column":14}},"80":{"start":{"line":119,"column":4},"end":{"line":119,"column":43}},"81":{"start":{"line":119,"column":32},"end":{"line":119,"column":43}},"82":{"start":{"line":120,"column":4},"end":{"line":120,"column":68}},"83":{"start":{"line":123,"column":0},"end":{"line":123,"column":40}}},"fnMap":{"0":{"name":"randomStartingPosition","decl":{"start":{"line":8,"column":9},"end":{"line":8,"column":31}},"loc":{"start":{"line":8,"column":51},"end":{"line":17,"column":1}},"line":8},"1":{"name":"getTargetPositions","decl":{"start":{"line":19,"column":9},"end":{"line":19,"column":27}},"loc":{"start":{"line":19,"column":41},"end":{"line":45,"column":1}},"line":19},"2":{"name":"evaluatePosition","decl":{"start":{"line":46,"column":9},"end":{"line":46,"column":25}},"loc":{"start":{"line":46,"column":40},"end":{"line":92,"column":1}},"line":46},"3":{"name":"randomPlayerStart","decl":{"start":{"line":93,"column":9},"end":{"line":93,"column":26}},"loc":{"start":{"line":93,"column":41},"end":{"line":117,"column":1}},"line":93},"4":{"name":"setCharAt","decl":{"start":{"line":118,"column":9},"end":{"line":118,"column":18}},"loc":{"start":{"line":118,"column":36},"end":{"line":121,"column":1}},"line":118}},"branchMap":{"0":{"loc":{"start":{"line":15,"column":50},"end":{"line":15,"column":73}},"type":"cond-expr","locations":[{"start":{"line":15,"column":64},"end":{"line":15,"column":67}},{"start":{"line":15,"column":70},"end":{"line":15,"column":73}}],"line":15},"1":{"loc":{"start":{"line":33,"column":8},"end":{"line":37,"column":9}},"type":"if","locations":[{"start":{"line":33,"column":8},"end":{"line":37,"column":9}},{"start":{},"end":{}}],"line":33},"2":{"loc":{"start":{"line":51,"column":8},"end":{"line":69,"column":9}},"type":"switch","locations":[{"start":{"line":52,"column":12},"end":{"line":54,"column":22}},{"start":{"line":55,"column":12},"end":{"line":57,"column":22}},{"start":{"line":58,"column":12},"end":{"line":60,"column":22}},{"start":{"line":61,"column":12},"end":{"line":63,"column":22}},{"start":{"line":64,"column":12},"end":{"line":66,"column":22}},{"start":{"line":67,"column":12},"end":{"line":68,"column":22}}],"line":51},"3":{"loc":{"start":{"line":70,"column":8},"end":{"line":88,"column":9}},"type":"switch","locations":[{"start":{"line":71,"column":12},"end":{"line":73,"column":22}},{"start":{"line":74,"column":12},"end":{"line":76,"column":22}},{"start":{"line":77,"column":12},"end":{"line":79,"column":22}},{"start":{"line":80,"column":12},"end":{"line":82,"column":22}},{"start":{"line":83,"column":12},"end":{"line":85,"column":22}},{"start":{"line":86,"column":12},"end":{"line":87,"column":22}}],"line":70},"4":{"loc":{"start":{"line":93,"column":27},"end":{"line":93,"column":39}},"type":"default-arg","locations":[{"start":{"line":93,"column":35},"end":{"line":93,"column":39}}],"line":93},"5":{"loc":{"start":{"line":95,"column":4},"end":{"line":115,"column":5}},"type":"if","locations":[{"start":{"line":95,"column":4},"end":{"line":115,"column":5}},{"start":{"line":106,"column":9},"end":{"line":115,"column":5}}],"line":95},"6":{"loc":{"start":{"line":101,"column":12},"end":{"line":101,"column":34}},"type":"if","locations":[{"start":{"line":101,"column":12},"end":{"line":101,"column":34}},{"start":{},"end":{}}],"line":101},"7":{"loc":{"start":{"line":109,"column":12},"end":{"line":109,"column":33}},"type":"if","locations":[{"start":{"line":109,"column":12},"end":{"line":109,"column":33}},{"start":{},"end":{}}],"line":109},"8":{"loc":{"start":{"line":119,"column":4},"end":{"line":119,"column":43}},"type":"if","locations":[{"start":{"line":119,"column":4},"end":{"line":119,"column":43}},{"start":{},"end":{}}],"line":119}},"s":{"0":6,"1":6,"2":6,"3":6,"4":6,"5":34,"6":34,"7":34,"8":34,"9":34,"10":34,"11":34,"12":34,"13":34,"14":34,"15":34,"16":34000,"17":34000,"18":34000,"19":34,"20":34,"21":34,"22":34,"23":34,"24":34000,"25":197,"26":197,"27":197,"28":34,"29":34000,"30":34000,"31":34000,"32":34000,"33":578000,"34":47712,"35":47712,"36":64769,"37":64769,"38":131988,"39":131988,"40":132250,"41":132250,"42":133281,"43":133281,"44":68000,"45":578000,"46":47503,"47":47503,"48":64377,"49":64377,"50":132757,"51":132757,"52":133255,"53":133255,"54":132108,"55":132108,"56":68000,"57":34000,"58":68000,"59":68000,"60":34000,"61":34000,"62":34000,"63":272000,"64":34000,"65":34000,"66":272000,"67":34000,"68":238000,"69":34000,"70":34000,"71":34000,"72":34000,"73":272000,"74":34000,"75":238000,"76":34000,"77":34000,"78":272000,"79":68000,"80":1020000,"81":0,"82":1020000,"83":6},"f":{"0":34,"1":34,"2":34000,"3":68000,"4":1020000},"b":{"0":[31,3],"1":[197,33803],"2":[47712,64769,131988,132250,133281,68000],"3":[47503,64377,132757,133255,132108,68000],"4":[0],"5":[34000,34000],"6":[34000,238000],"7":[34000,238000],"8":[0,1020000]},"_coverageSchema":"1a1c01bbd47fc00a2c39e90264f33305004495a9","hash":"a6742c6df10548f833c8710599729d0eeccb9d76"}
}
