TN:
SF:code/back_end/index.js
FN:114,(anonymous_0)
FN:122,handleViewRequest
FN:129,(anonymous_2)
FN:133,(anonymous_3)
FN:137,(anonymous_4)
FN:141,(anonymous_5)
FN:145,(anonymous_6)
FN:150,(anonymous_7)
FN:155,(anonymous_8)
FN:160,(anonymous_9)
FN:165,(anonymous_10)
FN:169,(anonymous_11)
FN:174,close
FNF:13
FNH:4
FNDA:11,(anonymous_0)
FNDA:0,handleViewRequest
FNDA:0,(anonymous_2)
FNDA:0,(anonymous_3)
FNDA:0,(anonymous_4)
FNDA:0,(anonymous_5)
FNDA:0,(anonymous_6)
FNDA:0,(anonymous_7)
FNDA:0,(anonymous_8)
FNDA:0,(anonymous_9)
FNDA:3,(anonymous_10)
FNDA:3,(anonymous_11)
FNDA:3,close
DA:1,3
DA:2,3
DA:3,3
DA:4,3
DA:5,3
DA:6,3
DA:7,3
DA:8,3
DA:9,3
DA:12,3
DA:13,3
DA:14,3
DA:16,3
DA:22,3
DA:24,3
DA:25,3
DA:26,3
DA:27,3
DA:29,3
DA:36,3
DA:44,3
DA:46,3
DA:48,3
DA:50,3
DA:51,3
DA:52,3
DA:54,3
DA:56,3
DA:75,3
DA:77,3
DA:92,3
DA:96,3
DA:102,3
DA:105,3
DA:107,3
DA:108,3
DA:110,3
DA:111,3
DA:113,3
DA:114,6
DA:115,11
DA:120,3
DA:123,0
DA:124,0
DA:125,0
DA:126,0
DA:129,3
DA:130,0
DA:133,3
DA:134,0
DA:137,3
DA:138,0
DA:141,3
DA:142,0
DA:145,3
DA:146,0
DA:150,3
DA:151,0
DA:152,0
DA:155,3
DA:156,0
DA:157,0
DA:160,3
DA:161,0
DA:162,0
DA:165,3
DA:166,3
DA:169,3
DA:170,3
DA:175,3
DA:176,3
DA:179,3
LF:72
LH:57
BRF:0
BRH:0
end_of_record
TN:
SF:code/back_end/config/dbConn.js
FN:6,getMysqlConnection
FNF:1
FNH:1
FNDA:731,getMysqlConnection
DA:2,9
DA:3,9
DA:7,731
DA:8,722
DA:9,721
DA:11,1
DA:13,10
DA:20,10
DA:21,10
DA:22,10
DA:25,9
LF:11
LH:11
BRDA:7,0,0,722
BRDA:7,0,1,9
BRDA:7,1,0,731
BRDA:7,1,1,731
BRDA:8,2,0,721
BRDA:8,2,1,1
BRDA:15,3,0,0
BRDA:15,3,1,10
BRDA:17,4,0,0
BRDA:17,4,1,10
BRDA:18,5,0,0
BRDA:18,5,1,10
BRF:12
BRH:9
end_of_record
TN:
SF:code/back_end/config/playf3.js
FNF:0
FNH:0
DA:2,10
DA:89,10
LF:2
LH:2
BRF:0
BRH:0
end_of_record
TN:
SF:code/back_end/controllers/Controller.js
FN:8,(anonymous_0)
FN:16,(anonymous_1)
FN:29,(anonymous_2)
FN:44,(anonymous_3)
FN:56,(anonymous_4)
FN:63,(anonymous_5)
FN:71,(anonymous_6)
FN:81,(anonymous_7)
FNF:8
FNH:8
FNDA:55,(anonymous_0)
FNDA:452,(anonymous_1)
FNDA:54,(anonymous_2)
FNDA:45,(anonymous_3)
FNDA:3,(anonymous_4)
FNDA:27,(anonymous_5)
FNDA:1,(anonymous_6)
FNDA:45,(anonymous_7)
DA:1,7
DA:2,7
DA:3,7
DA:4,7
DA:9,55
DA:17,452
DA:30,54
DA:31,54
DA:32,54
DA:33,53
DA:34,53
DA:36,1
DA:45,45
DA:46,45
DA:47,45
DA:48,45
DA:57,3
DA:64,27
DA:72,1
DA:73,1
DA:74,1
DA:75,1
DA:76,1
DA:77,1
DA:84,45
DA:85,5
DA:87,40
DA:89,45
DA:90,45
LF:29
LH:29
BRDA:81,0,0,21
BRDA:84,1,0,5
BRDA:84,1,1,40
BRDA:89,2,0,0
BRDA:89,2,1,45
BRF:5
BRH:4
end_of_record
TN:
SF:code/back_end/controllers/MatchController.js
FN:13,(anonymous_0)
FN:27,(anonymous_1)
FN:54,(anonymous_2)
FN:110,(anonymous_3)
FN:133,(anonymous_4)
FN:152,(anonymous_5)
FN:166,(anonymous_6)
FN:180,(anonymous_7)
FN:206,(anonymous_8)
FN:267,(anonymous_9)
FN:331,(anonymous_10)
FN:360,(anonymous_11)
FN:392,(anonymous_12)
FN:421,(anonymous_13)
FN:449,(anonymous_14)
FN:478,(anonymous_15)
FN:513,(anonymous_16)
FN:529,(anonymous_17)
FN:578,(anonymous_18)
FN:605,(anonymous_19)
FN:633,(anonymous_20)
FN:661,(anonymous_21)
FN:756,(anonymous_22)
FN:765,(anonymous_23)
FN:778,(anonymous_24)
FN:833,(anonymous_25)
FN:859,(anonymous_26)
FN:880,(anonymous_27)
FN:917,(anonymous_28)
FN:934,(anonymous_29)
FNF:30
FNH:29
FNDA:19,(anonymous_0)
FNDA:12,(anonymous_1)
FNDA:14,(anonymous_2)
FNDA:4,(anonymous_3)
FNDA:2,(anonymous_4)
FNDA:3,(anonymous_5)
FNDA:3,(anonymous_6)
FNDA:31,(anonymous_7)
FNDA:4,(anonymous_8)
FNDA:4,(anonymous_9)
FNDA:10,(anonymous_10)
FNDA:9,(anonymous_11)
FNDA:8,(anonymous_12)
FNDA:13,(anonymous_13)
FNDA:4,(anonymous_14)
FNDA:4,(anonymous_15)
FNDA:3,(anonymous_16)
FNDA:31,(anonymous_17)
FNDA:71,(anonymous_18)
FNDA:3,(anonymous_19)
FNDA:17,(anonymous_20)
FNDA:13,(anonymous_21)
FNDA:3,(anonymous_22)
FNDA:2,(anonymous_23)
FNDA:22,(anonymous_24)
FNDA:3,(anonymous_25)
FNDA:2,(anonymous_26)
FNDA:4,(anonymous_27)
FNDA:4,(anonymous_28)
FNDA:0,(anonymous_29)
DA:1,5
DA:2,5
DA:3,5
DA:4,5
DA:5,5
DA:6,5
DA:7,5
DA:8,5
DA:14,19
DA:15,19
DA:16,19
DA:28,12
DA:29,12
DA:30,3
DA:31,3
DA:32,3
DA:33,3
DA:36,9
DA:37,9
DA:38,0
DA:40,9
DA:42,9
DA:55,14
DA:56,14
DA:57,3
DA:58,3
DA:59,3
DA:60,3
DA:63,11
DA:64,11
DA:65,1
DA:66,1
DA:67,1
DA:68,1
DA:71,10
DA:72,10
DA:73,0
DA:75,10
DA:77,10
DA:79,0
DA:82,10
DA:83,10
DA:86,10
DA:87,9
DA:89,1
DA:92,10
DA:93,0
DA:94,0
DA:95,0
DA:96,0
DA:99,10
DA:111,4
DA:112,4
DA:113,0
DA:115,4
DA:116,4
DA:118,4
DA:119,1
DA:121,4
DA:122,1
DA:123,1
DA:124,1
DA:127,3
DA:135,2
DA:137,2
DA:138,2
DA:139,1
DA:140,1
DA:141,1
DA:143,1
DA:144,1
DA:153,3
DA:154,3
DA:155,0
DA:158,3
DA:167,3
DA:168,3
DA:169,0
DA:171,3
DA:181,31
DA:182,31
DA:183,31
DA:184,1
DA:185,1
DA:186,1
DA:187,1
DA:189,30
DA:190,30
DA:191,0
DA:192,0
DA:193,0
DA:194,0
DA:196,30
DA:197,30
DA:198,30
DA:207,4
DA:208,4
DA:209,4
DA:211,4
DA:212,4
DA:213,1
DA:214,1
DA:215,1
DA:216,1
DA:219,3
DA:220,3
DA:221,1
DA:222,1
DA:223,1
DA:224,1
DA:227,2
DA:228,0
DA:229,0
DA:230,0
DA:231,0
DA:232,0
DA:233,0
DA:234,0
DA:235,0
DA:239,2
DA:240,2
DA:241,0
DA:242,0
DA:243,0
DA:244,0
DA:247,2
DA:248,2
DA:249,2
DA:250,0
DA:251,0
DA:252,0
DA:253,0
DA:256,2
DA:257,2
DA:258,2
DA:259,2
DA:268,4
DA:269,4
DA:271,4
DA:273,4
DA:274,4
DA:275,1
DA:276,1
DA:277,1
DA:278,1
DA:281,3
DA:282,3
DA:283,1
DA:284,1
DA:285,1
DA:286,1
DA:289,2
DA:290,0
DA:291,0
DA:292,0
DA:293,0
DA:294,0
DA:295,0
DA:296,0
DA:297,0
DA:301,2
DA:302,2
DA:303,0
DA:304,0
DA:305,0
DA:306,0
DA:309,2
DA:310,2
DA:311,2
DA:312,0
DA:313,0
DA:314,0
DA:315,0
DA:318,2
DA:319,2
DA:320,2
DA:321,2
DA:332,10
DA:333,10
DA:334,2
DA:336,10
DA:338,10
DA:339,2
DA:340,2
DA:341,2
DA:342,2
DA:343,2
DA:344,2
DA:345,2
DA:346,2
DA:350,8
DA:351,8
DA:361,9
DA:363,9
DA:364,2
DA:366,9
DA:368,9
DA:369,1
DA:370,1
DA:371,1
DA:372,1
DA:373,0
DA:374,0
DA:375,0
DA:376,0
DA:380,9
DA:381,9
DA:393,8
DA:394,8
DA:395,8
DA:396,2
DA:397,2
DA:398,2
DA:399,2
DA:402,6
DA:403,6
DA:404,1
DA:405,1
DA:406,1
DA:407,1
DA:410,5
DA:422,13
DA:423,13
DA:424,13
DA:425,2
DA:426,2
DA:427,2
DA:428,2
DA:431,11
DA:432,11
DA:433,1
DA:434,1
DA:435,1
DA:436,1
DA:439,10
DA:450,4
DA:451,4
DA:452,4
DA:453,4
DA:454,2
DA:455,2
DA:456,2
DA:457,2
DA:460,2
DA:461,2
DA:462,0
DA:463,0
DA:464,0
DA:465,0
DA:468,2
DA:469,2
DA:479,4
DA:480,4
DA:481,4
DA:482,2
DA:483,2
DA:484,2
DA:485,2
DA:487,2
DA:488,2
DA:489,2
DA:490,0
DA:491,0
DA:492,0
DA:493,0
DA:496,2
DA:497,2
DA:498,0
DA:499,0
DA:500,0
DA:501,0
DA:504,2
DA:505,2
DA:514,3
DA:515,1
DA:516,3
DA:517,3
DA:518,3
DA:530,31
DA:531,31
DA:532,3
DA:533,3
DA:534,3
DA:535,3
DA:537,28
DA:539,28
DA:540,6
DA:541,6
DA:542,6
DA:543,6
DA:546,22
DA:547,7
DA:549,7
DA:550,0
DA:551,0
DA:552,0
DA:553,0
DA:555,7
DA:556,1
DA:560,21
DA:562,21
DA:563,0
DA:564,0
DA:565,0
DA:566,0
DA:569,21
DA:579,71
DA:580,71
DA:581,3
DA:582,3
DA:583,3
DA:584,3
DA:587,68
DA:589,68
DA:590,10
DA:591,10
DA:592,10
DA:593,10
DA:595,58
DA:606,3
DA:608,3
DA:609,3
DA:610,1
DA:611,1
DA:612,1
DA:616,2
DA:617,2
DA:618,2
DA:619,0
DA:620,0
DA:621,0
DA:624,2
DA:634,17
DA:636,17
DA:637,17
DA:638,1
DA:639,1
DA:640,1
DA:641,1
DA:643,16
DA:644,16
DA:645,5
DA:646,5
DA:647,5
DA:648,5
DA:650,11
DA:651,11
DA:662,13
DA:663,13
DA:664,13
DA:666,13
DA:667,1
DA:669,12
DA:670,10
DA:671,5
DA:672,5
DA:673,3
DA:674,3
DA:675,1
DA:676,1
DA:677,1
DA:678,1
DA:681,2
DA:682,2
DA:683,0
DA:684,0
DA:685,0
DA:686,0
DA:688,2
DA:689,0
DA:690,2
DA:691,2
DA:694,5
DA:695,5
DA:696,4
DA:699,2
DA:702,11
DA:703,4
DA:704,4
DA:705,1
DA:706,1
DA:707,1
DA:708,1
DA:711,3
DA:712,3
DA:713,0
DA:714,0
DA:715,0
DA:716,0
DA:719,3
DA:720,3
DA:721,1
DA:722,1
DA:723,1
DA:724,1
DA:727,2
DA:728,2
DA:729,0
DA:730,0
DA:731,0
DA:732,0
DA:735,2
DA:736,2
DA:737,2
DA:738,2
DA:739,2
DA:742,9
DA:743,1
DA:744,1
DA:745,1
DA:746,1
DA:748,8
DA:757,3
DA:767,2
DA:768,2
DA:779,22
DA:781,22
DA:782,1
DA:783,1
DA:784,1
DA:785,1
DA:788,21
DA:789,21
DA:790,3
DA:791,3
DA:792,3
DA:793,3
DA:798,18
DA:800,3
DA:801,3
DA:802,3
DA:804,3
DA:805,3
DA:806,3
DA:808,12
DA:809,12
DA:812,18
DA:813,11
DA:814,11
DA:815,11
DA:816,11
DA:819,7
DA:820,7
DA:821,7
DA:823,7
DA:834,3
DA:835,3
DA:836,3
DA:837,1
DA:838,1
DA:839,1
DA:840,1
DA:843,2
DA:844,2
DA:845,0
DA:846,0
DA:847,0
DA:848,0
DA:851,2
DA:852,2
DA:860,2
DA:862,2
DA:864,2
DA:865,0
DA:866,0
DA:867,0
DA:868,0
DA:870,2
DA:871,2
DA:881,4
DA:882,4
DA:883,4
DA:884,4
DA:885,4
DA:887,4
DA:889,4
DA:890,2
DA:891,2
DA:892,2
DA:893,2
DA:896,2
DA:897,2
DA:899,2
DA:900,0
DA:901,0
DA:902,0
DA:903,0
DA:906,2
DA:907,2
DA:908,2
DA:918,4
DA:920,4
DA:921,4
DA:922,2
DA:923,2
DA:924,2
DA:925,2
DA:928,2
DA:929,2
DA:931,2
DA:935,0
LF:501
LH:402
BRDA:13,0,0,11
BRDA:29,1,0,3
BRDA:29,1,1,9
BRDA:37,2,0,0
BRDA:37,2,1,9
BRDA:56,3,0,3
BRDA:56,3,1,11
BRDA:64,4,0,1
BRDA:64,4,1,10
BRDA:72,5,0,0
BRDA:72,5,1,10
BRDA:77,6,0,0
BRDA:77,6,1,10
BRDA:86,7,0,9
BRDA:86,7,1,1
BRDA:92,8,0,0
BRDA:92,8,1,10
BRDA:110,9,0,2
BRDA:112,10,0,0
BRDA:112,10,1,4
BRDA:118,11,0,1
BRDA:118,11,1,3
BRDA:121,12,0,1
BRDA:121,12,1,3
BRDA:138,13,0,1
BRDA:138,13,1,1
BRDA:154,14,0,0
BRDA:154,14,1,3
BRDA:168,15,0,0
BRDA:168,15,1,3
BRDA:183,16,0,1
BRDA:183,16,1,30
BRDA:190,17,0,0
BRDA:190,17,1,30
BRDA:212,18,0,1
BRDA:212,18,1,3
BRDA:220,19,0,1
BRDA:220,19,1,2
BRDA:227,20,0,0
BRDA:227,20,1,2
BRDA:231,21,0,0
BRDA:231,21,1,0
BRDA:240,22,0,0
BRDA:240,22,1,2
BRDA:249,23,0,0
BRDA:249,23,1,2
BRDA:274,24,0,1
BRDA:274,24,1,3
BRDA:282,25,0,1
BRDA:282,25,1,2
BRDA:289,26,0,0
BRDA:289,26,1,2
BRDA:293,27,0,0
BRDA:293,27,1,0
BRDA:302,28,0,0
BRDA:302,28,1,2
BRDA:311,29,0,0
BRDA:311,29,1,2
BRDA:331,30,0,2
BRDA:333,31,0,2
BRDA:333,31,1,8
BRDA:338,32,0,2
BRDA:338,32,1,8
BRDA:342,33,0,2
BRDA:342,33,1,0
BRDA:360,34,0,2
BRDA:363,35,0,2
BRDA:363,35,1,7
BRDA:368,36,0,1
BRDA:368,36,1,8
BRDA:372,37,0,0
BRDA:372,37,1,1
BRDA:395,38,0,2
BRDA:395,38,1,6
BRDA:403,39,0,1
BRDA:403,39,1,5
BRDA:424,40,0,2
BRDA:424,40,1,11
BRDA:432,41,0,1
BRDA:432,41,1,10
BRDA:453,42,0,2
BRDA:453,42,1,2
BRDA:461,43,0,0
BRDA:461,43,1,2
BRDA:481,44,0,2
BRDA:481,44,1,2
BRDA:489,45,0,0
BRDA:489,45,1,2
BRDA:497,46,0,0
BRDA:497,46,1,2
BRDA:513,47,0,0
BRDA:514,48,0,1
BRDA:514,48,1,2
BRDA:529,49,0,30
BRDA:531,50,0,3
BRDA:531,50,1,28
BRDA:531,51,0,31
BRDA:531,51,1,28
BRDA:531,51,2,14
BRDA:531,51,3,5
BRDA:539,52,0,6
BRDA:539,52,1,22
BRDA:546,53,0,7
BRDA:546,53,1,15
BRDA:549,54,0,0
BRDA:549,54,1,7
BRDA:555,55,0,1
BRDA:555,55,1,6
BRDA:562,56,0,0
BRDA:562,56,1,21
BRDA:580,57,0,3
BRDA:580,57,1,68
BRDA:589,58,0,10
BRDA:589,58,1,58
BRDA:609,59,0,1
BRDA:609,59,1,2
BRDA:618,60,0,0
BRDA:618,60,1,2
BRDA:637,61,0,1
BRDA:637,61,1,16
BRDA:644,62,0,5
BRDA:644,62,1,11
BRDA:661,63,0,4
BRDA:666,64,0,1
BRDA:666,64,1,12
BRDA:669,65,0,10
BRDA:669,65,1,2
BRDA:670,66,0,5
BRDA:670,66,1,5
BRDA:672,67,0,3
BRDA:672,67,1,2
BRDA:674,68,0,1
BRDA:674,68,1,2
BRDA:682,69,0,0
BRDA:682,69,1,2
BRDA:688,70,0,0
BRDA:688,70,1,2
BRDA:690,71,0,1
BRDA:690,71,1,1
BRDA:695,72,0,4
BRDA:695,72,1,1
BRDA:702,73,0,4
BRDA:702,73,1,7
BRDA:704,74,0,1
BRDA:704,74,1,3
BRDA:712,75,0,0
BRDA:712,75,1,3
BRDA:720,76,0,1
BRDA:720,76,1,2
BRDA:728,77,0,0
BRDA:728,77,1,2
BRDA:742,78,0,1
BRDA:742,78,1,8
BRDA:756,79,0,0
BRDA:781,80,0,1
BRDA:781,80,1,21
BRDA:781,81,0,22
BRDA:781,81,1,7
BRDA:781,81,2,4
BRDA:789,82,0,3
BRDA:789,82,1,18
BRDA:798,83,0,3
BRDA:798,83,1,3
BRDA:798,83,2,12
BRDA:812,84,0,11
BRDA:812,84,1,7
BRDA:836,85,0,1
BRDA:836,85,1,2
BRDA:844,86,0,0
BRDA:844,86,1,2
BRDA:851,87,0,2
BRDA:851,87,1,0
BRDA:851,88,0,2
BRDA:851,88,1,2
BRDA:864,89,0,0
BRDA:864,89,1,2
BRDA:889,90,0,2
BRDA:889,90,1,2
BRDA:899,91,0,0
BRDA:899,91,1,2
BRDA:899,92,0,2
BRDA:899,92,1,2
BRDA:921,93,0,2
BRDA:921,93,1,2
BRF:184
BRH:148
end_of_record
TN:
SF:code/back_end/controllers/SocketController.js
FN:11,(anonymous_0)
FN:16,(anonymous_1)
FN:39,(anonymous_2)
FN:80,(anonymous_3)
FN:118,(anonymous_4)
FN:129,(anonymous_5)
FN:164,(anonymous_6)
FN:199,(anonymous_7)
FN:212,(anonymous_8)
FN:227,(anonymous_9)
FN:244,(anonymous_10)
FN:254,(anonymous_11)
FN:264,(anonymous_12)
FN:285,(anonymous_13)
FNF:14
FNH:12
FNDA:8,(anonymous_0)
FNDA:11,(anonymous_1)
FNDA:3,(anonymous_2)
FNDA:3,(anonymous_3)
FNDA:1,(anonymous_4)
FNDA:2,(anonymous_5)
FNDA:2,(anonymous_6)
FNDA:34,(anonymous_7)
FNDA:2,(anonymous_8)
FNDA:1,(anonymous_9)
FNDA:2,(anonymous_10)
FNDA:0,(anonymous_11)
FNDA:1,(anonymous_12)
FNDA:0,(anonymous_13)
DA:1,4
DA:2,4
DA:3,4
DA:4,4
DA:5,4
DA:6,4
DA:8,4
DA:12,8
DA:13,8
DA:17,11
DA:18,11
DA:19,11
DA:21,11
DA:22,11
DA:23,11
DA:25,11
DA:26,0
DA:27,0
DA:28,0
DA:29,0
DA:32,11
DA:40,3
DA:42,3
DA:43,3
DA:45,3
DA:46,2
DA:47,2
DA:50,3
DA:51,3
DA:52,3
DA:53,3
DA:54,0
DA:56,3
DA:57,3
DA:58,1
DA:60,2
DA:61,2
DA:62,1
DA:64,1
DA:65,1
DA:66,0
DA:70,1
DA:71,1
DA:73,1
DA:81,3
DA:83,3
DA:84,3
DA:86,3
DA:87,3
DA:88,3
DA:91,3
DA:92,3
DA:93,3
DA:94,3
DA:95,0
DA:97,3
DA:98,3
DA:99,1
DA:101,2
DA:103,2
DA:104,1
DA:106,1
DA:107,1
DA:108,0
DA:112,1
DA:113,1
DA:115,1
DA:119,1
DA:120,1
DA:121,1
DA:123,1
DA:124,1
DA:125,1
DA:126,1
DA:130,2
DA:132,2
DA:133,2
DA:135,2
DA:136,2
DA:137,2
DA:140,2
DA:141,2
DA:142,2
DA:143,2
DA:144,0
DA:146,2
DA:147,2
DA:148,0
DA:151,2
DA:152,2
DA:153,1
DA:155,1
DA:156,1
DA:165,2
DA:167,2
DA:168,2
DA:170,2
DA:171,2
DA:172,2
DA:173,0
DA:175,2
DA:176,2
DA:177,1
DA:179,1
DA:180,0
DA:182,1
DA:183,1
DA:184,0
DA:187,1
DA:188,1
DA:189,1
DA:200,34
DA:201,34
DA:202,34
DA:204,0
DA:213,2
DA:214,2
DA:215,2
DA:216,1
DA:217,1
DA:219,1
DA:228,1
DA:229,1
DA:230,1
DA:231,1
DA:245,2
DA:255,0
DA:256,0
DA:265,1
DA:266,1
DA:267,1
DA:270,1
DA:271,1
DA:272,1
DA:273,1
DA:274,1
DA:276,1
DA:277,0
DA:278,0
DA:279,0
DA:280,0
DA:282,1
DA:286,0
LF:143
LH:122
BRDA:11,0,0,7
BRDA:19,1,0,0
BRDA:19,1,1,11
BRDA:25,2,0,0
BRDA:25,2,1,11
BRDA:45,3,0,2
BRDA:45,3,1,1
BRDA:53,4,0,0
BRDA:53,4,1,3
BRDA:57,5,0,1
BRDA:57,5,1,2
BRDA:61,6,0,1
BRDA:61,6,1,1
BRDA:65,7,0,0
BRDA:65,7,1,1
BRDA:86,8,0,3
BRDA:86,8,1,0
BRDA:94,9,0,0
BRDA:94,9,1,3
BRDA:98,10,0,1
BRDA:98,10,1,2
BRDA:103,11,0,1
BRDA:103,11,1,1
BRDA:107,12,0,0
BRDA:107,12,1,1
BRDA:119,13,0,1
BRDA:119,13,1,0
BRDA:135,14,0,2
BRDA:135,14,1,0
BRDA:143,15,0,0
BRDA:143,15,1,2
BRDA:147,16,0,0
BRDA:147,16,1,2
BRDA:152,17,0,1
BRDA:152,17,1,1
BRDA:172,18,0,0
BRDA:172,18,1,2
BRDA:176,19,0,1
BRDA:176,19,1,1
BRDA:179,20,0,0
BRDA:179,20,1,1
BRDA:183,21,0,0
BRDA:183,21,1,1
BRDA:199,22,0,1
BRDA:201,23,0,34
BRDA:201,23,1,0
BRDA:215,24,0,1
BRDA:215,24,1,1
BRDA:244,25,0,1
BRDA:265,26,0,1
BRDA:265,26,1,0
BRDA:276,27,0,0
BRDA:276,27,1,1
BRF:53
BRH:36
end_of_record
TN:
SF:code/back_end/controllers/SocketEvents.js
FN:6,(anonymous_0)
FN:16,(anonymous_1)
FN:39,(anonymous_2)
FN:50,(anonymous_3)
FN:61,(anonymous_4)
FN:68,(anonymous_5)
FN:73,(anonymous_6)
FN:77,(anonymous_7)
FN:85,(anonymous_8)
FN:89,(anonymous_9)
FN:108,(anonymous_10)
FN:120,(anonymous_11)
FN:135,(anonymous_12)
FN:149,(anonymous_13)
FN:152,(anonymous_14)
FN:162,(anonymous_15)
FNF:16
FNH:4
FNDA:3,(anonymous_0)
FNDA:11,(anonymous_1)
FNDA:11,(anonymous_2)
FNDA:11,(anonymous_3)
FNDA:0,(anonymous_4)
FNDA:0,(anonymous_5)
FNDA:0,(anonymous_6)
FNDA:0,(anonymous_7)
FNDA:0,(anonymous_8)
FNDA:0,(anonymous_9)
FNDA:0,(anonymous_10)
FNDA:0,(anonymous_11)
FNDA:0,(anonymous_12)
FNDA:0,(anonymous_13)
FNDA:0,(anonymous_14)
FNDA:0,(anonymous_15)
DA:1,3
DA:2,3
DA:7,3
DA:8,3
DA:17,11
DA:18,11
DA:19,11
DA:20,11
DA:22,11
DA:23,0
DA:24,11
DA:25,11
DA:27,11
DA:40,11
DA:42,11
DA:44,11
DA:45,11
DA:47,0
DA:52,11
DA:53,11
DA:54,11
DA:56,11
DA:57,11
DA:58,0
DA:61,11
DA:62,0
DA:63,0
DA:65,0
DA:68,11
DA:69,0
DA:70,0
DA:73,11
DA:74,0
DA:77,11
DA:78,0
DA:79,0
DA:85,11
DA:86,0
DA:89,11
DA:90,0
DA:91,0
DA:92,0
DA:94,0
DA:95,0
DA:96,0
DA:109,0
DA:110,0
DA:111,0
DA:112,0
DA:114,0
DA:122,0
DA:123,0
DA:124,0
DA:126,0
DA:127,0
DA:128,0
DA:129,0
DA:130,0
DA:131,0
DA:132,0
DA:137,0
DA:138,0
DA:139,0
DA:140,0
DA:141,0
DA:142,0
DA:143,0
DA:144,0
DA:145,0
DA:150,0
DA:152,0
DA:153,0
DA:155,0
DA:156,0
DA:157,0
DA:158,0
DA:162,0
DA:163,0
DA:164,0
DA:165,0
DA:168,0
DA:170,0
DA:171,0
DA:173,0
DA:174,0
DA:175,0
DA:178,0
DA:179,0
DA:180,0
DA:181,0
DA:182,0
DA:183,0
DA:185,0
DA:186,0
DA:187,0
DA:188,0
DA:189,0
DA:190,0
LF:98
LH:27
BRDA:22,0,0,0
BRDA:22,0,1,11
BRDA:24,1,0,11
BRDA:24,1,1,0
BRDA:44,2,0,11
BRDA:44,2,1,0
BRDA:57,3,0,0
BRDA:57,3,1,11
BRDA:62,4,0,0
BRDA:62,4,1,0
BRDA:69,5,0,0
BRDA:69,5,1,0
BRDA:91,6,0,0
BRDA:91,6,1,0
BRDA:111,7,0,0
BRDA:111,7,1,0
BRDA:122,8,0,0
BRDA:122,8,1,0
BRDA:122,9,0,0
BRDA:122,9,1,0
BRDA:131,10,0,0
BRDA:131,10,1,0
BRDA:131,11,0,0
BRDA:131,11,1,0
BRDA:138,12,0,0
BRDA:138,12,1,0
BRDA:139,13,0,0
BRDA:139,13,1,0
BRDA:140,14,0,0
BRDA:140,14,1,0
BRDA:142,15,0,0
BRDA:142,15,1,0
BRDA:144,16,0,0
BRDA:144,16,1,0
BRDA:152,17,0,0
BRDA:153,18,0,0
BRDA:153,18,1,0
BRDA:153,19,0,0
BRDA:153,19,1,0
BRDA:153,19,2,0
BRDA:163,20,0,0
BRDA:163,20,1,0
BRDA:163,21,0,0
BRDA:163,21,1,0
BRDA:168,22,0,0
BRDA:168,22,1,0
BRDA:168,23,0,0
BRDA:168,23,1,0
BRDA:168,23,2,0
BRDA:173,24,0,0
BRDA:173,24,1,0
BRDA:178,25,0,0
BRDA:178,25,1,0
BRDA:181,26,0,0
BRDA:181,26,1,0
BRF:55
BRH:4
end_of_record
TN:
SF:code/back_end/controllers/UserController.js
FN:10,(anonymous_0)
FN:21,(anonymous_1)
FN:56,(anonymous_2)
FN:87,(anonymous_3)
FN:117,(anonymous_4)
FN:146,(anonymous_5)
FN:165,(anonymous_6)
FN:196,(anonymous_7)
FNF:8
FNH:8
FNDA:27,(anonymous_0)
FNDA:10,(anonymous_1)
FNDA:16,(anonymous_2)
FNDA:13,(anonymous_3)
FNDA:65,(anonymous_4)
FNDA:12,(anonymous_5)
FNDA:8,(anonymous_6)
FNDA:6,(anonymous_7)
DA:1,6
DA:2,6
DA:3,6
DA:6,6
DA:11,27
DA:12,27
DA:22,10
DA:23,10
DA:25,10
DA:26,2
DA:27,2
DA:28,2
DA:29,2
DA:33,8
DA:35,8
DA:37,8
DA:38,1
DA:39,1
DA:40,1
DA:41,1
DA:45,7
DA:46,7
DA:47,7
DA:57,16
DA:59,16
DA:61,16
DA:62,2
DA:63,2
DA:64,2
DA:65,2
DA:68,14
DA:70,14
DA:71,0
DA:72,0
DA:73,0
DA:74,0
DA:77,14
DA:78,14
DA:88,13
DA:90,13
DA:92,13
DA:93,2
DA:94,2
DA:95,2
DA:96,2
DA:99,11
DA:100,11
DA:101,0
DA:102,0
DA:103,0
DA:104,0
DA:107,11
DA:108,11
DA:118,65
DA:120,65
DA:121,3
DA:122,3
DA:123,3
DA:124,3
DA:127,62
DA:129,62
DA:130,12
DA:131,12
DA:132,12
DA:133,12
DA:135,50
DA:147,12
DA:148,12
DA:149,12
DA:150,3
DA:151,3
DA:152,3
DA:153,3
DA:155,9
DA:166,8
DA:167,8
DA:169,8
DA:170,1
DA:171,1
DA:172,1
DA:173,1
DA:176,7
DA:178,7
DA:179,2
DA:180,2
DA:181,2
DA:182,2
DA:185,5
DA:186,5
DA:198,6
DA:199,6
DA:201,6
DA:202,1
DA:203,1
DA:204,1
DA:205,1
DA:208,5
DA:210,5
LF:98
LH:90
BRDA:10,0,0,8
BRDA:25,1,0,2
BRDA:25,1,1,8
BRDA:37,2,0,1
BRDA:37,2,1,7
BRDA:61,3,0,2
BRDA:61,3,1,14
BRDA:70,4,0,0
BRDA:70,4,1,14
BRDA:92,5,0,2
BRDA:92,5,1,11
BRDA:100,6,0,0
BRDA:100,6,1,11
BRDA:120,7,0,3
BRDA:120,7,1,62
BRDA:129,8,0,12
BRDA:129,8,1,50
BRDA:149,9,0,3
BRDA:149,9,1,9
BRDA:169,10,0,1
BRDA:169,10,1,7
BRDA:178,11,0,2
BRDA:178,11,1,5
BRDA:201,12,0,1
BRDA:201,12,1,5
BRF:25
BRH:23
end_of_record
TN:
SF:code/back_end/drivers/apiDriver.js
FNF:0
FNH:0
DA:1,3
DA:2,3
DA:3,3
DA:4,3
DA:6,3
DA:7,3
DA:10,3
LF:7
LH:7
BRF:0
BRH:0
end_of_record
TN:
SF:code/back_end/drivers/matchDriver.js
FN:7,(anonymous_0)
FN:24,(anonymous_1)
FN:50,(anonymous_2)
FN:59,(anonymous_3)
FN:67,(anonymous_4)
FN:92,(anonymous_5)
FN:112,(anonymous_6)
FN:126,(anonymous_7)
FN:136,(anonymous_8)
FN:145,(anonymous_9)
FN:154,(anonymous_10)
FN:164,(anonymous_11)
FN:187,(anonymous_12)
FN:202,(anonymous_13)
FNF:14
FNH:13
FNDA:9,(anonymous_0)
FNDA:3,(anonymous_1)
FNDA:1,(anonymous_2)
FNDA:1,(anonymous_3)
FNDA:11,(anonymous_4)
FNDA:2,(anonymous_5)
FNDA:0,(anonymous_6)
FNDA:2,(anonymous_7)
FNDA:2,(anonymous_8)
FNDA:2,(anonymous_9)
FNDA:1,(anonymous_10)
FNDA:3,(anonymous_11)
FNDA:2,(anonymous_12)
FNDA:1,(anonymous_13)
DA:1,3
DA:2,3
DA:3,3
DA:4,3
DA:5,3
DA:7,3
DA:10,9
DA:11,9
DA:12,9
DA:13,7
DA:15,2
DA:17,9
DA:18,9
DA:19,7
DA:21,2
DA:24,3
DA:26,3
DA:27,1
DA:28,1
DA:31,2
DA:32,0
DA:33,0
DA:37,2
DA:38,2
DA:39,2
DA:40,1
DA:41,1
DA:43,1
DA:44,1
DA:45,1
DA:47,0
DA:50,3
DA:52,1
DA:53,1
DA:54,1
DA:56,0
DA:59,3
DA:60,1
DA:61,1
DA:62,1
DA:64,0
DA:67,3
DA:69,11
DA:70,11
DA:73,11
DA:74,2
DA:76,9
DA:79,11
DA:80,11
DA:81,1
DA:82,1
DA:85,10
DA:86,10
DA:87,8
DA:89,2
DA:92,3
DA:93,2
DA:94,1
DA:95,1
DA:98,1
DA:99,1
DA:101,1
DA:102,1
DA:104,1
DA:105,1
DA:106,1
DA:108,0
DA:112,3
DA:113,0
DA:114,0
DA:115,0
DA:118,0
DA:119,0
DA:120,0
DA:122,0
DA:126,3
DA:127,2
DA:128,2
DA:129,2
DA:130,1
DA:132,1
DA:136,3
DA:137,2
DA:138,2
DA:139,2
DA:140,1
DA:142,1
DA:145,3
DA:146,2
DA:147,2
DA:148,2
DA:149,1
DA:151,1
DA:154,3
DA:155,1
DA:156,1
DA:157,1
DA:158,1
DA:160,0
DA:164,3
DA:166,3
DA:167,1
DA:168,1
DA:172,2
DA:174,2
DA:175,2
DA:176,1
DA:177,1
DA:180,1
DA:181,1
DA:182,1
DA:184,0
DA:187,3
DA:188,2
DA:189,1
DA:190,1
DA:192,1
DA:193,1
DA:194,1
DA:195,1
DA:196,1
DA:198,0
DA:202,3
DA:203,1
DA:204,1
DA:205,1
DA:207,0
DA:210,3
LF:128
LH:111
BRDA:10,0,0,8
BRDA:10,0,1,1
BRDA:11,1,0,3
BRDA:11,1,1,6
BRDA:12,2,0,7
BRDA:12,2,1,2
BRDA:18,3,0,7
BRDA:18,3,1,2
BRDA:26,4,0,1
BRDA:26,4,1,2
BRDA:31,5,0,0
BRDA:31,5,1,2
BRDA:37,6,0,2
BRDA:37,6,1,0
BRDA:39,7,0,1
BRDA:39,7,1,1
BRDA:44,8,0,1
BRDA:44,8,1,0
BRDA:53,9,0,1
BRDA:53,9,1,0
BRDA:61,10,0,1
BRDA:61,10,1,0
BRDA:69,11,0,10
BRDA:69,11,1,1
BRDA:70,12,0,9
BRDA:70,12,1,2
BRDA:73,13,0,2
BRDA:73,13,1,9
BRDA:73,14,0,11
BRDA:73,14,1,9
BRDA:80,15,0,1
BRDA:80,15,1,10
BRDA:86,16,0,8
BRDA:86,16,1,2
BRDA:93,17,0,1
BRDA:93,17,1,1
BRDA:93,18,0,2
BRDA:93,18,1,1
BRDA:99,19,0,0
BRDA:99,19,1,1
BRDA:101,20,0,1
BRDA:101,20,1,0
BRDA:105,21,0,1
BRDA:105,21,1,0
BRDA:113,22,0,0
BRDA:113,22,1,0
BRDA:113,23,0,0
BRDA:113,23,1,0
BRDA:119,24,0,0
BRDA:119,24,1,0
BRDA:129,25,0,1
BRDA:129,25,1,1
BRDA:139,26,0,1
BRDA:139,26,1,1
BRDA:148,27,0,1
BRDA:148,27,1,1
BRDA:157,28,0,1
BRDA:157,28,1,0
BRDA:166,29,0,1
BRDA:166,29,1,2
BRDA:172,30,0,2
BRDA:172,30,1,0
BRDA:175,31,0,1
BRDA:175,31,1,1
BRDA:181,32,0,1
BRDA:181,32,1,0
BRDA:188,33,0,1
BRDA:188,33,1,1
BRDA:192,34,0,1
BRDA:192,34,1,0
BRDA:195,35,0,1
BRDA:195,35,1,0
BRDA:204,36,0,1
BRDA:204,36,1,0
BRF:74
BRH:54
end_of_record
TN:
SF:code/back_end/drivers/userDriver.js
FN:9,(anonymous_0)
FN:28,(anonymous_1)
FN:36,(anonymous_2)
FN:51,(anonymous_3)
FN:61,(anonymous_4)
FN:83,(anonymous_5)
FN:93,(anonymous_6)
FN:102,(anonymous_7)
FNF:8
FNH:8
FNDA:4,(anonymous_0)
FNDA:2,(anonymous_1)
FNDA:2,(anonymous_2)
FNDA:2,(anonymous_3)
FNDA:7,(anonymous_4)
FNDA:2,(anonymous_5)
FNDA:2,(anonymous_6)
FNDA:2,(anonymous_7)
DA:1,3
DA:2,3
DA:3,3
DA:4,3
DA:5,3
DA:6,3
DA:7,3
DA:9,3
DA:10,4
DA:11,2
DA:13,2
DA:14,2
DA:15,2
DA:16,2
DA:18,2
DA:20,2
DA:21,1
DA:23,1
DA:28,3
DA:29,2
DA:30,1
DA:32,1
DA:36,3
DA:37,2
DA:38,1
DA:39,1
DA:42,1
DA:43,1
DA:44,1
DA:45,1
DA:47,0
DA:51,3
DA:52,2
DA:53,2
DA:54,2
DA:55,1
DA:57,1
DA:61,3
DA:62,7
DA:63,2
DA:65,5
DA:66,5
DA:67,5
DA:68,5
DA:70,5
DA:72,5
DA:73,4
DA:74,4
DA:75,4
DA:76,4
DA:77,4
DA:79,1
DA:83,3
DA:84,2
DA:85,1
DA:86,1
DA:88,1
DA:93,3
DA:94,2
DA:95,2
DA:96,2
DA:97,1
DA:99,1
DA:102,3
DA:103,2
DA:104,2
DA:105,2
DA:106,1
DA:108,1
DA:113,3
LF:70
LH:69
BRDA:10,0,0,2
BRDA:10,0,1,2
BRDA:10,1,0,4
BRDA:10,1,1,4
BRDA:20,2,0,1
BRDA:20,2,1,1
BRDA:29,3,0,1
BRDA:29,3,1,1
BRDA:37,4,0,1
BRDA:37,4,1,1
BRDA:42,5,0,1
BRDA:42,5,1,0
BRDA:44,6,0,1
BRDA:44,6,1,0
BRDA:54,7,0,1
BRDA:54,7,1,1
BRDA:62,8,0,2
BRDA:62,8,1,5
BRDA:62,9,0,7
BRDA:62,9,1,7
BRDA:72,10,0,4
BRDA:72,10,1,1
BRDA:84,11,0,1
BRDA:84,11,1,1
BRDA:96,12,0,1
BRDA:96,12,1,1
BRDA:105,13,0,1
BRDA:105,13,1,1
BRF:28
BRH:26
end_of_record
TN:
SF:code/back_end/dto/MatchDto.js
FN:9,(anonymous_0)
FN:26,(anonymous_1)
FN:41,(anonymous_2)
FN:48,(anonymous_3)
FN:55,(anonymous_4)
FN:62,(anonymous_5)
FN:69,(anonymous_6)
FN:76,(anonymous_7)
FN:83,(anonymous_8)
FN:90,(anonymous_9)
FN:97,(anonymous_10)
FN:104,(anonymous_11)
FN:111,(anonymous_12)
FN:119,(anonymous_13)
FNF:14
FNH:14
FNDA:36,(anonymous_0)
FNDA:12,(anonymous_1)
FNDA:19,(anonymous_2)
FNDA:13,(anonymous_3)
FNDA:19,(anonymous_4)
FNDA:13,(anonymous_5)
FNDA:19,(anonymous_6)
FNDA:13,(anonymous_7)
FNDA:39,(anonymous_8)
FNDA:1,(anonymous_9)
FNDA:22,(anonymous_10)
FNDA:1,(anonymous_11)
FNDA:18,(anonymous_12)
FNDA:1,(anonymous_13)
DA:1,7
DA:10,36
DA:11,36
DA:12,36
DA:13,36
DA:14,36
DA:15,36
DA:16,36
DA:17,11
DA:18,11
DA:19,11
DA:20,11
DA:21,11
DA:22,11
DA:27,12
DA:42,19
DA:49,13
DA:56,19
DA:63,13
DA:70,19
DA:77,13
DA:84,39
DA:91,1
DA:98,22
DA:105,1
DA:112,18
DA:120,1
LF:27
LH:27
BRDA:9,0,0,25
BRDA:16,1,0,11
BRDA:16,1,1,25
BRF:3
BRH:3
end_of_record
TN:
SF:code/back_end/dto/UserDto.js
FN:9,(anonymous_0)
FN:23,(anonymous_1)
FN:37,(anonymous_2)
FN:45,(anonymous_3)
FN:54,(anonymous_4)
FN:63,(anonymous_5)
FN:71,(anonymous_6)
FN:80,(anonymous_7)
FN:88,(anonymous_8)
FN:95,(anonymous_9)
FN:103,(anonymous_10)
FN:107,(anonymous_11)
FN:114,(anonymous_12)
FNF:13
FNH:12
FNDA:64,(anonymous_0)
FNDA:35,(anonymous_1)
FNDA:10,(anonymous_2)
FNDA:28,(anonymous_3)
FNDA:61,(anonymous_4)
FNDA:69,(anonymous_5)
FNDA:16,(anonymous_6)
FNDA:27,(anonymous_7)
FNDA:2,(anonymous_8)
FNDA:60,(anonymous_9)
FNDA:45,(anonymous_10)
FNDA:0,(anonymous_11)
FNDA:1,(anonymous_12)
DA:2,10
DA:10,64
DA:11,64
DA:12,64
DA:13,64
DA:14,64
DA:15,15
DA:16,15
DA:17,15
DA:18,15
DA:19,15
DA:24,35
DA:38,10
DA:46,28
DA:55,61
DA:64,69
DA:72,16
DA:81,27
DA:89,2
DA:96,60
DA:104,45
DA:108,0
DA:115,1
LF:23
LH:22
BRDA:9,0,0,49
BRDA:14,1,0,15
BRDA:14,1,1,49
BRF:3
BRH:3
end_of_record
TN:
SF:code/back_end/models/MatchModel.js
FN:9,(anonymous_0)
FN:19,(anonymous_1)
FN:39,(anonymous_2)
FN:58,(anonymous_3)
FN:78,(anonymous_4)
FN:96,(anonymous_5)
FN:115,(anonymous_6)
FN:144,(anonymous_7)
FN:163,(anonymous_8)
FN:182,(anonymous_9)
FN:201,(anonymous_10)
FN:221,(anonymous_11)
FN:239,(anonymous_12)
FN:256,(anonymous_13)
FN:273,(anonymous_14)
FN:290,(anonymous_15)
FN:320,(anonymous_16)
FN:353,(anonymous_17)
FN:376,(anonymous_18)
FN:401,(anonymous_19)
FN:424,(anonymous_20)
FN:445,(anonymous_21)
FN:474,(anonymous_22)
FN:499,(anonymous_23)
FN:524,(anonymous_24)
FN:547,(anonymous_25)
FN:573,(anonymous_26)
FN:600,(anonymous_27)
FN:622,(anonymous_28)
FN:653,(anonymous_29)
FN:673,(anonymous_30)
FN:690,(anonymous_31)
FN:711,(anonymous_32)
FN:732,(anonymous_33)
FN:769,(anonymous_34)
FNF:35
FNH:35
FNDA:24,(anonymous_0)
FNDA:69,(anonymous_1)
FNDA:70,(anonymous_2)
FNDA:50,(anonymous_3)
FNDA:3,(anonymous_4)
FNDA:24,(anonymous_5)
FNDA:19,(anonymous_6)
FNDA:9,(anonymous_7)
FNDA:20,(anonymous_8)
FNDA:17,(anonymous_9)
FNDA:4,(anonymous_10)
FNDA:5,(anonymous_11)
FNDA:10,(anonymous_12)
FNDA:8,(anonymous_13)
FNDA:5,(anonymous_14)
FNDA:4,(anonymous_15)
FNDA:4,(anonymous_16)
FNDA:7,(anonymous_17)
FNDA:7,(anonymous_18)
FNDA:11,(anonymous_19)
FNDA:16,(anonymous_20)
FNDA:25,(anonymous_21)
FNDA:7,(anonymous_22)
FNDA:5,(anonymous_23)
FNDA:5,(anonymous_24)
FNDA:14,(anonymous_25)
FNDA:10,(anonymous_26)
FNDA:5,(anonymous_27)
FNDA:12,(anonymous_28)
FNDA:3,(anonymous_29)
FNDA:2,(anonymous_30)
FNDA:4,(anonymous_31)
FNDA:3,(anonymous_32)
FNDA:5,(anonymous_33)
FNDA:5,(anonymous_34)
DA:1,6
DA:2,6
DA:3,6
DA:5,6
DA:10,24
DA:20,69
DA:21,2
DA:23,67
DA:24,67
DA:25,67
DA:26,67
DA:27,67
DA:28,67
DA:30,0
DA:40,70
DA:41,70
DA:42,70
DA:43,70
DA:44,70
DA:45,70
DA:47,0
DA:59,50
DA:60,50
DA:61,50
DA:62,50
DA:64,50
DA:65,50
DA:66,50
DA:67,49
DA:69,1
DA:79,3
DA:80,3
DA:81,3
DA:82,3
DA:83,3
DA:84,3
DA:86,0
DA:97,24
DA:98,24
DA:99,24
DA:100,24
DA:101,24
DA:102,24
DA:103,24
DA:104,22
DA:106,2
DA:116,19
DA:117,19
DA:118,19
DA:123,19
DA:124,19
DA:125,19
DA:126,19
DA:127,13
DA:128,13
DA:129,13
DA:130,13
DA:131,13
DA:132,13
DA:134,6
DA:145,9
DA:146,9
DA:147,9
DA:150,9
DA:151,9
DA:152,9
DA:154,1
DA:164,20
DA:165,20
DA:166,20
DA:167,20
DA:168,20
DA:169,15
DA:172,5
DA:183,17
DA:184,17
DA:185,17
DA:186,17
DA:187,17
DA:188,16
DA:191,2
DA:202,4
DA:203,4
DA:204,4
DA:205,4
DA:206,4
DA:207,4
DA:208,3
DA:211,1
DA:222,5
DA:223,5
DA:224,5
DA:225,5
DA:226,5
DA:227,5
DA:228,1
DA:231,4
DA:240,10
DA:241,10
DA:242,10
DA:243,10
DA:244,10
DA:245,9
DA:248,1
DA:257,8
DA:258,8
DA:259,8
DA:260,8
DA:261,8
DA:262,6
DA:265,2
DA:274,5
DA:275,5
DA:276,5
DA:277,5
DA:278,5
DA:279,4
DA:282,1
DA:291,4
DA:292,4
DA:293,4
DA:306,4
DA:307,4
DA:308,3
DA:311,1
DA:321,4
DA:322,4
DA:323,4
DA:336,4
DA:337,4
DA:338,3
DA:341,1
DA:354,7
DA:355,7
DA:356,7
DA:359,7
DA:360,7
DA:361,6
DA:364,1
DA:377,7
DA:378,7
DA:379,7
DA:382,7
DA:383,7
DA:384,6
DA:387,1
DA:402,11
DA:403,11
DA:404,11
DA:405,11
DA:406,11
DA:407,11
DA:408,11
DA:409,10
DA:412,1
DA:425,16
DA:426,16
DA:427,16
DA:428,16
DA:429,16
DA:430,16
DA:431,16
DA:432,15
DA:435,1
DA:446,25
DA:447,25
DA:448,25
DA:449,21
DA:451,4
DA:453,25
DA:454,6
DA:456,19
DA:458,25
DA:459,25
DA:460,25
DA:461,24
DA:464,1
DA:475,7
DA:478,7
DA:479,7
DA:481,7
DA:482,6
DA:483,7
DA:484,7
DA:485,6
DA:488,1
DA:500,5
DA:501,5
DA:502,5
DA:503,5
DA:508,5
DA:509,5
DA:510,5
DA:513,2
DA:525,5
DA:526,5
DA:527,5
DA:528,5
DA:533,5
DA:534,5
DA:535,5
DA:538,2
DA:548,14
DA:549,14
DA:550,14
DA:555,14
DA:556,14
DA:557,14
DA:560,10
DA:574,10
DA:575,10
DA:576,10
DA:577,10
DA:579,10
DA:580,5
DA:582,5
DA:584,10
DA:585,10
DA:586,10
DA:587,8
DA:590,2
DA:601,5
DA:602,5
DA:603,5
DA:606,5
DA:607,5
DA:608,5
DA:611,0
DA:623,12
DA:624,12
DA:628,12
DA:629,7
DA:634,5
DA:639,12
DA:640,12
DA:641,12
DA:644,2
DA:654,3
DA:655,3
DA:660,3
DA:661,3
DA:662,3
DA:665,0
DA:674,2
DA:675,2
DA:676,2
DA:677,2
DA:678,2
DA:679,2
DA:682,0
DA:691,4
DA:693,4
DA:694,4
DA:695,4
DA:696,4
DA:697,2
DA:698,2
DA:699,2
DA:700,2
DA:703,0
DA:712,3
DA:714,3
DA:715,3
DA:716,3
DA:717,3
DA:718,2
DA:721,1
DA:733,5
DA:735,5
DA:736,5
DA:738,5
DA:751,5
DA:752,5
DA:753,4
DA:754,1
DA:755,3
DA:758,1
DA:770,5
DA:772,5
DA:773,5
DA:775,5
DA:788,5
DA:789,5
DA:790,4
DA:791,1
DA:792,3
DA:795,1
LF:287
LH:280
BRDA:9,0,0,5
BRDA:20,1,0,2
BRDA:20,1,1,67
BRDA:20,2,0,69
BRDA:20,2,1,60
BRDA:20,2,2,36
BRDA:20,2,3,26
BRDA:20,2,4,17
BRDA:448,3,0,21
BRDA:448,3,1,4
BRDA:453,4,0,6
BRDA:453,4,1,19
BRDA:474,5,0,1
BRDA:481,6,0,1
BRDA:481,6,1,6
BRDA:579,7,0,5
BRDA:579,7,1,5
BRDA:628,8,0,7
BRDA:628,8,1,5
BRDA:696,9,0,2
BRDA:696,9,1,2
BRDA:753,10,0,1
BRDA:753,10,1,3
BRDA:790,11,0,1
BRDA:790,11,1,3
BRF:25
BRH:25
end_of_record
TN:
SF:code/back_end/models/Model.js
FN:12,(anonymous_0)
FN:18,(anonymous_1)
FN:33,(anonymous_2)
FN:40,(anonymous_3)
FNF:4
FNH:4
FNDA:64,(anonymous_0)
FNDA:1,(anonymous_1)
FNDA:731,(anonymous_2)
FNDA:732,(anonymous_3)
DA:1,9
DA:3,9
DA:13,64
DA:14,64
DA:15,64
DA:19,1
DA:20,1
DA:21,1
DA:22,1
DA:25,0
DA:27,1
DA:34,731
DA:41,732
LF:13
LH:12
BRDA:12,0,0,1
BRF:1
BRH:1
end_of_record
TN:
SF:code/back_end/models/UserModel.js
FN:11,(anonymous_0)
FN:22,(anonymous_1)
FN:46,(anonymous_2)
FN:66,(anonymous_3)
FN:85,(anonymous_4)
FN:113,(anonymous_5)
FN:141,(anonymous_6)
FNF:7
FNH:7
FNDA:31,(anonymous_0)
FNDA:15,(anonymous_1)
FNDA:27,(anonymous_2)
FNDA:64,(anonymous_3)
FNDA:16,(anonymous_4)
FNDA:13,(anonymous_5)
FNDA:7,(anonymous_6)
DA:1,8
DA:2,8
DA:5,8
DA:12,31
DA:23,15
DA:24,15
DA:25,15
DA:27,15
DA:29,15
DA:30,15
DA:31,14
DA:34,1
DA:47,27
DA:48,27
DA:49,27
DA:50,27
DA:51,27
DA:52,27
DA:55,0
DA:67,64
DA:68,64
DA:69,64
DA:70,64
DA:71,64
DA:72,64
DA:75,0
DA:86,16
DA:88,16
DA:90,16
DA:92,16
DA:93,16
DA:94,16
DA:95,16
DA:96,15
DA:97,15
DA:98,15
DA:99,15
DA:100,15
DA:103,1
DA:114,13
DA:116,13
DA:118,13
DA:120,13
DA:121,13
DA:122,13
DA:123,13
DA:124,12
DA:125,12
DA:126,12
DA:127,12
DA:130,1
DA:142,7
DA:143,7
DA:144,7
DA:146,7
DA:148,7
DA:149,7
DA:150,6
DA:153,1
LF:59
LH:57
BRDA:11,0,0,4
BRF:1
BRH:1
end_of_record
TN:
SF:code/back_end/utils/eloCalculation.js
FN:4,calculateElo
FNF:1
FNH:1
FNDA:2,calculateElo
DA:1,5
DA:2,5
DA:6,2
DA:7,2
DA:10,2
DA:12,2
DA:13,2
DA:15,2
DA:19,5
LF:9
LH:9
BRDA:10,0,0,1
BRDA:10,0,1,1
BRF:2
BRH:2
end_of_record
TN:
SF:code/back_end/utils/randomPosition.js
FN:8,randomStartingPosition
FN:19,getTargetPositions
FN:46,evaluatePosition
FN:93,randomPlayerStart
FN:118,setCharAt
FNF:5
FNH:5
FNDA:34,randomStartingPosition
FNDA:34,getTargetPositions
FNDA:34000,evaluatePosition
FNDA:68000,randomPlayerStart
FNDA:1020000,setCharAt
DA:1,6
DA:2,6
DA:3,6
DA:4,6
DA:5,6
DA:9,34
DA:11,34
DA:12,34
DA:13,34
DA:15,34
DA:16,34
DA:20,34
DA:21,34
DA:22,34
DA:23,34
DA:24,34000
DA:25,34000
DA:26,34000
DA:29,34
DA:30,34
DA:31,34
DA:32,34
DA:33,34000
DA:34,197
DA:35,197
DA:36,197
DA:44,34
DA:47,34000
DA:48,34000
DA:50,34000
DA:51,578000
DA:53,47712
DA:54,47712
DA:56,64769
DA:57,64769
DA:59,131988
DA:60,131988
DA:62,132250
DA:63,132250
DA:65,133281
DA:66,133281
DA:68,68000
DA:70,578000
DA:72,47503
DA:73,47503
DA:75,64377
DA:76,64377
DA:78,132757
DA:79,132757
DA:81,133255
DA:82,133255
DA:84,132108
DA:85,132108
DA:87,68000
DA:91,34000
DA:94,68000
DA:95,68000
DA:96,34000
DA:97,34000
DA:98,272000
DA:100,34000
DA:101,272000
DA:102,238000
DA:104,34000
DA:107,34000
DA:108,34000
DA:109,272000
DA:110,238000
DA:112,34000
DA:113,272000
DA:116,68000
DA:119,1020000
DA:120,1020000
DA:123,6
LF:74
LH:74
BRDA:15,0,0,31
BRDA:15,0,1,3
BRDA:33,1,0,197
BRDA:33,1,1,33803
BRDA:51,2,0,47712
BRDA:51,2,1,64769
BRDA:51,2,2,131988
BRDA:51,2,3,132250
BRDA:51,2,4,133281
BRDA:51,2,5,68000
BRDA:70,3,0,47503
BRDA:70,3,1,64377
BRDA:70,3,2,132757
BRDA:70,3,3,133255
BRDA:70,3,4,132108
BRDA:70,3,5,68000
BRDA:93,4,0,0
BRDA:95,5,0,34000
BRDA:95,5,1,34000
BRDA:101,6,0,34000
BRDA:101,6,1,238000
BRDA:109,7,0,34000
BRDA:109,7,1,238000
BRDA:119,8,0,0
BRDA:119,8,1,1020000
BRF:25
BRH:23
end_of_record
